2023-11-09 19:53:34,104 WARNING libqtile sleep.py:start():L86 dbus-next is not installed. Cannot run inhibitor process.
2023-11-09 19:57:13,290 WARNING libqtile lifecycle.py:_atexit():L37 Qtile will now terminate
2023-11-09 19:58:37,042 ERROR libqtile manager.py:load_config():L116 Configuration error:
Traceback (most recent call last):
  File "/usr/lib/python3.11/site-packages/libqtile/core/manager.py", line 113, in load_config
    self.config.load()
  File "/usr/lib/python3.11/site-packages/libqtile/confreader.py", line 134, in load
    config = importlib.import_module(name)
             ^^^^^^^^^^^^^^^^^^^^^^^^^^^^^
  File "/usr/lib/python3.11/importlib/__init__.py", line 126, in import_module
    return _bootstrap._gcd_import(name[level:], package, level)
           ^^^^^^^^^^^^^^^^^^^^^^^^^^^^^^^^^^^^^^^^^^^^^^^^^^^^
  File "<frozen importlib._bootstrap>", line 1204, in _gcd_import
  File "<frozen importlib._bootstrap>", line 1176, in _find_and_load
  File "<frozen importlib._bootstrap>", line 1147, in _find_and_load_unlocked
  File "<frozen importlib._bootstrap>", line 690, in _load_unlocked
  File "<frozen importlib._bootstrap_external>", line 936, in exec_module
  File "<frozen importlib._bootstrap_external>", line 1074, in get_code
  File "<frozen importlib._bootstrap_external>", line 1004, in source_to_code
  File "<frozen importlib._bootstrap>", line 241, in _call_with_frames_removed
  File "/home/lalik/.config/qtile/config.py", line 30
    From libqtile.utils import guess_terminal
         ^^^^^^^^
SyntaxError: invalid syntax
2023-11-09 19:58:37,043 WARNING libqtile utils.py:send_notification():L280 dbus-next is not installed. Unable to send notifications.
2023-11-09 19:58:37,110 WARNING libqtile sleep.py:start():L86 dbus-next is not installed. Cannot run inhibitor process.
2023-11-09 20:09:53,119 WARNING libqtile core.py:graceful_shutdown():L908 Server disconnected, couldn't close windows gracefully.
2023-11-09 20:09:53,121 WARNING libqtile core.py:graceful_shutdown():L908 Server disconnected, couldn't close windows gracefully.
2023-11-09 20:09:53,136 WARNING libqtile lifecycle.py:_atexit():L37 Qtile will now terminate
2023-11-09 20:40:34,161 ERROR libqtile manager.py:load_config():L116 Configuration error:
Traceback (most recent call last):
  File "/usr/lib/python3.11/site-packages/libqtile/core/manager.py", line 113, in load_config
    self.config.load()
  File "/usr/lib/python3.11/site-packages/libqtile/confreader.py", line 134, in load
    config = importlib.import_module(name)
             ^^^^^^^^^^^^^^^^^^^^^^^^^^^^^
  File "/usr/lib/python3.11/importlib/__init__.py", line 126, in import_module
    return _bootstrap._gcd_import(name[level:], package, level)
           ^^^^^^^^^^^^^^^^^^^^^^^^^^^^^^^^^^^^^^^^^^^^^^^^^^^^
  File "<frozen importlib._bootstrap>", line 1204, in _gcd_import
  File "<frozen importlib._bootstrap>", line 1176, in _find_and_load
  File "<frozen importlib._bootstrap>", line 1147, in _find_and_load_unlocked
  File "<frozen importlib._bootstrap>", line 690, in _load_unlocked
  File "<frozen importlib._bootstrap_external>", line 936, in exec_module
  File "<frozen importlib._bootstrap_external>", line 1074, in get_code
  File "<frozen importlib._bootstrap_external>", line 1004, in source_to_code
  File "<frozen importlib._bootstrap>", line 241, in _call_with_frames_removed
  File "/home/lalik/.config/qtile/config.py", line 30
    From libqtile.utils import guess_terminal
         ^^^^^^^^
SyntaxError: invalid syntax
2023-11-09 20:40:34,169 WARNING libqtile utils.py:send_notification():L280 dbus-next is not installed. Unable to send notifications.
2023-11-09 20:40:34,252 WARNING libqtile sleep.py:start():L86 dbus-next is not installed. Cannot run inhibitor process.
2023-11-09 20:49:02,269 ERROR libqtile manager.py:process_key_event():L453 KB command error kill: No object window in path 'window'
2023-11-09 20:49:02,673 ERROR libqtile manager.py:process_key_event():L453 KB command error kill: No object window in path 'window'
2023-11-09 21:10:06,538 WARNING libqtile lifecycle.py:_atexit():L37 Qtile will now terminate
2023-11-09 21:10:15,253 ERROR libqtile manager.py:load_config():L116 Configuration error:
Traceback (most recent call last):
  File "/usr/lib/python3.11/site-packages/libqtile/core/manager.py", line 113, in load_config
    self.config.load()
  File "/usr/lib/python3.11/site-packages/libqtile/confreader.py", line 134, in load
    config = importlib.import_module(name)
             ^^^^^^^^^^^^^^^^^^^^^^^^^^^^^
  File "/usr/lib/python3.11/importlib/__init__.py", line 126, in import_module
    return _bootstrap._gcd_import(name[level:], package, level)
           ^^^^^^^^^^^^^^^^^^^^^^^^^^^^^^^^^^^^^^^^^^^^^^^^^^^^
  File "<frozen importlib._bootstrap>", line 1204, in _gcd_import
  File "<frozen importlib._bootstrap>", line 1176, in _find_and_load
  File "<frozen importlib._bootstrap>", line 1147, in _find_and_load_unlocked
  File "<frozen importlib._bootstrap>", line 690, in _load_unlocked
  File "<frozen importlib._bootstrap_external>", line 936, in exec_module
  File "<frozen importlib._bootstrap_external>", line 1074, in get_code
  File "<frozen importlib._bootstrap_external>", line 1004, in source_to_code
  File "<frozen importlib._bootstrap>", line 241, in _call_with_frames_removed
  File "/home/lalik/.config/qtile/config.py", line 30
    From libqtile.utils import guess_terminal
         ^^^^^^^^
SyntaxError: invalid syntax
2023-11-09 21:10:15,254 WARNING libqtile utils.py:send_notification():L280 dbus-next is not installed. Unable to send notifications.
2023-11-09 21:10:15,334 WARNING libqtile sleep.py:start():L86 dbus-next is not installed. Cannot run inhibitor process.
2023-11-09 21:21:44,617 WARNING libqtile lifecycle.py:_atexit():L37 Qtile will now terminate
2023-11-09 21:21:50,125 ERROR libqtile utils.py:import_class():L233 Unmet dependencies for 'libqtile.widget.net.Net':
Traceback (most recent call last):
  File "/usr/lib/python3.11/site-packages/libqtile/utils.py", line 230, in import_class
    module = importlib.import_module(module_path, __package__)
             ^^^^^^^^^^^^^^^^^^^^^^^^^^^^^^^^^^^^^^^^^^^^^^^^^
  File "/usr/lib/python3.11/importlib/__init__.py", line 126, in import_module
    return _bootstrap._gcd_import(name[level:], package, level)
           ^^^^^^^^^^^^^^^^^^^^^^^^^^^^^^^^^^^^^^^^^^^^^^^^^^^^
  File "<frozen importlib._bootstrap>", line 1204, in _gcd_import
  File "<frozen importlib._bootstrap>", line 1176, in _find_and_load
  File "<frozen importlib._bootstrap>", line 1147, in _find_and_load_unlocked
  File "<frozen importlib._bootstrap>", line 690, in _load_unlocked
  File "<frozen importlib._bootstrap_external>", line 940, in exec_module
  File "<frozen importlib._bootstrap>", line 241, in _call_with_frames_removed
  File "/usr/lib/python3.11/site-packages/libqtile/widget/net.py", line 25, in <module>
    import psutil
ModuleNotFoundError: No module named 'psutil'
2023-11-09 21:21:50,301 WARNING libqtile manager.py:grab_key():L477 Key spec duplicated, overriding previous: <Key (['mod4'], r)>
2023-11-09 21:21:50,310 WARNING libqtile sleep.py:start():L86 dbus-next is not installed. Cannot run inhibitor process.
2023-11-09 21:31:37,030 WARNING libqtile lifecycle.py:_atexit():L37 Qtile will now terminate
2023-11-09 21:31:41,761 ERROR libqtile utils.py:import_class():L233 Unmet dependencies for 'libqtile.widget.net.Net':
Traceback (most recent call last):
  File "/usr/lib/python3.11/site-packages/libqtile/utils.py", line 230, in import_class
    module = importlib.import_module(module_path, __package__)
             ^^^^^^^^^^^^^^^^^^^^^^^^^^^^^^^^^^^^^^^^^^^^^^^^^
  File "/usr/lib/python3.11/importlib/__init__.py", line 126, in import_module
    return _bootstrap._gcd_import(name[level:], package, level)
           ^^^^^^^^^^^^^^^^^^^^^^^^^^^^^^^^^^^^^^^^^^^^^^^^^^^^
  File "<frozen importlib._bootstrap>", line 1204, in _gcd_import
  File "<frozen importlib._bootstrap>", line 1176, in _find_and_load
  File "<frozen importlib._bootstrap>", line 1147, in _find_and_load_unlocked
  File "<frozen importlib._bootstrap>", line 690, in _load_unlocked
  File "<frozen importlib._bootstrap_external>", line 940, in exec_module
  File "<frozen importlib._bootstrap>", line 241, in _call_with_frames_removed
  File "/usr/lib/python3.11/site-packages/libqtile/widget/net.py", line 25, in <module>
    import psutil
ModuleNotFoundError: No module named 'psutil'
2023-11-09 21:31:41,870 WARNING libqtile manager.py:grab_key():L477 Key spec duplicated, overriding previous: <Key (['mod4'], r)>
2023-11-09 21:31:41,880 WARNING libqtile sleep.py:start():L86 dbus-next is not installed. Cannot run inhibitor process.
2023-11-09 21:32:33,573 ERROR libqtile manager.py:spawn():L1252 couldn't find `rofi`
2023-11-09 21:32:35,021 ERROR libqtile manager.py:spawn():L1252 couldn't find `rofi`
2023-11-09 21:32:35,180 ERROR libqtile manager.py:spawn():L1252 couldn't find `rofi`
2023-11-09 21:46:40,868 ERROR libqtile manager.py:process_key_event():L453 KB command error kill: No object window in path 'window'
2023-11-09 21:51:48,061 ERROR libqtile manager.py:spawn():L1252 couldn't find `scrot`
2023-11-09 22:23:26,697 WARNING libqtile lifecycle.py:_atexit():L37 Qtile will now terminate
2023-11-09 22:23:38,273 ERROR libqtile utils.py:import_class():L233 Unmet dependencies for 'libqtile.widget.net.Net':
Traceback (most recent call last):
  File "/usr/lib/python3.11/site-packages/libqtile/utils.py", line 230, in import_class
    module = importlib.import_module(module_path, __package__)
             ^^^^^^^^^^^^^^^^^^^^^^^^^^^^^^^^^^^^^^^^^^^^^^^^^
  File "/usr/lib/python3.11/importlib/__init__.py", line 126, in import_module
    return _bootstrap._gcd_import(name[level:], package, level)
           ^^^^^^^^^^^^^^^^^^^^^^^^^^^^^^^^^^^^^^^^^^^^^^^^^^^^
  File "<frozen importlib._bootstrap>", line 1204, in _gcd_import
  File "<frozen importlib._bootstrap>", line 1176, in _find_and_load
  File "<frozen importlib._bootstrap>", line 1147, in _find_and_load_unlocked
  File "<frozen importlib._bootstrap>", line 690, in _load_unlocked
  File "<frozen importlib._bootstrap_external>", line 940, in exec_module
  File "<frozen importlib._bootstrap>", line 241, in _call_with_frames_removed
  File "/usr/lib/python3.11/site-packages/libqtile/widget/net.py", line 25, in <module>
    import psutil
ModuleNotFoundError: No module named 'psutil'
2023-11-09 22:23:38,410 WARNING libqtile manager.py:grab_key():L477 Key spec duplicated, overriding previous: <Key (['mod4'], r)>
2023-11-09 22:23:38,420 WARNING libqtile sleep.py:start():L86 dbus-next is not installed. Cannot run inhibitor process.
2023-11-09 22:25:09,217 WARNING libqtile lifecycle.py:_atexit():L37 Qtile will now terminate
2023-11-09 22:25:14,421 ERROR libqtile utils.py:import_class():L233 Unmet dependencies for 'libqtile.widget.net.Net':
Traceback (most recent call last):
  File "/usr/lib/python3.11/site-packages/libqtile/utils.py", line 230, in import_class
    module = importlib.import_module(module_path, __package__)
             ^^^^^^^^^^^^^^^^^^^^^^^^^^^^^^^^^^^^^^^^^^^^^^^^^
  File "/usr/lib/python3.11/importlib/__init__.py", line 126, in import_module
    return _bootstrap._gcd_import(name[level:], package, level)
           ^^^^^^^^^^^^^^^^^^^^^^^^^^^^^^^^^^^^^^^^^^^^^^^^^^^^
  File "<frozen importlib._bootstrap>", line 1204, in _gcd_import
  File "<frozen importlib._bootstrap>", line 1176, in _find_and_load
  File "<frozen importlib._bootstrap>", line 1147, in _find_and_load_unlocked
  File "<frozen importlib._bootstrap>", line 690, in _load_unlocked
  File "<frozen importlib._bootstrap_external>", line 940, in exec_module
  File "<frozen importlib._bootstrap>", line 241, in _call_with_frames_removed
  File "/usr/lib/python3.11/site-packages/libqtile/widget/net.py", line 25, in <module>
    import psutil
ModuleNotFoundError: No module named 'psutil'
2023-11-09 22:25:14,588 WARNING libqtile manager.py:grab_key():L477 Key spec duplicated, overriding previous: <Key (['mod4'], r)>
2023-11-09 22:25:14,598 WARNING libqtile sleep.py:start():L86 dbus-next is not installed. Cannot run inhibitor process.
2023-11-09 23:37:30,703 ERROR libqtile utils.py:import_class():L233 Unmet dependencies for 'libqtile.widget.net.Net':
Traceback (most recent call last):
  File "/usr/lib/python3.11/site-packages/libqtile/utils.py", line 230, in import_class
    module = importlib.import_module(module_path, __package__)
             ^^^^^^^^^^^^^^^^^^^^^^^^^^^^^^^^^^^^^^^^^^^^^^^^^
  File "/usr/lib/python3.11/importlib/__init__.py", line 126, in import_module
    return _bootstrap._gcd_import(name[level:], package, level)
           ^^^^^^^^^^^^^^^^^^^^^^^^^^^^^^^^^^^^^^^^^^^^^^^^^^^^
  File "<frozen importlib._bootstrap>", line 1204, in _gcd_import
  File "<frozen importlib._bootstrap>", line 1176, in _find_and_load
  File "<frozen importlib._bootstrap>", line 1147, in _find_and_load_unlocked
  File "<frozen importlib._bootstrap>", line 690, in _load_unlocked
  File "<frozen importlib._bootstrap_external>", line 940, in exec_module
  File "<frozen importlib._bootstrap>", line 241, in _call_with_frames_removed
  File "/usr/lib/python3.11/site-packages/libqtile/widget/net.py", line 25, in <module>
    import psutil
ModuleNotFoundError: No module named 'psutil'
2023-11-09 23:37:30,735 WARNING libqtile lifecycle.py:_atexit():L33 Restarting Qtile with os.execv(...)
2023-11-09 23:37:31,261 ERROR libqtile utils.py:import_class():L233 Unmet dependencies for 'libqtile.widget.net.Net':
Traceback (most recent call last):
  File "/usr/lib/python3.11/site-packages/libqtile/utils.py", line 230, in import_class
    module = importlib.import_module(module_path, __package__)
             ^^^^^^^^^^^^^^^^^^^^^^^^^^^^^^^^^^^^^^^^^^^^^^^^^
  File "/usr/lib/python3.11/importlib/__init__.py", line 126, in import_module
    return _bootstrap._gcd_import(name[level:], package, level)
           ^^^^^^^^^^^^^^^^^^^^^^^^^^^^^^^^^^^^^^^^^^^^^^^^^^^^
  File "<frozen importlib._bootstrap>", line 1204, in _gcd_import
  File "<frozen importlib._bootstrap>", line 1176, in _find_and_load
  File "<frozen importlib._bootstrap>", line 1147, in _find_and_load_unlocked
  File "<frozen importlib._bootstrap>", line 690, in _load_unlocked
  File "<frozen importlib._bootstrap_external>", line 940, in exec_module
  File "<frozen importlib._bootstrap>", line 241, in _call_with_frames_removed
  File "/usr/lib/python3.11/site-packages/libqtile/widget/net.py", line 25, in <module>
    import psutil
ModuleNotFoundError: No module named 'psutil'
2023-11-09 23:37:31,366 WARNING libqtile manager.py:grab_key():L477 Key spec duplicated, overriding previous: <Key (['mod4'], r)>
2023-11-09 23:37:31,385 WARNING libqtile sleep.py:start():L86 dbus-next is not installed. Cannot run inhibitor process.
2023-11-09 23:38:54,813 ERROR libqtile utils.py:import_class():L233 Unmet dependencies for 'libqtile.widget.net.Net':
Traceback (most recent call last):
  File "/usr/lib/python3.11/site-packages/libqtile/utils.py", line 230, in import_class
    module = importlib.import_module(module_path, __package__)
             ^^^^^^^^^^^^^^^^^^^^^^^^^^^^^^^^^^^^^^^^^^^^^^^^^
  File "/usr/lib/python3.11/importlib/__init__.py", line 126, in import_module
    return _bootstrap._gcd_import(name[level:], package, level)
           ^^^^^^^^^^^^^^^^^^^^^^^^^^^^^^^^^^^^^^^^^^^^^^^^^^^^
  File "<frozen importlib._bootstrap>", line 1204, in _gcd_import
  File "<frozen importlib._bootstrap>", line 1176, in _find_and_load
  File "<frozen importlib._bootstrap>", line 1147, in _find_and_load_unlocked
  File "<frozen importlib._bootstrap>", line 690, in _load_unlocked
  File "<frozen importlib._bootstrap_external>", line 940, in exec_module
  File "<frozen importlib._bootstrap>", line 241, in _call_with_frames_removed
  File "/usr/lib/python3.11/site-packages/libqtile/widget/net.py", line 25, in <module>
    import psutil
ModuleNotFoundError: No module named 'psutil'
2023-11-09 23:38:54,853 WARNING libqtile lifecycle.py:_atexit():L33 Restarting Qtile with os.execv(...)
2023-11-09 23:38:55,380 ERROR libqtile utils.py:import_class():L233 Unmet dependencies for 'libqtile.widget.net.Net':
Traceback (most recent call last):
  File "/usr/lib/python3.11/site-packages/libqtile/utils.py", line 230, in import_class
    module = importlib.import_module(module_path, __package__)
             ^^^^^^^^^^^^^^^^^^^^^^^^^^^^^^^^^^^^^^^^^^^^^^^^^
  File "/usr/lib/python3.11/importlib/__init__.py", line 126, in import_module
    return _bootstrap._gcd_import(name[level:], package, level)
           ^^^^^^^^^^^^^^^^^^^^^^^^^^^^^^^^^^^^^^^^^^^^^^^^^^^^
  File "<frozen importlib._bootstrap>", line 1204, in _gcd_import
  File "<frozen importlib._bootstrap>", line 1176, in _find_and_load
  File "<frozen importlib._bootstrap>", line 1147, in _find_and_load_unlocked
  File "<frozen importlib._bootstrap>", line 690, in _load_unlocked
  File "<frozen importlib._bootstrap_external>", line 940, in exec_module
  File "<frozen importlib._bootstrap>", line 241, in _call_with_frames_removed
  File "/usr/lib/python3.11/site-packages/libqtile/widget/net.py", line 25, in <module>
    import psutil
ModuleNotFoundError: No module named 'psutil'
2023-11-09 23:38:55,478 WARNING libqtile manager.py:grab_key():L477 Key spec duplicated, overriding previous: <Key (['mod4'], r)>
2023-11-09 23:38:55,492 WARNING libqtile sleep.py:start():L86 dbus-next is not installed. Cannot run inhibitor process.
2023-11-09 23:39:04,377 ERROR libqtile utils.py:import_class():L233 Unmet dependencies for 'libqtile.widget.net.Net':
Traceback (most recent call last):
  File "/usr/lib/python3.11/site-packages/libqtile/utils.py", line 230, in import_class
    module = importlib.import_module(module_path, __package__)
             ^^^^^^^^^^^^^^^^^^^^^^^^^^^^^^^^^^^^^^^^^^^^^^^^^
  File "/usr/lib/python3.11/importlib/__init__.py", line 126, in import_module
    return _bootstrap._gcd_import(name[level:], package, level)
           ^^^^^^^^^^^^^^^^^^^^^^^^^^^^^^^^^^^^^^^^^^^^^^^^^^^^
  File "<frozen importlib._bootstrap>", line 1204, in _gcd_import
  File "<frozen importlib._bootstrap>", line 1176, in _find_and_load
  File "<frozen importlib._bootstrap>", line 1147, in _find_and_load_unlocked
  File "<frozen importlib._bootstrap>", line 690, in _load_unlocked
  File "<frozen importlib._bootstrap_external>", line 940, in exec_module
  File "<frozen importlib._bootstrap>", line 241, in _call_with_frames_removed
  File "/usr/lib/python3.11/site-packages/libqtile/widget/net.py", line 25, in <module>
    import psutil
ModuleNotFoundError: No module named 'psutil'
2023-11-09 23:39:04,420 WARNING libqtile lifecycle.py:_atexit():L33 Restarting Qtile with os.execv(...)
2023-11-09 23:39:04,939 ERROR libqtile utils.py:import_class():L233 Unmet dependencies for 'libqtile.widget.net.Net':
Traceback (most recent call last):
  File "/usr/lib/python3.11/site-packages/libqtile/utils.py", line 230, in import_class
    module = importlib.import_module(module_path, __package__)
             ^^^^^^^^^^^^^^^^^^^^^^^^^^^^^^^^^^^^^^^^^^^^^^^^^
  File "/usr/lib/python3.11/importlib/__init__.py", line 126, in import_module
    return _bootstrap._gcd_import(name[level:], package, level)
           ^^^^^^^^^^^^^^^^^^^^^^^^^^^^^^^^^^^^^^^^^^^^^^^^^^^^
  File "<frozen importlib._bootstrap>", line 1204, in _gcd_import
  File "<frozen importlib._bootstrap>", line 1176, in _find_and_load
  File "<frozen importlib._bootstrap>", line 1147, in _find_and_load_unlocked
  File "<frozen importlib._bootstrap>", line 690, in _load_unlocked
  File "<frozen importlib._bootstrap_external>", line 940, in exec_module
  File "<frozen importlib._bootstrap>", line 241, in _call_with_frames_removed
  File "/usr/lib/python3.11/site-packages/libqtile/widget/net.py", line 25, in <module>
    import psutil
ModuleNotFoundError: No module named 'psutil'
2023-11-09 23:39:05,059 WARNING libqtile manager.py:grab_key():L477 Key spec duplicated, overriding previous: <Key (['mod4'], r)>
2023-11-09 23:39:05,076 WARNING libqtile sleep.py:start():L86 dbus-next is not installed. Cannot run inhibitor process.
2023-11-09 23:40:15,132 ERROR libqtile utils.py:import_class():L233 Unmet dependencies for 'libqtile.widget.net.Net':
Traceback (most recent call last):
  File "/usr/lib/python3.11/site-packages/libqtile/utils.py", line 230, in import_class
    module = importlib.import_module(module_path, __package__)
             ^^^^^^^^^^^^^^^^^^^^^^^^^^^^^^^^^^^^^^^^^^^^^^^^^
  File "/usr/lib/python3.11/importlib/__init__.py", line 126, in import_module
    return _bootstrap._gcd_import(name[level:], package, level)
           ^^^^^^^^^^^^^^^^^^^^^^^^^^^^^^^^^^^^^^^^^^^^^^^^^^^^
  File "<frozen importlib._bootstrap>", line 1204, in _gcd_import
  File "<frozen importlib._bootstrap>", line 1176, in _find_and_load
  File "<frozen importlib._bootstrap>", line 1147, in _find_and_load_unlocked
  File "<frozen importlib._bootstrap>", line 690, in _load_unlocked
  File "<frozen importlib._bootstrap_external>", line 940, in exec_module
  File "<frozen importlib._bootstrap>", line 241, in _call_with_frames_removed
  File "/usr/lib/python3.11/site-packages/libqtile/widget/net.py", line 25, in <module>
    import psutil
ModuleNotFoundError: No module named 'psutil'
2023-11-09 23:40:15,171 WARNING libqtile lifecycle.py:_atexit():L33 Restarting Qtile with os.execv(...)
2023-11-09 23:40:15,651 ERROR libqtile utils.py:import_class():L233 Unmet dependencies for 'libqtile.widget.net.Net':
Traceback (most recent call last):
  File "/usr/lib/python3.11/site-packages/libqtile/utils.py", line 230, in import_class
    module = importlib.import_module(module_path, __package__)
             ^^^^^^^^^^^^^^^^^^^^^^^^^^^^^^^^^^^^^^^^^^^^^^^^^
  File "/usr/lib/python3.11/importlib/__init__.py", line 126, in import_module
    return _bootstrap._gcd_import(name[level:], package, level)
           ^^^^^^^^^^^^^^^^^^^^^^^^^^^^^^^^^^^^^^^^^^^^^^^^^^^^
  File "<frozen importlib._bootstrap>", line 1204, in _gcd_import
  File "<frozen importlib._bootstrap>", line 1176, in _find_and_load
  File "<frozen importlib._bootstrap>", line 1147, in _find_and_load_unlocked
  File "<frozen importlib._bootstrap>", line 690, in _load_unlocked
  File "<frozen importlib._bootstrap_external>", line 940, in exec_module
  File "<frozen importlib._bootstrap>", line 241, in _call_with_frames_removed
  File "/usr/lib/python3.11/site-packages/libqtile/widget/net.py", line 25, in <module>
    import psutil
ModuleNotFoundError: No module named 'psutil'
2023-11-09 23:40:15,750 WARNING libqtile manager.py:grab_key():L477 Key spec duplicated, overriding previous: <Key (['mod4'], r)>
2023-11-09 23:40:15,766 WARNING libqtile sleep.py:start():L86 dbus-next is not installed. Cannot run inhibitor process.
2023-11-09 23:40:29,009 ERROR libqtile utils.py:import_class():L233 Unmet dependencies for 'libqtile.widget.net.Net':
Traceback (most recent call last):
  File "/usr/lib/python3.11/site-packages/libqtile/utils.py", line 230, in import_class
    module = importlib.import_module(module_path, __package__)
             ^^^^^^^^^^^^^^^^^^^^^^^^^^^^^^^^^^^^^^^^^^^^^^^^^
  File "/usr/lib/python3.11/importlib/__init__.py", line 126, in import_module
    return _bootstrap._gcd_import(name[level:], package, level)
           ^^^^^^^^^^^^^^^^^^^^^^^^^^^^^^^^^^^^^^^^^^^^^^^^^^^^
  File "<frozen importlib._bootstrap>", line 1204, in _gcd_import
  File "<frozen importlib._bootstrap>", line 1176, in _find_and_load
  File "<frozen importlib._bootstrap>", line 1147, in _find_and_load_unlocked
  File "<frozen importlib._bootstrap>", line 690, in _load_unlocked
  File "<frozen importlib._bootstrap_external>", line 940, in exec_module
  File "<frozen importlib._bootstrap>", line 241, in _call_with_frames_removed
  File "/usr/lib/python3.11/site-packages/libqtile/widget/net.py", line 25, in <module>
    import psutil
ModuleNotFoundError: No module named 'psutil'
2023-11-09 23:40:29,053 WARNING libqtile lifecycle.py:_atexit():L33 Restarting Qtile with os.execv(...)
2023-11-09 23:40:29,553 ERROR libqtile utils.py:import_class():L233 Unmet dependencies for 'libqtile.widget.net.Net':
Traceback (most recent call last):
  File "/usr/lib/python3.11/site-packages/libqtile/utils.py", line 230, in import_class
    module = importlib.import_module(module_path, __package__)
             ^^^^^^^^^^^^^^^^^^^^^^^^^^^^^^^^^^^^^^^^^^^^^^^^^
  File "/usr/lib/python3.11/importlib/__init__.py", line 126, in import_module
    return _bootstrap._gcd_import(name[level:], package, level)
           ^^^^^^^^^^^^^^^^^^^^^^^^^^^^^^^^^^^^^^^^^^^^^^^^^^^^
  File "<frozen importlib._bootstrap>", line 1204, in _gcd_import
  File "<frozen importlib._bootstrap>", line 1176, in _find_and_load
  File "<frozen importlib._bootstrap>", line 1147, in _find_and_load_unlocked
  File "<frozen importlib._bootstrap>", line 690, in _load_unlocked
  File "<frozen importlib._bootstrap_external>", line 940, in exec_module
  File "<frozen importlib._bootstrap>", line 241, in _call_with_frames_removed
  File "/usr/lib/python3.11/site-packages/libqtile/widget/net.py", line 25, in <module>
    import psutil
ModuleNotFoundError: No module named 'psutil'
2023-11-09 23:40:29,664 WARNING libqtile manager.py:grab_key():L477 Key spec duplicated, overriding previous: <Key (['mod4'], r)>
2023-11-09 23:40:29,679 WARNING libqtile sleep.py:start():L86 dbus-next is not installed. Cannot run inhibitor process.
2023-11-09 23:40:47,587 ERROR libqtile utils.py:import_class():L233 Unmet dependencies for 'libqtile.widget.net.Net':
Traceback (most recent call last):
  File "/usr/lib/python3.11/site-packages/libqtile/utils.py", line 230, in import_class
    module = importlib.import_module(module_path, __package__)
             ^^^^^^^^^^^^^^^^^^^^^^^^^^^^^^^^^^^^^^^^^^^^^^^^^
  File "/usr/lib/python3.11/importlib/__init__.py", line 126, in import_module
    return _bootstrap._gcd_import(name[level:], package, level)
           ^^^^^^^^^^^^^^^^^^^^^^^^^^^^^^^^^^^^^^^^^^^^^^^^^^^^
  File "<frozen importlib._bootstrap>", line 1204, in _gcd_import
  File "<frozen importlib._bootstrap>", line 1176, in _find_and_load
  File "<frozen importlib._bootstrap>", line 1147, in _find_and_load_unlocked
  File "<frozen importlib._bootstrap>", line 690, in _load_unlocked
  File "<frozen importlib._bootstrap_external>", line 940, in exec_module
  File "<frozen importlib._bootstrap>", line 241, in _call_with_frames_removed
  File "/usr/lib/python3.11/site-packages/libqtile/widget/net.py", line 25, in <module>
    import psutil
ModuleNotFoundError: No module named 'psutil'
2023-11-09 23:40:47,632 WARNING libqtile lifecycle.py:_atexit():L33 Restarting Qtile with os.execv(...)
2023-11-09 23:40:48,160 ERROR libqtile utils.py:import_class():L233 Unmet dependencies for 'libqtile.widget.net.Net':
Traceback (most recent call last):
  File "/usr/lib/python3.11/site-packages/libqtile/utils.py", line 230, in import_class
    module = importlib.import_module(module_path, __package__)
             ^^^^^^^^^^^^^^^^^^^^^^^^^^^^^^^^^^^^^^^^^^^^^^^^^
  File "/usr/lib/python3.11/importlib/__init__.py", line 126, in import_module
    return _bootstrap._gcd_import(name[level:], package, level)
           ^^^^^^^^^^^^^^^^^^^^^^^^^^^^^^^^^^^^^^^^^^^^^^^^^^^^
  File "<frozen importlib._bootstrap>", line 1204, in _gcd_import
  File "<frozen importlib._bootstrap>", line 1176, in _find_and_load
  File "<frozen importlib._bootstrap>", line 1147, in _find_and_load_unlocked
  File "<frozen importlib._bootstrap>", line 690, in _load_unlocked
  File "<frozen importlib._bootstrap_external>", line 940, in exec_module
  File "<frozen importlib._bootstrap>", line 241, in _call_with_frames_removed
  File "/usr/lib/python3.11/site-packages/libqtile/widget/net.py", line 25, in <module>
    import psutil
ModuleNotFoundError: No module named 'psutil'
2023-11-09 23:40:48,279 WARNING libqtile manager.py:grab_key():L477 Key spec duplicated, overriding previous: <Key (['mod4'], r)>
2023-11-09 23:40:48,300 WARNING libqtile sleep.py:start():L86 dbus-next is not installed. Cannot run inhibitor process.
2023-11-09 23:41:01,100 ERROR libqtile utils.py:import_class():L233 Unmet dependencies for 'libqtile.widget.net.Net':
Traceback (most recent call last):
  File "/usr/lib/python3.11/site-packages/libqtile/utils.py", line 230, in import_class
    module = importlib.import_module(module_path, __package__)
             ^^^^^^^^^^^^^^^^^^^^^^^^^^^^^^^^^^^^^^^^^^^^^^^^^
  File "/usr/lib/python3.11/importlib/__init__.py", line 126, in import_module
    return _bootstrap._gcd_import(name[level:], package, level)
           ^^^^^^^^^^^^^^^^^^^^^^^^^^^^^^^^^^^^^^^^^^^^^^^^^^^^
  File "<frozen importlib._bootstrap>", line 1204, in _gcd_import
  File "<frozen importlib._bootstrap>", line 1176, in _find_and_load
  File "<frozen importlib._bootstrap>", line 1147, in _find_and_load_unlocked
  File "<frozen importlib._bootstrap>", line 690, in _load_unlocked
  File "<frozen importlib._bootstrap_external>", line 940, in exec_module
  File "<frozen importlib._bootstrap>", line 241, in _call_with_frames_removed
  File "/usr/lib/python3.11/site-packages/libqtile/widget/net.py", line 25, in <module>
    import psutil
ModuleNotFoundError: No module named 'psutil'
2023-11-09 23:41:01,147 WARNING libqtile lifecycle.py:_atexit():L33 Restarting Qtile with os.execv(...)
2023-11-09 23:41:01,664 ERROR libqtile utils.py:import_class():L233 Unmet dependencies for 'libqtile.widget.net.Net':
Traceback (most recent call last):
  File "/usr/lib/python3.11/site-packages/libqtile/utils.py", line 230, in import_class
    module = importlib.import_module(module_path, __package__)
             ^^^^^^^^^^^^^^^^^^^^^^^^^^^^^^^^^^^^^^^^^^^^^^^^^
  File "/usr/lib/python3.11/importlib/__init__.py", line 126, in import_module
    return _bootstrap._gcd_import(name[level:], package, level)
           ^^^^^^^^^^^^^^^^^^^^^^^^^^^^^^^^^^^^^^^^^^^^^^^^^^^^
  File "<frozen importlib._bootstrap>", line 1204, in _gcd_import
  File "<frozen importlib._bootstrap>", line 1176, in _find_and_load
  File "<frozen importlib._bootstrap>", line 1147, in _find_and_load_unlocked
  File "<frozen importlib._bootstrap>", line 690, in _load_unlocked
  File "<frozen importlib._bootstrap_external>", line 940, in exec_module
  File "<frozen importlib._bootstrap>", line 241, in _call_with_frames_removed
  File "/usr/lib/python3.11/site-packages/libqtile/widget/net.py", line 25, in <module>
    import psutil
ModuleNotFoundError: No module named 'psutil'
2023-11-09 23:41:01,774 WARNING libqtile manager.py:grab_key():L477 Key spec duplicated, overriding previous: <Key (['mod4'], r)>
2023-11-09 23:41:01,790 WARNING libqtile sleep.py:start():L86 dbus-next is not installed. Cannot run inhibitor process.
2023-11-09 23:42:25,697 ERROR libqtile utils.py:import_class():L233 Unmet dependencies for 'libqtile.widget.net.Net':
Traceback (most recent call last):
  File "/usr/lib/python3.11/site-packages/libqtile/utils.py", line 230, in import_class
    module = importlib.import_module(module_path, __package__)
             ^^^^^^^^^^^^^^^^^^^^^^^^^^^^^^^^^^^^^^^^^^^^^^^^^
  File "/usr/lib/python3.11/importlib/__init__.py", line 126, in import_module
    return _bootstrap._gcd_import(name[level:], package, level)
           ^^^^^^^^^^^^^^^^^^^^^^^^^^^^^^^^^^^^^^^^^^^^^^^^^^^^
  File "<frozen importlib._bootstrap>", line 1204, in _gcd_import
  File "<frozen importlib._bootstrap>", line 1176, in _find_and_load
  File "<frozen importlib._bootstrap>", line 1147, in _find_and_load_unlocked
  File "<frozen importlib._bootstrap>", line 690, in _load_unlocked
  File "<frozen importlib._bootstrap_external>", line 940, in exec_module
  File "<frozen importlib._bootstrap>", line 241, in _call_with_frames_removed
  File "/usr/lib/python3.11/site-packages/libqtile/widget/net.py", line 25, in <module>
    import psutil
ModuleNotFoundError: No module named 'psutil'
2023-11-09 23:42:25,730 WARNING libqtile lifecycle.py:_atexit():L33 Restarting Qtile with os.execv(...)
2023-11-09 23:42:26,241 ERROR libqtile utils.py:import_class():L233 Unmet dependencies for 'libqtile.widget.net.Net':
Traceback (most recent call last):
  File "/usr/lib/python3.11/site-packages/libqtile/utils.py", line 230, in import_class
    module = importlib.import_module(module_path, __package__)
             ^^^^^^^^^^^^^^^^^^^^^^^^^^^^^^^^^^^^^^^^^^^^^^^^^
  File "/usr/lib/python3.11/importlib/__init__.py", line 126, in import_module
    return _bootstrap._gcd_import(name[level:], package, level)
           ^^^^^^^^^^^^^^^^^^^^^^^^^^^^^^^^^^^^^^^^^^^^^^^^^^^^
  File "<frozen importlib._bootstrap>", line 1204, in _gcd_import
  File "<frozen importlib._bootstrap>", line 1176, in _find_and_load
  File "<frozen importlib._bootstrap>", line 1147, in _find_and_load_unlocked
  File "<frozen importlib._bootstrap>", line 690, in _load_unlocked
  File "<frozen importlib._bootstrap_external>", line 940, in exec_module
  File "<frozen importlib._bootstrap>", line 241, in _call_with_frames_removed
  File "/usr/lib/python3.11/site-packages/libqtile/widget/net.py", line 25, in <module>
    import psutil
ModuleNotFoundError: No module named 'psutil'
2023-11-09 23:42:26,344 WARNING libqtile manager.py:grab_key():L477 Key spec duplicated, overriding previous: <Key (['mod4'], r)>
2023-11-09 23:42:26,549 WARNING libqtile sleep.py:start():L86 dbus-next is not installed. Cannot run inhibitor process.
2023-11-09 23:42:53,987 ERROR libqtile utils.py:import_class():L233 Unmet dependencies for 'libqtile.widget.net.Net':
Traceback (most recent call last):
  File "/usr/lib/python3.11/site-packages/libqtile/utils.py", line 230, in import_class
    module = importlib.import_module(module_path, __package__)
             ^^^^^^^^^^^^^^^^^^^^^^^^^^^^^^^^^^^^^^^^^^^^^^^^^
  File "/usr/lib/python3.11/importlib/__init__.py", line 126, in import_module
    return _bootstrap._gcd_import(name[level:], package, level)
           ^^^^^^^^^^^^^^^^^^^^^^^^^^^^^^^^^^^^^^^^^^^^^^^^^^^^
  File "<frozen importlib._bootstrap>", line 1204, in _gcd_import
  File "<frozen importlib._bootstrap>", line 1176, in _find_and_load
  File "<frozen importlib._bootstrap>", line 1147, in _find_and_load_unlocked
  File "<frozen importlib._bootstrap>", line 690, in _load_unlocked
  File "<frozen importlib._bootstrap_external>", line 940, in exec_module
  File "<frozen importlib._bootstrap>", line 241, in _call_with_frames_removed
  File "/usr/lib/python3.11/site-packages/libqtile/widget/net.py", line 25, in <module>
    import psutil
ModuleNotFoundError: No module named 'psutil'
2023-11-09 23:42:54,042 WARNING libqtile lifecycle.py:_atexit():L33 Restarting Qtile with os.execv(...)
2023-11-09 23:42:54,562 ERROR libqtile utils.py:import_class():L233 Unmet dependencies for 'libqtile.widget.net.Net':
Traceback (most recent call last):
  File "/usr/lib/python3.11/site-packages/libqtile/utils.py", line 230, in import_class
    module = importlib.import_module(module_path, __package__)
             ^^^^^^^^^^^^^^^^^^^^^^^^^^^^^^^^^^^^^^^^^^^^^^^^^
  File "/usr/lib/python3.11/importlib/__init__.py", line 126, in import_module
    return _bootstrap._gcd_import(name[level:], package, level)
           ^^^^^^^^^^^^^^^^^^^^^^^^^^^^^^^^^^^^^^^^^^^^^^^^^^^^
  File "<frozen importlib._bootstrap>", line 1204, in _gcd_import
  File "<frozen importlib._bootstrap>", line 1176, in _find_and_load
  File "<frozen importlib._bootstrap>", line 1147, in _find_and_load_unlocked
  File "<frozen importlib._bootstrap>", line 690, in _load_unlocked
  File "<frozen importlib._bootstrap_external>", line 940, in exec_module
  File "<frozen importlib._bootstrap>", line 241, in _call_with_frames_removed
  File "/usr/lib/python3.11/site-packages/libqtile/widget/net.py", line 25, in <module>
    import psutil
ModuleNotFoundError: No module named 'psutil'
2023-11-09 23:42:54,692 WARNING libqtile manager.py:grab_key():L477 Key spec duplicated, overriding previous: <Key (['mod4'], r)>
2023-11-09 23:42:54,835 WARNING libqtile sleep.py:start():L86 dbus-next is not installed. Cannot run inhibitor process.
2023-11-09 23:45:56,182 ERROR libqtile utils.py:import_class():L233 Unmet dependencies for 'libqtile.widget.net.Net':
Traceback (most recent call last):
  File "/usr/lib/python3.11/site-packages/libqtile/utils.py", line 230, in import_class
    module = importlib.import_module(module_path, __package__)
             ^^^^^^^^^^^^^^^^^^^^^^^^^^^^^^^^^^^^^^^^^^^^^^^^^
  File "/usr/lib/python3.11/importlib/__init__.py", line 126, in import_module
    return _bootstrap._gcd_import(name[level:], package, level)
           ^^^^^^^^^^^^^^^^^^^^^^^^^^^^^^^^^^^^^^^^^^^^^^^^^^^^
  File "<frozen importlib._bootstrap>", line 1204, in _gcd_import
  File "<frozen importlib._bootstrap>", line 1176, in _find_and_load
  File "<frozen importlib._bootstrap>", line 1147, in _find_and_load_unlocked
  File "<frozen importlib._bootstrap>", line 690, in _load_unlocked
  File "<frozen importlib._bootstrap_external>", line 940, in exec_module
  File "<frozen importlib._bootstrap>", line 241, in _call_with_frames_removed
  File "/usr/lib/python3.11/site-packages/libqtile/widget/net.py", line 25, in <module>
    import psutil
ModuleNotFoundError: No module named 'psutil'
2023-11-09 23:45:56,242 WARNING libqtile lifecycle.py:_atexit():L33 Restarting Qtile with os.execv(...)
2023-11-09 23:45:56,791 ERROR libqtile utils.py:import_class():L233 Unmet dependencies for 'libqtile.widget.net.Net':
Traceback (most recent call last):
  File "/usr/lib/python3.11/site-packages/libqtile/utils.py", line 230, in import_class
    module = importlib.import_module(module_path, __package__)
             ^^^^^^^^^^^^^^^^^^^^^^^^^^^^^^^^^^^^^^^^^^^^^^^^^
  File "/usr/lib/python3.11/importlib/__init__.py", line 126, in import_module
    return _bootstrap._gcd_import(name[level:], package, level)
           ^^^^^^^^^^^^^^^^^^^^^^^^^^^^^^^^^^^^^^^^^^^^^^^^^^^^
  File "<frozen importlib._bootstrap>", line 1204, in _gcd_import
  File "<frozen importlib._bootstrap>", line 1176, in _find_and_load
  File "<frozen importlib._bootstrap>", line 1147, in _find_and_load_unlocked
  File "<frozen importlib._bootstrap>", line 690, in _load_unlocked
  File "<frozen importlib._bootstrap_external>", line 940, in exec_module
  File "<frozen importlib._bootstrap>", line 241, in _call_with_frames_removed
  File "/usr/lib/python3.11/site-packages/libqtile/widget/net.py", line 25, in <module>
    import psutil
ModuleNotFoundError: No module named 'psutil'
2023-11-09 23:45:56,906 WARNING libqtile manager.py:grab_key():L477 Key spec duplicated, overriding previous: <Key (['mod4'], r)>
2023-11-09 23:45:57,041 WARNING libqtile sleep.py:start():L86 dbus-next is not installed. Cannot run inhibitor process.
2023-11-09 23:46:16,733 ERROR libqtile utils.py:import_class():L233 Unmet dependencies for 'libqtile.widget.net.Net':
Traceback (most recent call last):
  File "/usr/lib/python3.11/site-packages/libqtile/utils.py", line 230, in import_class
    module = importlib.import_module(module_path, __package__)
             ^^^^^^^^^^^^^^^^^^^^^^^^^^^^^^^^^^^^^^^^^^^^^^^^^
  File "/usr/lib/python3.11/importlib/__init__.py", line 126, in import_module
    return _bootstrap._gcd_import(name[level:], package, level)
           ^^^^^^^^^^^^^^^^^^^^^^^^^^^^^^^^^^^^^^^^^^^^^^^^^^^^
  File "<frozen importlib._bootstrap>", line 1204, in _gcd_import
  File "<frozen importlib._bootstrap>", line 1176, in _find_and_load
  File "<frozen importlib._bootstrap>", line 1147, in _find_and_load_unlocked
  File "<frozen importlib._bootstrap>", line 690, in _load_unlocked
  File "<frozen importlib._bootstrap_external>", line 940, in exec_module
  File "<frozen importlib._bootstrap>", line 241, in _call_with_frames_removed
  File "/usr/lib/python3.11/site-packages/libqtile/widget/net.py", line 25, in <module>
    import psutil
ModuleNotFoundError: No module named 'psutil'
2023-11-09 23:46:16,769 WARNING libqtile lifecycle.py:_atexit():L33 Restarting Qtile with os.execv(...)
2023-11-09 23:46:17,290 ERROR libqtile utils.py:import_class():L233 Unmet dependencies for 'libqtile.widget.net.Net':
Traceback (most recent call last):
  File "/usr/lib/python3.11/site-packages/libqtile/utils.py", line 230, in import_class
    module = importlib.import_module(module_path, __package__)
             ^^^^^^^^^^^^^^^^^^^^^^^^^^^^^^^^^^^^^^^^^^^^^^^^^
  File "/usr/lib/python3.11/importlib/__init__.py", line 126, in import_module
    return _bootstrap._gcd_import(name[level:], package, level)
           ^^^^^^^^^^^^^^^^^^^^^^^^^^^^^^^^^^^^^^^^^^^^^^^^^^^^
  File "<frozen importlib._bootstrap>", line 1204, in _gcd_import
  File "<frozen importlib._bootstrap>", line 1176, in _find_and_load
  File "<frozen importlib._bootstrap>", line 1147, in _find_and_load_unlocked
  File "<frozen importlib._bootstrap>", line 690, in _load_unlocked
  File "<frozen importlib._bootstrap_external>", line 940, in exec_module
  File "<frozen importlib._bootstrap>", line 241, in _call_with_frames_removed
  File "/usr/lib/python3.11/site-packages/libqtile/widget/net.py", line 25, in <module>
    import psutil
ModuleNotFoundError: No module named 'psutil'
2023-11-09 23:46:17,412 WARNING libqtile manager.py:grab_key():L477 Key spec duplicated, overriding previous: <Key (['mod4'], r)>
2023-11-09 23:46:17,534 WARNING libqtile sleep.py:start():L86 dbus-next is not installed. Cannot run inhibitor process.
2023-11-09 23:46:57,198 WARNING libqtile core.py:graceful_shutdown():L908 Server disconnected, couldn't close windows gracefully.
2023-11-09 23:46:57,206 WARNING libqtile lifecycle.py:_atexit():L37 Qtile will now terminate
2023-11-09 23:47:52,375 ERROR libqtile utils.py:import_class():L233 Unmet dependencies for 'libqtile.widget.net.Net':
Traceback (most recent call last):
  File "/usr/lib/python3.11/site-packages/libqtile/utils.py", line 230, in import_class
    module = importlib.import_module(module_path, __package__)
             ^^^^^^^^^^^^^^^^^^^^^^^^^^^^^^^^^^^^^^^^^^^^^^^^^
  File "/usr/lib/python3.11/importlib/__init__.py", line 126, in import_module
    return _bootstrap._gcd_import(name[level:], package, level)
           ^^^^^^^^^^^^^^^^^^^^^^^^^^^^^^^^^^^^^^^^^^^^^^^^^^^^
  File "<frozen importlib._bootstrap>", line 1204, in _gcd_import
  File "<frozen importlib._bootstrap>", line 1176, in _find_and_load
  File "<frozen importlib._bootstrap>", line 1147, in _find_and_load_unlocked
  File "<frozen importlib._bootstrap>", line 690, in _load_unlocked
  File "<frozen importlib._bootstrap_external>", line 940, in exec_module
  File "<frozen importlib._bootstrap>", line 241, in _call_with_frames_removed
  File "/usr/lib/python3.11/site-packages/libqtile/widget/net.py", line 25, in <module>
    import psutil
ModuleNotFoundError: No module named 'psutil'
2023-11-09 23:47:52,728 WARNING libqtile manager.py:grab_key():L477 Key spec duplicated, overriding previous: <Key (['mod4'], r)>
2023-11-09 23:47:52,782 WARNING libqtile sleep.py:start():L86 dbus-next is not installed. Cannot run inhibitor process.
2023-11-09 23:53:40,450 ERROR libqtile utils.py:import_class():L233 Unmet dependencies for 'libqtile.widget.net.Net':
Traceback (most recent call last):
  File "/usr/lib/python3.11/site-packages/libqtile/utils.py", line 230, in import_class
    module = importlib.import_module(module_path, __package__)
             ^^^^^^^^^^^^^^^^^^^^^^^^^^^^^^^^^^^^^^^^^^^^^^^^^
  File "/usr/lib/python3.11/importlib/__init__.py", line 126, in import_module
    return _bootstrap._gcd_import(name[level:], package, level)
           ^^^^^^^^^^^^^^^^^^^^^^^^^^^^^^^^^^^^^^^^^^^^^^^^^^^^
  File "<frozen importlib._bootstrap>", line 1204, in _gcd_import
  File "<frozen importlib._bootstrap>", line 1176, in _find_and_load
  File "<frozen importlib._bootstrap>", line 1147, in _find_and_load_unlocked
  File "<frozen importlib._bootstrap>", line 690, in _load_unlocked
  File "<frozen importlib._bootstrap_external>", line 940, in exec_module
  File "<frozen importlib._bootstrap>", line 241, in _call_with_frames_removed
  File "/usr/lib/python3.11/site-packages/libqtile/widget/net.py", line 25, in <module>
    import psutil
ModuleNotFoundError: No module named 'psutil'
2023-11-09 23:53:40,494 WARNING libqtile lifecycle.py:_atexit():L33 Restarting Qtile with os.execv(...)
2023-11-09 23:53:41,028 ERROR libqtile utils.py:import_class():L233 Unmet dependencies for 'libqtile.widget.net.Net':
Traceback (most recent call last):
  File "/usr/lib/python3.11/site-packages/libqtile/utils.py", line 230, in import_class
    module = importlib.import_module(module_path, __package__)
             ^^^^^^^^^^^^^^^^^^^^^^^^^^^^^^^^^^^^^^^^^^^^^^^^^
  File "/usr/lib/python3.11/importlib/__init__.py", line 126, in import_module
    return _bootstrap._gcd_import(name[level:], package, level)
           ^^^^^^^^^^^^^^^^^^^^^^^^^^^^^^^^^^^^^^^^^^^^^^^^^^^^
  File "<frozen importlib._bootstrap>", line 1204, in _gcd_import
  File "<frozen importlib._bootstrap>", line 1176, in _find_and_load
  File "<frozen importlib._bootstrap>", line 1147, in _find_and_load_unlocked
  File "<frozen importlib._bootstrap>", line 690, in _load_unlocked
  File "<frozen importlib._bootstrap_external>", line 940, in exec_module
  File "<frozen importlib._bootstrap>", line 241, in _call_with_frames_removed
  File "/usr/lib/python3.11/site-packages/libqtile/widget/net.py", line 25, in <module>
    import psutil
ModuleNotFoundError: No module named 'psutil'
2023-11-09 23:53:41,141 WARNING libqtile manager.py:grab_key():L477 Key spec duplicated, overriding previous: <Key (['mod4'], r)>
2023-11-09 23:53:41,342 WARNING libqtile sleep.py:start():L86 dbus-next is not installed. Cannot run inhibitor process.
2023-11-09 23:59:22,857 ERROR libqtile manager.py:spawn():L1252 couldn't find `brightnessctl`
2023-11-09 23:59:23,251 ERROR libqtile manager.py:spawn():L1252 couldn't find `brightnessctl`
2023-11-09 23:59:23,450 ERROR libqtile manager.py:spawn():L1252 couldn't find `brightnessctl`
2023-11-10 00:02:11,989 ERROR libqtile utils.py:import_class():L233 Unmet dependencies for 'libqtile.widget.net.Net':
Traceback (most recent call last):
  File "/usr/lib/python3.11/site-packages/libqtile/utils.py", line 230, in import_class
    module = importlib.import_module(module_path, __package__)
             ^^^^^^^^^^^^^^^^^^^^^^^^^^^^^^^^^^^^^^^^^^^^^^^^^
  File "/usr/lib/python3.11/importlib/__init__.py", line 126, in import_module
    return _bootstrap._gcd_import(name[level:], package, level)
           ^^^^^^^^^^^^^^^^^^^^^^^^^^^^^^^^^^^^^^^^^^^^^^^^^^^^
  File "<frozen importlib._bootstrap>", line 1204, in _gcd_import
  File "<frozen importlib._bootstrap>", line 1176, in _find_and_load
  File "<frozen importlib._bootstrap>", line 1147, in _find_and_load_unlocked
  File "<frozen importlib._bootstrap>", line 690, in _load_unlocked
  File "<frozen importlib._bootstrap_external>", line 940, in exec_module
  File "<frozen importlib._bootstrap>", line 241, in _call_with_frames_removed
  File "/usr/lib/python3.11/site-packages/libqtile/widget/net.py", line 25, in <module>
    import psutil
ModuleNotFoundError: No module named 'psutil'
2023-11-10 00:02:12,030 WARNING libqtile lifecycle.py:_atexit():L33 Restarting Qtile with os.execv(...)
2023-11-10 00:02:12,556 ERROR libqtile utils.py:import_class():L233 Unmet dependencies for 'libqtile.widget.net.Net':
Traceback (most recent call last):
  File "/usr/lib/python3.11/site-packages/libqtile/utils.py", line 230, in import_class
    module = importlib.import_module(module_path, __package__)
             ^^^^^^^^^^^^^^^^^^^^^^^^^^^^^^^^^^^^^^^^^^^^^^^^^
  File "/usr/lib/python3.11/importlib/__init__.py", line 126, in import_module
    return _bootstrap._gcd_import(name[level:], package, level)
           ^^^^^^^^^^^^^^^^^^^^^^^^^^^^^^^^^^^^^^^^^^^^^^^^^^^^
  File "<frozen importlib._bootstrap>", line 1204, in _gcd_import
  File "<frozen importlib._bootstrap>", line 1176, in _find_and_load
  File "<frozen importlib._bootstrap>", line 1147, in _find_and_load_unlocked
  File "<frozen importlib._bootstrap>", line 690, in _load_unlocked
  File "<frozen importlib._bootstrap_external>", line 940, in exec_module
  File "<frozen importlib._bootstrap>", line 241, in _call_with_frames_removed
  File "/usr/lib/python3.11/site-packages/libqtile/widget/net.py", line 25, in <module>
    import psutil
ModuleNotFoundError: No module named 'psutil'
2023-11-10 00:02:12,659 WARNING libqtile manager.py:grab_key():L477 Key spec duplicated, overriding previous: <Key (['mod4'], r)>
2023-11-10 00:02:12,863 WARNING libqtile sleep.py:start():L86 dbus-next is not installed. Cannot run inhibitor process.
2023-11-10 00:06:01,299 WARNING libqtile lifecycle.py:_atexit():L37 Qtile will now terminate
2023-11-10 00:06:07,124 ERROR libqtile utils.py:import_class():L233 Unmet dependencies for 'libqtile.widget.net.Net':
Traceback (most recent call last):
  File "/usr/lib/python3.11/site-packages/libqtile/utils.py", line 230, in import_class
    module = importlib.import_module(module_path, __package__)
             ^^^^^^^^^^^^^^^^^^^^^^^^^^^^^^^^^^^^^^^^^^^^^^^^^
  File "/usr/lib/python3.11/importlib/__init__.py", line 126, in import_module
    return _bootstrap._gcd_import(name[level:], package, level)
           ^^^^^^^^^^^^^^^^^^^^^^^^^^^^^^^^^^^^^^^^^^^^^^^^^^^^
  File "<frozen importlib._bootstrap>", line 1204, in _gcd_import
  File "<frozen importlib._bootstrap>", line 1176, in _find_and_load
  File "<frozen importlib._bootstrap>", line 1147, in _find_and_load_unlocked
  File "<frozen importlib._bootstrap>", line 690, in _load_unlocked
  File "<frozen importlib._bootstrap_external>", line 940, in exec_module
  File "<frozen importlib._bootstrap>", line 241, in _call_with_frames_removed
  File "/usr/lib/python3.11/site-packages/libqtile/widget/net.py", line 25, in <module>
    import psutil
ModuleNotFoundError: No module named 'psutil'
2023-11-10 00:06:07,230 WARNING libqtile manager.py:grab_key():L477 Key spec duplicated, overriding previous: <Key (['mod4'], r)>
2023-11-10 00:06:07,241 WARNING libqtile sleep.py:start():L86 dbus-next is not installed. Cannot run inhibitor process.
2023-11-10 00:35:46,366 WARNING libqtile lifecycle.py:_atexit():L37 Qtile will now terminate
2023-11-10 00:58:12,311 ERROR libqtile utils.py:import_class():L233 Unmet dependencies for 'libqtile.widget.net.Net':
Traceback (most recent call last):
  File "/usr/lib/python3.11/site-packages/libqtile/utils.py", line 230, in import_class
    module = importlib.import_module(module_path, __package__)
             ^^^^^^^^^^^^^^^^^^^^^^^^^^^^^^^^^^^^^^^^^^^^^^^^^
  File "/usr/lib/python3.11/importlib/__init__.py", line 126, in import_module
    return _bootstrap._gcd_import(name[level:], package, level)
           ^^^^^^^^^^^^^^^^^^^^^^^^^^^^^^^^^^^^^^^^^^^^^^^^^^^^
  File "<frozen importlib._bootstrap>", line 1204, in _gcd_import
  File "<frozen importlib._bootstrap>", line 1176, in _find_and_load
  File "<frozen importlib._bootstrap>", line 1147, in _find_and_load_unlocked
  File "<frozen importlib._bootstrap>", line 690, in _load_unlocked
  File "<frozen importlib._bootstrap_external>", line 940, in exec_module
  File "<frozen importlib._bootstrap>", line 241, in _call_with_frames_removed
  File "/usr/lib/python3.11/site-packages/libqtile/widget/net.py", line 25, in <module>
    import psutil
ModuleNotFoundError: No module named 'psutil'
2023-11-10 00:58:12,718 WARNING libqtile manager.py:grab_key():L477 Key spec duplicated, overriding previous: <Key (['mod4'], r)>
2023-11-10 00:58:12,773 WARNING libqtile sleep.py:start():L86 dbus-next is not installed. Cannot run inhibitor process.
2023-11-10 02:30:30,895 ERROR libqtile manager.py:process_key_event():L453 KB command error kill: No object window in path 'window'
2023-11-10 02:30:55,047 ERROR libqtile utils.py:import_class():L233 Unmet dependencies for 'libqtile.widget.net.Net':
Traceback (most recent call last):
  File "/usr/lib/python3.11/site-packages/libqtile/utils.py", line 230, in import_class
    module = importlib.import_module(module_path, __package__)
             ^^^^^^^^^^^^^^^^^^^^^^^^^^^^^^^^^^^^^^^^^^^^^^^^^
  File "/usr/lib/python3.11/importlib/__init__.py", line 126, in import_module
    return _bootstrap._gcd_import(name[level:], package, level)
           ^^^^^^^^^^^^^^^^^^^^^^^^^^^^^^^^^^^^^^^^^^^^^^^^^^^^
  File "<frozen importlib._bootstrap>", line 1204, in _gcd_import
  File "<frozen importlib._bootstrap>", line 1176, in _find_and_load
  File "<frozen importlib._bootstrap>", line 1147, in _find_and_load_unlocked
  File "<frozen importlib._bootstrap>", line 690, in _load_unlocked
  File "<frozen importlib._bootstrap_external>", line 940, in exec_module
  File "<frozen importlib._bootstrap>", line 241, in _call_with_frames_removed
  File "/usr/lib/python3.11/site-packages/libqtile/widget/net.py", line 25, in <module>
    import psutil
ModuleNotFoundError: No module named 'psutil'
2023-11-10 02:30:55,198 WARNING libqtile lifecycle.py:_atexit():L33 Restarting Qtile with os.execv(...)
2023-11-10 02:30:58,098 ERROR libqtile utils.py:import_class():L233 Unmet dependencies for 'libqtile.widget.net.Net':
Traceback (most recent call last):
  File "/usr/lib/python3.11/site-packages/libqtile/utils.py", line 230, in import_class
    module = importlib.import_module(module_path, __package__)
             ^^^^^^^^^^^^^^^^^^^^^^^^^^^^^^^^^^^^^^^^^^^^^^^^^
  File "/usr/lib/python3.11/importlib/__init__.py", line 126, in import_module
    return _bootstrap._gcd_import(name[level:], package, level)
           ^^^^^^^^^^^^^^^^^^^^^^^^^^^^^^^^^^^^^^^^^^^^^^^^^^^^
  File "<frozen importlib._bootstrap>", line 1204, in _gcd_import
  File "<frozen importlib._bootstrap>", line 1176, in _find_and_load
  File "<frozen importlib._bootstrap>", line 1147, in _find_and_load_unlocked
  File "<frozen importlib._bootstrap>", line 690, in _load_unlocked
  File "<frozen importlib._bootstrap_external>", line 940, in exec_module
  File "<frozen importlib._bootstrap>", line 241, in _call_with_frames_removed
  File "/usr/lib/python3.11/site-packages/libqtile/widget/net.py", line 25, in <module>
    import psutil
ModuleNotFoundError: No module named 'psutil'
2023-11-10 02:30:58,328 WARNING libqtile manager.py:grab_key():L477 Key spec duplicated, overriding previous: <Key (['mod4'], r)>
2023-11-10 02:30:58,442 WARNING libqtile sleep.py:start():L86 dbus-next is not installed. Cannot run inhibitor process.
2023-11-10 02:31:35,275 ERROR libqtile utils.py:import_class():L233 Unmet dependencies for 'libqtile.widget.net.Net':
Traceback (most recent call last):
  File "/usr/lib/python3.11/site-packages/libqtile/utils.py", line 230, in import_class
    module = importlib.import_module(module_path, __package__)
             ^^^^^^^^^^^^^^^^^^^^^^^^^^^^^^^^^^^^^^^^^^^^^^^^^
  File "/usr/lib/python3.11/importlib/__init__.py", line 126, in import_module
    return _bootstrap._gcd_import(name[level:], package, level)
           ^^^^^^^^^^^^^^^^^^^^^^^^^^^^^^^^^^^^^^^^^^^^^^^^^^^^
  File "<frozen importlib._bootstrap>", line 1204, in _gcd_import
  File "<frozen importlib._bootstrap>", line 1176, in _find_and_load
  File "<frozen importlib._bootstrap>", line 1147, in _find_and_load_unlocked
  File "<frozen importlib._bootstrap>", line 690, in _load_unlocked
  File "<frozen importlib._bootstrap_external>", line 940, in exec_module
  File "<frozen importlib._bootstrap>", line 241, in _call_with_frames_removed
  File "/usr/lib/python3.11/site-packages/libqtile/widget/net.py", line 25, in <module>
    import psutil
ModuleNotFoundError: No module named 'psutil'
2023-11-10 02:31:35,328 WARNING libqtile lifecycle.py:_atexit():L33 Restarting Qtile with os.execv(...)
2023-11-10 02:31:35,852 ERROR libqtile utils.py:import_class():L233 Unmet dependencies for 'libqtile.widget.net.Net':
Traceback (most recent call last):
  File "/usr/lib/python3.11/site-packages/libqtile/utils.py", line 230, in import_class
    module = importlib.import_module(module_path, __package__)
             ^^^^^^^^^^^^^^^^^^^^^^^^^^^^^^^^^^^^^^^^^^^^^^^^^
  File "/usr/lib/python3.11/importlib/__init__.py", line 126, in import_module
    return _bootstrap._gcd_import(name[level:], package, level)
           ^^^^^^^^^^^^^^^^^^^^^^^^^^^^^^^^^^^^^^^^^^^^^^^^^^^^
  File "<frozen importlib._bootstrap>", line 1204, in _gcd_import
  File "<frozen importlib._bootstrap>", line 1176, in _find_and_load
  File "<frozen importlib._bootstrap>", line 1147, in _find_and_load_unlocked
  File "<frozen importlib._bootstrap>", line 690, in _load_unlocked
  File "<frozen importlib._bootstrap_external>", line 940, in exec_module
  File "<frozen importlib._bootstrap>", line 241, in _call_with_frames_removed
  File "/usr/lib/python3.11/site-packages/libqtile/widget/net.py", line 25, in <module>
    import psutil
ModuleNotFoundError: No module named 'psutil'
2023-11-10 02:31:35,994 WARNING libqtile manager.py:grab_key():L477 Key spec duplicated, overriding previous: <Key (['mod4'], r)>
2023-11-10 02:31:36,103 WARNING libqtile sleep.py:start():L86 dbus-next is not installed. Cannot run inhibitor process.
2023-11-10 02:31:48,594 ERROR libqtile utils.py:import_class():L233 Unmet dependencies for 'libqtile.widget.net.Net':
Traceback (most recent call last):
  File "/usr/lib/python3.11/site-packages/libqtile/utils.py", line 230, in import_class
    module = importlib.import_module(module_path, __package__)
             ^^^^^^^^^^^^^^^^^^^^^^^^^^^^^^^^^^^^^^^^^^^^^^^^^
  File "/usr/lib/python3.11/importlib/__init__.py", line 126, in import_module
    return _bootstrap._gcd_import(name[level:], package, level)
           ^^^^^^^^^^^^^^^^^^^^^^^^^^^^^^^^^^^^^^^^^^^^^^^^^^^^
  File "<frozen importlib._bootstrap>", line 1204, in _gcd_import
  File "<frozen importlib._bootstrap>", line 1176, in _find_and_load
  File "<frozen importlib._bootstrap>", line 1147, in _find_and_load_unlocked
  File "<frozen importlib._bootstrap>", line 690, in _load_unlocked
  File "<frozen importlib._bootstrap_external>", line 940, in exec_module
  File "<frozen importlib._bootstrap>", line 241, in _call_with_frames_removed
  File "/usr/lib/python3.11/site-packages/libqtile/widget/net.py", line 25, in <module>
    import psutil
ModuleNotFoundError: No module named 'psutil'
2023-11-10 02:31:48,629 WARNING libqtile lifecycle.py:_atexit():L33 Restarting Qtile with os.execv(...)
2023-11-10 02:31:49,157 ERROR libqtile utils.py:import_class():L233 Unmet dependencies for 'libqtile.widget.net.Net':
Traceback (most recent call last):
  File "/usr/lib/python3.11/site-packages/libqtile/utils.py", line 230, in import_class
    module = importlib.import_module(module_path, __package__)
             ^^^^^^^^^^^^^^^^^^^^^^^^^^^^^^^^^^^^^^^^^^^^^^^^^
  File "/usr/lib/python3.11/importlib/__init__.py", line 126, in import_module
    return _bootstrap._gcd_import(name[level:], package, level)
           ^^^^^^^^^^^^^^^^^^^^^^^^^^^^^^^^^^^^^^^^^^^^^^^^^^^^
  File "<frozen importlib._bootstrap>", line 1204, in _gcd_import
  File "<frozen importlib._bootstrap>", line 1176, in _find_and_load
  File "<frozen importlib._bootstrap>", line 1147, in _find_and_load_unlocked
  File "<frozen importlib._bootstrap>", line 690, in _load_unlocked
  File "<frozen importlib._bootstrap_external>", line 940, in exec_module
  File "<frozen importlib._bootstrap>", line 241, in _call_with_frames_removed
  File "/usr/lib/python3.11/site-packages/libqtile/widget/net.py", line 25, in <module>
    import psutil
ModuleNotFoundError: No module named 'psutil'
2023-11-10 02:31:49,268 WARNING libqtile manager.py:grab_key():L477 Key spec duplicated, overriding previous: <Key (['mod4'], r)>
2023-11-10 02:31:49,388 WARNING libqtile sleep.py:start():L86 dbus-next is not installed. Cannot run inhibitor process.
2023-11-10 02:32:03,229 ERROR libqtile utils.py:import_class():L233 Unmet dependencies for 'libqtile.widget.net.Net':
Traceback (most recent call last):
  File "/usr/lib/python3.11/site-packages/libqtile/utils.py", line 230, in import_class
    module = importlib.import_module(module_path, __package__)
             ^^^^^^^^^^^^^^^^^^^^^^^^^^^^^^^^^^^^^^^^^^^^^^^^^
  File "/usr/lib/python3.11/importlib/__init__.py", line 126, in import_module
    return _bootstrap._gcd_import(name[level:], package, level)
           ^^^^^^^^^^^^^^^^^^^^^^^^^^^^^^^^^^^^^^^^^^^^^^^^^^^^
  File "<frozen importlib._bootstrap>", line 1204, in _gcd_import
  File "<frozen importlib._bootstrap>", line 1176, in _find_and_load
  File "<frozen importlib._bootstrap>", line 1147, in _find_and_load_unlocked
  File "<frozen importlib._bootstrap>", line 690, in _load_unlocked
  File "<frozen importlib._bootstrap_external>", line 940, in exec_module
  File "<frozen importlib._bootstrap>", line 241, in _call_with_frames_removed
  File "/usr/lib/python3.11/site-packages/libqtile/widget/net.py", line 25, in <module>
    import psutil
ModuleNotFoundError: No module named 'psutil'
2023-11-10 02:32:03,257 WARNING libqtile lifecycle.py:_atexit():L33 Restarting Qtile with os.execv(...)
2023-11-10 02:32:03,782 ERROR libqtile utils.py:import_class():L233 Unmet dependencies for 'libqtile.widget.net.Net':
Traceback (most recent call last):
  File "/usr/lib/python3.11/site-packages/libqtile/utils.py", line 230, in import_class
    module = importlib.import_module(module_path, __package__)
             ^^^^^^^^^^^^^^^^^^^^^^^^^^^^^^^^^^^^^^^^^^^^^^^^^
  File "/usr/lib/python3.11/importlib/__init__.py", line 126, in import_module
    return _bootstrap._gcd_import(name[level:], package, level)
           ^^^^^^^^^^^^^^^^^^^^^^^^^^^^^^^^^^^^^^^^^^^^^^^^^^^^
  File "<frozen importlib._bootstrap>", line 1204, in _gcd_import
  File "<frozen importlib._bootstrap>", line 1176, in _find_and_load
  File "<frozen importlib._bootstrap>", line 1147, in _find_and_load_unlocked
  File "<frozen importlib._bootstrap>", line 690, in _load_unlocked
  File "<frozen importlib._bootstrap_external>", line 940, in exec_module
  File "<frozen importlib._bootstrap>", line 241, in _call_with_frames_removed
  File "/usr/lib/python3.11/site-packages/libqtile/widget/net.py", line 25, in <module>
    import psutil
ModuleNotFoundError: No module named 'psutil'
2023-11-10 02:32:03,905 WARNING libqtile manager.py:grab_key():L477 Key spec duplicated, overriding previous: <Key (['mod4'], r)>
2023-11-10 02:32:04,026 WARNING libqtile sleep.py:start():L86 dbus-next is not installed. Cannot run inhibitor process.
2023-11-10 02:32:14,884 ERROR libqtile utils.py:import_class():L233 Unmet dependencies for 'libqtile.widget.net.Net':
Traceback (most recent call last):
  File "/usr/lib/python3.11/site-packages/libqtile/utils.py", line 230, in import_class
    module = importlib.import_module(module_path, __package__)
             ^^^^^^^^^^^^^^^^^^^^^^^^^^^^^^^^^^^^^^^^^^^^^^^^^
  File "/usr/lib/python3.11/importlib/__init__.py", line 126, in import_module
    return _bootstrap._gcd_import(name[level:], package, level)
           ^^^^^^^^^^^^^^^^^^^^^^^^^^^^^^^^^^^^^^^^^^^^^^^^^^^^
  File "<frozen importlib._bootstrap>", line 1204, in _gcd_import
  File "<frozen importlib._bootstrap>", line 1176, in _find_and_load
  File "<frozen importlib._bootstrap>", line 1147, in _find_and_load_unlocked
  File "<frozen importlib._bootstrap>", line 690, in _load_unlocked
  File "<frozen importlib._bootstrap_external>", line 940, in exec_module
  File "<frozen importlib._bootstrap>", line 241, in _call_with_frames_removed
  File "/usr/lib/python3.11/site-packages/libqtile/widget/net.py", line 25, in <module>
    import psutil
ModuleNotFoundError: No module named 'psutil'
2023-11-10 02:32:14,925 WARNING libqtile lifecycle.py:_atexit():L33 Restarting Qtile with os.execv(...)
2023-11-10 02:32:15,436 ERROR libqtile utils.py:import_class():L233 Unmet dependencies for 'libqtile.widget.net.Net':
Traceback (most recent call last):
  File "/usr/lib/python3.11/site-packages/libqtile/utils.py", line 230, in import_class
    module = importlib.import_module(module_path, __package__)
             ^^^^^^^^^^^^^^^^^^^^^^^^^^^^^^^^^^^^^^^^^^^^^^^^^
  File "/usr/lib/python3.11/importlib/__init__.py", line 126, in import_module
    return _bootstrap._gcd_import(name[level:], package, level)
           ^^^^^^^^^^^^^^^^^^^^^^^^^^^^^^^^^^^^^^^^^^^^^^^^^^^^
  File "<frozen importlib._bootstrap>", line 1204, in _gcd_import
  File "<frozen importlib._bootstrap>", line 1176, in _find_and_load
  File "<frozen importlib._bootstrap>", line 1147, in _find_and_load_unlocked
  File "<frozen importlib._bootstrap>", line 690, in _load_unlocked
  File "<frozen importlib._bootstrap_external>", line 940, in exec_module
  File "<frozen importlib._bootstrap>", line 241, in _call_with_frames_removed
  File "/usr/lib/python3.11/site-packages/libqtile/widget/net.py", line 25, in <module>
    import psutil
ModuleNotFoundError: No module named 'psutil'
2023-11-10 02:32:15,551 WARNING libqtile manager.py:grab_key():L477 Key spec duplicated, overriding previous: <Key (['mod4'], r)>
2023-11-10 02:32:15,662 WARNING libqtile sleep.py:start():L86 dbus-next is not installed. Cannot run inhibitor process.
2023-11-10 02:32:32,041 ERROR libqtile utils.py:import_class():L233 Unmet dependencies for 'libqtile.widget.net.Net':
Traceback (most recent call last):
  File "/usr/lib/python3.11/site-packages/libqtile/utils.py", line 230, in import_class
    module = importlib.import_module(module_path, __package__)
             ^^^^^^^^^^^^^^^^^^^^^^^^^^^^^^^^^^^^^^^^^^^^^^^^^
  File "/usr/lib/python3.11/importlib/__init__.py", line 126, in import_module
    return _bootstrap._gcd_import(name[level:], package, level)
           ^^^^^^^^^^^^^^^^^^^^^^^^^^^^^^^^^^^^^^^^^^^^^^^^^^^^
  File "<frozen importlib._bootstrap>", line 1204, in _gcd_import
  File "<frozen importlib._bootstrap>", line 1176, in _find_and_load
  File "<frozen importlib._bootstrap>", line 1147, in _find_and_load_unlocked
  File "<frozen importlib._bootstrap>", line 690, in _load_unlocked
  File "<frozen importlib._bootstrap_external>", line 940, in exec_module
  File "<frozen importlib._bootstrap>", line 241, in _call_with_frames_removed
  File "/usr/lib/python3.11/site-packages/libqtile/widget/net.py", line 25, in <module>
    import psutil
ModuleNotFoundError: No module named 'psutil'
2023-11-10 02:32:32,089 WARNING libqtile lifecycle.py:_atexit():L33 Restarting Qtile with os.execv(...)
2023-11-10 02:32:32,618 ERROR libqtile utils.py:import_class():L233 Unmet dependencies for 'libqtile.widget.net.Net':
Traceback (most recent call last):
  File "/usr/lib/python3.11/site-packages/libqtile/utils.py", line 230, in import_class
    module = importlib.import_module(module_path, __package__)
             ^^^^^^^^^^^^^^^^^^^^^^^^^^^^^^^^^^^^^^^^^^^^^^^^^
  File "/usr/lib/python3.11/importlib/__init__.py", line 126, in import_module
    return _bootstrap._gcd_import(name[level:], package, level)
           ^^^^^^^^^^^^^^^^^^^^^^^^^^^^^^^^^^^^^^^^^^^^^^^^^^^^
  File "<frozen importlib._bootstrap>", line 1204, in _gcd_import
  File "<frozen importlib._bootstrap>", line 1176, in _find_and_load
  File "<frozen importlib._bootstrap>", line 1147, in _find_and_load_unlocked
  File "<frozen importlib._bootstrap>", line 690, in _load_unlocked
  File "<frozen importlib._bootstrap_external>", line 940, in exec_module
  File "<frozen importlib._bootstrap>", line 241, in _call_with_frames_removed
  File "/usr/lib/python3.11/site-packages/libqtile/widget/net.py", line 25, in <module>
    import psutil
ModuleNotFoundError: No module named 'psutil'
2023-11-10 02:32:32,769 WARNING libqtile manager.py:grab_key():L477 Key spec duplicated, overriding previous: <Key (['mod4'], r)>
2023-11-10 02:32:32,889 WARNING libqtile sleep.py:start():L86 dbus-next is not installed. Cannot run inhibitor process.
2023-11-10 02:33:38,615 ERROR libqtile utils.py:import_class():L233 Unmet dependencies for 'libqtile.widget.net.Net':
Traceback (most recent call last):
  File "/usr/lib/python3.11/site-packages/libqtile/utils.py", line 230, in import_class
    module = importlib.import_module(module_path, __package__)
             ^^^^^^^^^^^^^^^^^^^^^^^^^^^^^^^^^^^^^^^^^^^^^^^^^
  File "/usr/lib/python3.11/importlib/__init__.py", line 126, in import_module
    return _bootstrap._gcd_import(name[level:], package, level)
           ^^^^^^^^^^^^^^^^^^^^^^^^^^^^^^^^^^^^^^^^^^^^^^^^^^^^
  File "<frozen importlib._bootstrap>", line 1204, in _gcd_import
  File "<frozen importlib._bootstrap>", line 1176, in _find_and_load
  File "<frozen importlib._bootstrap>", line 1147, in _find_and_load_unlocked
  File "<frozen importlib._bootstrap>", line 690, in _load_unlocked
  File "<frozen importlib._bootstrap_external>", line 940, in exec_module
  File "<frozen importlib._bootstrap>", line 241, in _call_with_frames_removed
  File "/usr/lib/python3.11/site-packages/libqtile/widget/net.py", line 25, in <module>
    import psutil
ModuleNotFoundError: No module named 'psutil'
2023-11-10 02:33:38,656 WARNING libqtile lifecycle.py:_atexit():L33 Restarting Qtile with os.execv(...)
2023-11-10 02:33:39,181 ERROR libqtile utils.py:import_class():L233 Unmet dependencies for 'libqtile.widget.net.Net':
Traceback (most recent call last):
  File "/usr/lib/python3.11/site-packages/libqtile/utils.py", line 230, in import_class
    module = importlib.import_module(module_path, __package__)
             ^^^^^^^^^^^^^^^^^^^^^^^^^^^^^^^^^^^^^^^^^^^^^^^^^
  File "/usr/lib/python3.11/importlib/__init__.py", line 126, in import_module
    return _bootstrap._gcd_import(name[level:], package, level)
           ^^^^^^^^^^^^^^^^^^^^^^^^^^^^^^^^^^^^^^^^^^^^^^^^^^^^
  File "<frozen importlib._bootstrap>", line 1204, in _gcd_import
  File "<frozen importlib._bootstrap>", line 1176, in _find_and_load
  File "<frozen importlib._bootstrap>", line 1147, in _find_and_load_unlocked
  File "<frozen importlib._bootstrap>", line 690, in _load_unlocked
  File "<frozen importlib._bootstrap_external>", line 940, in exec_module
  File "<frozen importlib._bootstrap>", line 241, in _call_with_frames_removed
  File "/usr/lib/python3.11/site-packages/libqtile/widget/net.py", line 25, in <module>
    import psutil
ModuleNotFoundError: No module named 'psutil'
2023-11-10 02:33:39,320 WARNING libqtile manager.py:grab_key():L477 Key spec duplicated, overriding previous: <Key (['mod4'], r)>
2023-11-10 02:33:39,441 WARNING libqtile sleep.py:start():L86 dbus-next is not installed. Cannot run inhibitor process.
2023-11-10 02:33:55,916 ERROR libqtile utils.py:import_class():L233 Unmet dependencies for 'libqtile.widget.net.Net':
Traceback (most recent call last):
  File "/usr/lib/python3.11/site-packages/libqtile/utils.py", line 230, in import_class
    module = importlib.import_module(module_path, __package__)
             ^^^^^^^^^^^^^^^^^^^^^^^^^^^^^^^^^^^^^^^^^^^^^^^^^
  File "/usr/lib/python3.11/importlib/__init__.py", line 126, in import_module
    return _bootstrap._gcd_import(name[level:], package, level)
           ^^^^^^^^^^^^^^^^^^^^^^^^^^^^^^^^^^^^^^^^^^^^^^^^^^^^
  File "<frozen importlib._bootstrap>", line 1204, in _gcd_import
  File "<frozen importlib._bootstrap>", line 1176, in _find_and_load
  File "<frozen importlib._bootstrap>", line 1147, in _find_and_load_unlocked
  File "<frozen importlib._bootstrap>", line 690, in _load_unlocked
  File "<frozen importlib._bootstrap_external>", line 940, in exec_module
  File "<frozen importlib._bootstrap>", line 241, in _call_with_frames_removed
  File "/usr/lib/python3.11/site-packages/libqtile/widget/net.py", line 25, in <module>
    import psutil
ModuleNotFoundError: No module named 'psutil'
2023-11-10 02:33:55,971 WARNING libqtile lifecycle.py:_atexit():L33 Restarting Qtile with os.execv(...)
2023-11-10 02:33:56,507 ERROR libqtile utils.py:import_class():L233 Unmet dependencies for 'libqtile.widget.net.Net':
Traceback (most recent call last):
  File "/usr/lib/python3.11/site-packages/libqtile/utils.py", line 230, in import_class
    module = importlib.import_module(module_path, __package__)
             ^^^^^^^^^^^^^^^^^^^^^^^^^^^^^^^^^^^^^^^^^^^^^^^^^
  File "/usr/lib/python3.11/importlib/__init__.py", line 126, in import_module
    return _bootstrap._gcd_import(name[level:], package, level)
           ^^^^^^^^^^^^^^^^^^^^^^^^^^^^^^^^^^^^^^^^^^^^^^^^^^^^
  File "<frozen importlib._bootstrap>", line 1204, in _gcd_import
  File "<frozen importlib._bootstrap>", line 1176, in _find_and_load
  File "<frozen importlib._bootstrap>", line 1147, in _find_and_load_unlocked
  File "<frozen importlib._bootstrap>", line 690, in _load_unlocked
  File "<frozen importlib._bootstrap_external>", line 940, in exec_module
  File "<frozen importlib._bootstrap>", line 241, in _call_with_frames_removed
  File "/usr/lib/python3.11/site-packages/libqtile/widget/net.py", line 25, in <module>
    import psutil
ModuleNotFoundError: No module named 'psutil'
2023-11-10 02:33:56,632 WARNING libqtile manager.py:grab_key():L477 Key spec duplicated, overriding previous: <Key (['mod4'], r)>
2023-11-10 02:33:56,741 WARNING libqtile sleep.py:start():L86 dbus-next is not installed. Cannot run inhibitor process.
2023-11-10 02:34:11,084 ERROR libqtile utils.py:import_class():L233 Unmet dependencies for 'libqtile.widget.net.Net':
Traceback (most recent call last):
  File "/usr/lib/python3.11/site-packages/libqtile/utils.py", line 230, in import_class
    module = importlib.import_module(module_path, __package__)
             ^^^^^^^^^^^^^^^^^^^^^^^^^^^^^^^^^^^^^^^^^^^^^^^^^
  File "/usr/lib/python3.11/importlib/__init__.py", line 126, in import_module
    return _bootstrap._gcd_import(name[level:], package, level)
           ^^^^^^^^^^^^^^^^^^^^^^^^^^^^^^^^^^^^^^^^^^^^^^^^^^^^
  File "<frozen importlib._bootstrap>", line 1204, in _gcd_import
  File "<frozen importlib._bootstrap>", line 1176, in _find_and_load
  File "<frozen importlib._bootstrap>", line 1147, in _find_and_load_unlocked
  File "<frozen importlib._bootstrap>", line 690, in _load_unlocked
  File "<frozen importlib._bootstrap_external>", line 940, in exec_module
  File "<frozen importlib._bootstrap>", line 241, in _call_with_frames_removed
  File "/usr/lib/python3.11/site-packages/libqtile/widget/net.py", line 25, in <module>
    import psutil
ModuleNotFoundError: No module named 'psutil'
2023-11-10 02:34:11,154 WARNING libqtile lifecycle.py:_atexit():L33 Restarting Qtile with os.execv(...)
2023-11-10 02:34:11,668 ERROR libqtile utils.py:import_class():L233 Unmet dependencies for 'libqtile.widget.net.Net':
Traceback (most recent call last):
  File "/usr/lib/python3.11/site-packages/libqtile/utils.py", line 230, in import_class
    module = importlib.import_module(module_path, __package__)
             ^^^^^^^^^^^^^^^^^^^^^^^^^^^^^^^^^^^^^^^^^^^^^^^^^
  File "/usr/lib/python3.11/importlib/__init__.py", line 126, in import_module
    return _bootstrap._gcd_import(name[level:], package, level)
           ^^^^^^^^^^^^^^^^^^^^^^^^^^^^^^^^^^^^^^^^^^^^^^^^^^^^
  File "<frozen importlib._bootstrap>", line 1204, in _gcd_import
  File "<frozen importlib._bootstrap>", line 1176, in _find_and_load
  File "<frozen importlib._bootstrap>", line 1147, in _find_and_load_unlocked
  File "<frozen importlib._bootstrap>", line 690, in _load_unlocked
  File "<frozen importlib._bootstrap_external>", line 940, in exec_module
  File "<frozen importlib._bootstrap>", line 241, in _call_with_frames_removed
  File "/usr/lib/python3.11/site-packages/libqtile/widget/net.py", line 25, in <module>
    import psutil
ModuleNotFoundError: No module named 'psutil'
2023-11-10 02:34:11,817 WARNING libqtile manager.py:grab_key():L477 Key spec duplicated, overriding previous: <Key (['mod4'], r)>
2023-11-10 02:34:11,930 WARNING libqtile sleep.py:start():L86 dbus-next is not installed. Cannot run inhibitor process.
2023-11-10 02:34:18,459 ERROR libqtile utils.py:import_class():L233 Unmet dependencies for 'libqtile.widget.net.Net':
Traceback (most recent call last):
  File "/usr/lib/python3.11/site-packages/libqtile/utils.py", line 230, in import_class
    module = importlib.import_module(module_path, __package__)
             ^^^^^^^^^^^^^^^^^^^^^^^^^^^^^^^^^^^^^^^^^^^^^^^^^
  File "/usr/lib/python3.11/importlib/__init__.py", line 126, in import_module
    return _bootstrap._gcd_import(name[level:], package, level)
           ^^^^^^^^^^^^^^^^^^^^^^^^^^^^^^^^^^^^^^^^^^^^^^^^^^^^
  File "<frozen importlib._bootstrap>", line 1204, in _gcd_import
  File "<frozen importlib._bootstrap>", line 1176, in _find_and_load
  File "<frozen importlib._bootstrap>", line 1147, in _find_and_load_unlocked
  File "<frozen importlib._bootstrap>", line 690, in _load_unlocked
  File "<frozen importlib._bootstrap_external>", line 940, in exec_module
  File "<frozen importlib._bootstrap>", line 241, in _call_with_frames_removed
  File "/usr/lib/python3.11/site-packages/libqtile/widget/net.py", line 25, in <module>
    import psutil
ModuleNotFoundError: No module named 'psutil'
2023-11-10 02:34:18,515 WARNING libqtile lifecycle.py:_atexit():L33 Restarting Qtile with os.execv(...)
2023-11-10 02:34:19,031 ERROR libqtile utils.py:import_class():L233 Unmet dependencies for 'libqtile.widget.net.Net':
Traceback (most recent call last):
  File "/usr/lib/python3.11/site-packages/libqtile/utils.py", line 230, in import_class
    module = importlib.import_module(module_path, __package__)
             ^^^^^^^^^^^^^^^^^^^^^^^^^^^^^^^^^^^^^^^^^^^^^^^^^
  File "/usr/lib/python3.11/importlib/__init__.py", line 126, in import_module
    return _bootstrap._gcd_import(name[level:], package, level)
           ^^^^^^^^^^^^^^^^^^^^^^^^^^^^^^^^^^^^^^^^^^^^^^^^^^^^
  File "<frozen importlib._bootstrap>", line 1204, in _gcd_import
  File "<frozen importlib._bootstrap>", line 1176, in _find_and_load
  File "<frozen importlib._bootstrap>", line 1147, in _find_and_load_unlocked
  File "<frozen importlib._bootstrap>", line 690, in _load_unlocked
  File "<frozen importlib._bootstrap_external>", line 940, in exec_module
  File "<frozen importlib._bootstrap>", line 241, in _call_with_frames_removed
  File "/usr/lib/python3.11/site-packages/libqtile/widget/net.py", line 25, in <module>
    import psutil
ModuleNotFoundError: No module named 'psutil'
2023-11-10 02:34:19,157 WARNING libqtile manager.py:grab_key():L477 Key spec duplicated, overriding previous: <Key (['mod4'], r)>
2023-11-10 02:34:19,272 WARNING libqtile sleep.py:start():L86 dbus-next is not installed. Cannot run inhibitor process.
2023-11-10 02:34:36,775 ERROR libqtile utils.py:import_class():L233 Unmet dependencies for 'libqtile.widget.net.Net':
Traceback (most recent call last):
  File "/usr/lib/python3.11/site-packages/libqtile/utils.py", line 230, in import_class
    module = importlib.import_module(module_path, __package__)
             ^^^^^^^^^^^^^^^^^^^^^^^^^^^^^^^^^^^^^^^^^^^^^^^^^
  File "/usr/lib/python3.11/importlib/__init__.py", line 126, in import_module
    return _bootstrap._gcd_import(name[level:], package, level)
           ^^^^^^^^^^^^^^^^^^^^^^^^^^^^^^^^^^^^^^^^^^^^^^^^^^^^
  File "<frozen importlib._bootstrap>", line 1204, in _gcd_import
  File "<frozen importlib._bootstrap>", line 1176, in _find_and_load
  File "<frozen importlib._bootstrap>", line 1147, in _find_and_load_unlocked
  File "<frozen importlib._bootstrap>", line 690, in _load_unlocked
  File "<frozen importlib._bootstrap_external>", line 940, in exec_module
  File "<frozen importlib._bootstrap>", line 241, in _call_with_frames_removed
  File "/usr/lib/python3.11/site-packages/libqtile/widget/net.py", line 25, in <module>
    import psutil
ModuleNotFoundError: No module named 'psutil'
2023-11-10 02:34:36,827 WARNING libqtile lifecycle.py:_atexit():L33 Restarting Qtile with os.execv(...)
2023-11-10 02:34:37,368 ERROR libqtile utils.py:import_class():L233 Unmet dependencies for 'libqtile.widget.net.Net':
Traceback (most recent call last):
  File "/usr/lib/python3.11/site-packages/libqtile/utils.py", line 230, in import_class
    module = importlib.import_module(module_path, __package__)
             ^^^^^^^^^^^^^^^^^^^^^^^^^^^^^^^^^^^^^^^^^^^^^^^^^
  File "/usr/lib/python3.11/importlib/__init__.py", line 126, in import_module
    return _bootstrap._gcd_import(name[level:], package, level)
           ^^^^^^^^^^^^^^^^^^^^^^^^^^^^^^^^^^^^^^^^^^^^^^^^^^^^
  File "<frozen importlib._bootstrap>", line 1204, in _gcd_import
  File "<frozen importlib._bootstrap>", line 1176, in _find_and_load
  File "<frozen importlib._bootstrap>", line 1147, in _find_and_load_unlocked
  File "<frozen importlib._bootstrap>", line 690, in _load_unlocked
  File "<frozen importlib._bootstrap_external>", line 940, in exec_module
  File "<frozen importlib._bootstrap>", line 241, in _call_with_frames_removed
  File "/usr/lib/python3.11/site-packages/libqtile/widget/net.py", line 25, in <module>
    import psutil
ModuleNotFoundError: No module named 'psutil'
2023-11-10 02:34:37,492 WARNING libqtile manager.py:grab_key():L477 Key spec duplicated, overriding previous: <Key (['mod4'], r)>
2023-11-10 02:34:37,605 WARNING libqtile sleep.py:start():L86 dbus-next is not installed. Cannot run inhibitor process.
2023-11-10 02:34:44,972 ERROR libqtile utils.py:import_class():L233 Unmet dependencies for 'libqtile.widget.net.Net':
Traceback (most recent call last):
  File "/usr/lib/python3.11/site-packages/libqtile/utils.py", line 230, in import_class
    module = importlib.import_module(module_path, __package__)
             ^^^^^^^^^^^^^^^^^^^^^^^^^^^^^^^^^^^^^^^^^^^^^^^^^
  File "/usr/lib/python3.11/importlib/__init__.py", line 126, in import_module
    return _bootstrap._gcd_import(name[level:], package, level)
           ^^^^^^^^^^^^^^^^^^^^^^^^^^^^^^^^^^^^^^^^^^^^^^^^^^^^
  File "<frozen importlib._bootstrap>", line 1204, in _gcd_import
  File "<frozen importlib._bootstrap>", line 1176, in _find_and_load
  File "<frozen importlib._bootstrap>", line 1147, in _find_and_load_unlocked
  File "<frozen importlib._bootstrap>", line 690, in _load_unlocked
  File "<frozen importlib._bootstrap_external>", line 940, in exec_module
  File "<frozen importlib._bootstrap>", line 241, in _call_with_frames_removed
  File "/usr/lib/python3.11/site-packages/libqtile/widget/net.py", line 25, in <module>
    import psutil
ModuleNotFoundError: No module named 'psutil'
2023-11-10 02:34:45,011 WARNING libqtile lifecycle.py:_atexit():L33 Restarting Qtile with os.execv(...)
2023-11-10 02:34:45,528 ERROR libqtile utils.py:import_class():L233 Unmet dependencies for 'libqtile.widget.net.Net':
Traceback (most recent call last):
  File "/usr/lib/python3.11/site-packages/libqtile/utils.py", line 230, in import_class
    module = importlib.import_module(module_path, __package__)
             ^^^^^^^^^^^^^^^^^^^^^^^^^^^^^^^^^^^^^^^^^^^^^^^^^
  File "/usr/lib/python3.11/importlib/__init__.py", line 126, in import_module
    return _bootstrap._gcd_import(name[level:], package, level)
           ^^^^^^^^^^^^^^^^^^^^^^^^^^^^^^^^^^^^^^^^^^^^^^^^^^^^
  File "<frozen importlib._bootstrap>", line 1204, in _gcd_import
  File "<frozen importlib._bootstrap>", line 1176, in _find_and_load
  File "<frozen importlib._bootstrap>", line 1147, in _find_and_load_unlocked
  File "<frozen importlib._bootstrap>", line 690, in _load_unlocked
  File "<frozen importlib._bootstrap_external>", line 940, in exec_module
  File "<frozen importlib._bootstrap>", line 241, in _call_with_frames_removed
  File "/usr/lib/python3.11/site-packages/libqtile/widget/net.py", line 25, in <module>
    import psutil
ModuleNotFoundError: No module named 'psutil'
2023-11-10 02:34:45,652 WARNING libqtile manager.py:grab_key():L477 Key spec duplicated, overriding previous: <Key (['mod4'], r)>
2023-11-10 02:34:45,763 WARNING libqtile sleep.py:start():L86 dbus-next is not installed. Cannot run inhibitor process.
2023-11-10 02:34:51,944 ERROR libqtile utils.py:import_class():L233 Unmet dependencies for 'libqtile.widget.net.Net':
Traceback (most recent call last):
  File "/usr/lib/python3.11/site-packages/libqtile/utils.py", line 230, in import_class
    module = importlib.import_module(module_path, __package__)
             ^^^^^^^^^^^^^^^^^^^^^^^^^^^^^^^^^^^^^^^^^^^^^^^^^
  File "/usr/lib/python3.11/importlib/__init__.py", line 126, in import_module
    return _bootstrap._gcd_import(name[level:], package, level)
           ^^^^^^^^^^^^^^^^^^^^^^^^^^^^^^^^^^^^^^^^^^^^^^^^^^^^
  File "<frozen importlib._bootstrap>", line 1204, in _gcd_import
  File "<frozen importlib._bootstrap>", line 1176, in _find_and_load
  File "<frozen importlib._bootstrap>", line 1147, in _find_and_load_unlocked
  File "<frozen importlib._bootstrap>", line 690, in _load_unlocked
  File "<frozen importlib._bootstrap_external>", line 940, in exec_module
  File "<frozen importlib._bootstrap>", line 241, in _call_with_frames_removed
  File "/usr/lib/python3.11/site-packages/libqtile/widget/net.py", line 25, in <module>
    import psutil
ModuleNotFoundError: No module named 'psutil'
2023-11-10 02:34:52,014 WARNING libqtile lifecycle.py:_atexit():L33 Restarting Qtile with os.execv(...)
2023-11-10 02:34:52,540 ERROR libqtile utils.py:import_class():L233 Unmet dependencies for 'libqtile.widget.net.Net':
Traceback (most recent call last):
  File "/usr/lib/python3.11/site-packages/libqtile/utils.py", line 230, in import_class
    module = importlib.import_module(module_path, __package__)
             ^^^^^^^^^^^^^^^^^^^^^^^^^^^^^^^^^^^^^^^^^^^^^^^^^
  File "/usr/lib/python3.11/importlib/__init__.py", line 126, in import_module
    return _bootstrap._gcd_import(name[level:], package, level)
           ^^^^^^^^^^^^^^^^^^^^^^^^^^^^^^^^^^^^^^^^^^^^^^^^^^^^
  File "<frozen importlib._bootstrap>", line 1204, in _gcd_import
  File "<frozen importlib._bootstrap>", line 1176, in _find_and_load
  File "<frozen importlib._bootstrap>", line 1147, in _find_and_load_unlocked
  File "<frozen importlib._bootstrap>", line 690, in _load_unlocked
  File "<frozen importlib._bootstrap_external>", line 940, in exec_module
  File "<frozen importlib._bootstrap>", line 241, in _call_with_frames_removed
  File "/usr/lib/python3.11/site-packages/libqtile/widget/net.py", line 25, in <module>
    import psutil
ModuleNotFoundError: No module named 'psutil'
2023-11-10 02:34:52,653 WARNING libqtile manager.py:grab_key():L477 Key spec duplicated, overriding previous: <Key (['mod4'], r)>
2023-11-10 02:34:52,764 WARNING libqtile sleep.py:start():L86 dbus-next is not installed. Cannot run inhibitor process.
2023-11-10 02:36:05,510 ERROR libqtile utils.py:import_class():L233 Unmet dependencies for 'libqtile.widget.net.Net':
Traceback (most recent call last):
  File "/usr/lib/python3.11/site-packages/libqtile/utils.py", line 230, in import_class
    module = importlib.import_module(module_path, __package__)
             ^^^^^^^^^^^^^^^^^^^^^^^^^^^^^^^^^^^^^^^^^^^^^^^^^
  File "/usr/lib/python3.11/importlib/__init__.py", line 126, in import_module
    return _bootstrap._gcd_import(name[level:], package, level)
           ^^^^^^^^^^^^^^^^^^^^^^^^^^^^^^^^^^^^^^^^^^^^^^^^^^^^
  File "<frozen importlib._bootstrap>", line 1204, in _gcd_import
  File "<frozen importlib._bootstrap>", line 1176, in _find_and_load
  File "<frozen importlib._bootstrap>", line 1147, in _find_and_load_unlocked
  File "<frozen importlib._bootstrap>", line 690, in _load_unlocked
  File "<frozen importlib._bootstrap_external>", line 940, in exec_module
  File "<frozen importlib._bootstrap>", line 241, in _call_with_frames_removed
  File "/usr/lib/python3.11/site-packages/libqtile/widget/net.py", line 25, in <module>
    import psutil
ModuleNotFoundError: No module named 'psutil'
2023-11-10 02:36:05,548 WARNING libqtile lifecycle.py:_atexit():L33 Restarting Qtile with os.execv(...)
2023-11-10 02:36:06,078 ERROR libqtile utils.py:import_class():L233 Unmet dependencies for 'libqtile.widget.net.Net':
Traceback (most recent call last):
  File "/usr/lib/python3.11/site-packages/libqtile/utils.py", line 230, in import_class
    module = importlib.import_module(module_path, __package__)
             ^^^^^^^^^^^^^^^^^^^^^^^^^^^^^^^^^^^^^^^^^^^^^^^^^
  File "/usr/lib/python3.11/importlib/__init__.py", line 126, in import_module
    return _bootstrap._gcd_import(name[level:], package, level)
           ^^^^^^^^^^^^^^^^^^^^^^^^^^^^^^^^^^^^^^^^^^^^^^^^^^^^
  File "<frozen importlib._bootstrap>", line 1204, in _gcd_import
  File "<frozen importlib._bootstrap>", line 1176, in _find_and_load
  File "<frozen importlib._bootstrap>", line 1147, in _find_and_load_unlocked
  File "<frozen importlib._bootstrap>", line 690, in _load_unlocked
  File "<frozen importlib._bootstrap_external>", line 940, in exec_module
  File "<frozen importlib._bootstrap>", line 241, in _call_with_frames_removed
  File "/usr/lib/python3.11/site-packages/libqtile/widget/net.py", line 25, in <module>
    import psutil
ModuleNotFoundError: No module named 'psutil'
2023-11-10 02:36:06,245 WARNING libqtile manager.py:grab_key():L477 Key spec duplicated, overriding previous: <Key (['mod4'], r)>
2023-11-10 02:36:06,381 WARNING libqtile sleep.py:start():L86 dbus-next is not installed. Cannot run inhibitor process.
2023-11-10 02:37:08,962 ERROR libqtile utils.py:import_class():L233 Unmet dependencies for 'libqtile.widget.net.Net':
Traceback (most recent call last):
  File "/usr/lib/python3.11/site-packages/libqtile/utils.py", line 230, in import_class
    module = importlib.import_module(module_path, __package__)
             ^^^^^^^^^^^^^^^^^^^^^^^^^^^^^^^^^^^^^^^^^^^^^^^^^
  File "/usr/lib/python3.11/importlib/__init__.py", line 126, in import_module
    return _bootstrap._gcd_import(name[level:], package, level)
           ^^^^^^^^^^^^^^^^^^^^^^^^^^^^^^^^^^^^^^^^^^^^^^^^^^^^
  File "<frozen importlib._bootstrap>", line 1204, in _gcd_import
  File "<frozen importlib._bootstrap>", line 1176, in _find_and_load
  File "<frozen importlib._bootstrap>", line 1147, in _find_and_load_unlocked
  File "<frozen importlib._bootstrap>", line 690, in _load_unlocked
  File "<frozen importlib._bootstrap_external>", line 940, in exec_module
  File "<frozen importlib._bootstrap>", line 241, in _call_with_frames_removed
  File "/usr/lib/python3.11/site-packages/libqtile/widget/net.py", line 25, in <module>
    import psutil
ModuleNotFoundError: No module named 'psutil'
2023-11-10 02:37:09,001 WARNING libqtile lifecycle.py:_atexit():L33 Restarting Qtile with os.execv(...)
2023-11-10 02:37:09,540 ERROR libqtile utils.py:import_class():L233 Unmet dependencies for 'libqtile.widget.net.Net':
Traceback (most recent call last):
  File "/usr/lib/python3.11/site-packages/libqtile/utils.py", line 230, in import_class
    module = importlib.import_module(module_path, __package__)
             ^^^^^^^^^^^^^^^^^^^^^^^^^^^^^^^^^^^^^^^^^^^^^^^^^
  File "/usr/lib/python3.11/importlib/__init__.py", line 126, in import_module
    return _bootstrap._gcd_import(name[level:], package, level)
           ^^^^^^^^^^^^^^^^^^^^^^^^^^^^^^^^^^^^^^^^^^^^^^^^^^^^
  File "<frozen importlib._bootstrap>", line 1204, in _gcd_import
  File "<frozen importlib._bootstrap>", line 1176, in _find_and_load
  File "<frozen importlib._bootstrap>", line 1147, in _find_and_load_unlocked
  File "<frozen importlib._bootstrap>", line 690, in _load_unlocked
  File "<frozen importlib._bootstrap_external>", line 940, in exec_module
  File "<frozen importlib._bootstrap>", line 241, in _call_with_frames_removed
  File "/usr/lib/python3.11/site-packages/libqtile/widget/net.py", line 25, in <module>
    import psutil
ModuleNotFoundError: No module named 'psutil'
2023-11-10 02:37:09,652 WARNING libqtile manager.py:grab_key():L477 Key spec duplicated, overriding previous: <Key (['mod4'], r)>
2023-11-10 02:37:09,820 WARNING libqtile sleep.py:start():L86 dbus-next is not installed. Cannot run inhibitor process.
2023-11-10 02:37:19,665 ERROR libqtile utils.py:import_class():L233 Unmet dependencies for 'libqtile.widget.net.Net':
Traceback (most recent call last):
  File "/usr/lib/python3.11/site-packages/libqtile/utils.py", line 230, in import_class
    module = importlib.import_module(module_path, __package__)
             ^^^^^^^^^^^^^^^^^^^^^^^^^^^^^^^^^^^^^^^^^^^^^^^^^
  File "/usr/lib/python3.11/importlib/__init__.py", line 126, in import_module
    return _bootstrap._gcd_import(name[level:], package, level)
           ^^^^^^^^^^^^^^^^^^^^^^^^^^^^^^^^^^^^^^^^^^^^^^^^^^^^
  File "<frozen importlib._bootstrap>", line 1204, in _gcd_import
  File "<frozen importlib._bootstrap>", line 1176, in _find_and_load
  File "<frozen importlib._bootstrap>", line 1147, in _find_and_load_unlocked
  File "<frozen importlib._bootstrap>", line 690, in _load_unlocked
  File "<frozen importlib._bootstrap_external>", line 940, in exec_module
  File "<frozen importlib._bootstrap>", line 241, in _call_with_frames_removed
  File "/usr/lib/python3.11/site-packages/libqtile/widget/net.py", line 25, in <module>
    import psutil
ModuleNotFoundError: No module named 'psutil'
2023-11-10 02:37:19,737 WARNING libqtile lifecycle.py:_atexit():L33 Restarting Qtile with os.execv(...)
2023-11-10 02:37:20,277 ERROR libqtile utils.py:import_class():L233 Unmet dependencies for 'libqtile.widget.net.Net':
Traceback (most recent call last):
  File "/usr/lib/python3.11/site-packages/libqtile/utils.py", line 230, in import_class
    module = importlib.import_module(module_path, __package__)
             ^^^^^^^^^^^^^^^^^^^^^^^^^^^^^^^^^^^^^^^^^^^^^^^^^
  File "/usr/lib/python3.11/importlib/__init__.py", line 126, in import_module
    return _bootstrap._gcd_import(name[level:], package, level)
           ^^^^^^^^^^^^^^^^^^^^^^^^^^^^^^^^^^^^^^^^^^^^^^^^^^^^
  File "<frozen importlib._bootstrap>", line 1204, in _gcd_import
  File "<frozen importlib._bootstrap>", line 1176, in _find_and_load
  File "<frozen importlib._bootstrap>", line 1147, in _find_and_load_unlocked
  File "<frozen importlib._bootstrap>", line 690, in _load_unlocked
  File "<frozen importlib._bootstrap_external>", line 940, in exec_module
  File "<frozen importlib._bootstrap>", line 241, in _call_with_frames_removed
  File "/usr/lib/python3.11/site-packages/libqtile/widget/net.py", line 25, in <module>
    import psutil
ModuleNotFoundError: No module named 'psutil'
2023-11-10 02:37:20,402 WARNING libqtile manager.py:grab_key():L477 Key spec duplicated, overriding previous: <Key (['mod4'], r)>
2023-11-10 02:37:20,550 WARNING libqtile sleep.py:start():L86 dbus-next is not installed. Cannot run inhibitor process.
2023-11-10 02:41:09,295 ERROR libqtile utils.py:import_class():L233 Unmet dependencies for 'libqtile.widget.net.Net':
Traceback (most recent call last):
  File "/usr/lib/python3.11/site-packages/libqtile/utils.py", line 230, in import_class
    module = importlib.import_module(module_path, __package__)
             ^^^^^^^^^^^^^^^^^^^^^^^^^^^^^^^^^^^^^^^^^^^^^^^^^
  File "/usr/lib/python3.11/importlib/__init__.py", line 126, in import_module
    return _bootstrap._gcd_import(name[level:], package, level)
           ^^^^^^^^^^^^^^^^^^^^^^^^^^^^^^^^^^^^^^^^^^^^^^^^^^^^
  File "<frozen importlib._bootstrap>", line 1204, in _gcd_import
  File "<frozen importlib._bootstrap>", line 1176, in _find_and_load
  File "<frozen importlib._bootstrap>", line 1147, in _find_and_load_unlocked
  File "<frozen importlib._bootstrap>", line 690, in _load_unlocked
  File "<frozen importlib._bootstrap_external>", line 940, in exec_module
  File "<frozen importlib._bootstrap>", line 241, in _call_with_frames_removed
  File "/usr/lib/python3.11/site-packages/libqtile/widget/net.py", line 25, in <module>
    import psutil
ModuleNotFoundError: No module named 'psutil'
2023-11-10 02:41:09,450 WARNING libqtile lifecycle.py:_atexit():L33 Restarting Qtile with os.execv(...)
2023-11-10 02:41:12,146 ERROR libqtile utils.py:import_class():L233 Unmet dependencies for 'libqtile.widget.net.Net':
Traceback (most recent call last):
  File "/usr/lib/python3.11/site-packages/libqtile/utils.py", line 230, in import_class
    module = importlib.import_module(module_path, __package__)
             ^^^^^^^^^^^^^^^^^^^^^^^^^^^^^^^^^^^^^^^^^^^^^^^^^
  File "/usr/lib/python3.11/importlib/__init__.py", line 126, in import_module
    return _bootstrap._gcd_import(name[level:], package, level)
           ^^^^^^^^^^^^^^^^^^^^^^^^^^^^^^^^^^^^^^^^^^^^^^^^^^^^
  File "<frozen importlib._bootstrap>", line 1204, in _gcd_import
  File "<frozen importlib._bootstrap>", line 1176, in _find_and_load
  File "<frozen importlib._bootstrap>", line 1147, in _find_and_load_unlocked
  File "<frozen importlib._bootstrap>", line 690, in _load_unlocked
  File "<frozen importlib._bootstrap_external>", line 940, in exec_module
  File "<frozen importlib._bootstrap>", line 241, in _call_with_frames_removed
  File "/usr/lib/python3.11/site-packages/libqtile/widget/net.py", line 25, in <module>
    import psutil
ModuleNotFoundError: No module named 'psutil'
2023-11-10 02:41:12,303 WARNING libqtile manager.py:grab_key():L477 Key spec duplicated, overriding previous: <Key (['mod4'], r)>
2023-11-10 02:41:12,470 WARNING libqtile sleep.py:start():L86 dbus-next is not installed. Cannot run inhibitor process.
2023-11-10 02:42:32,725 WARNING libqtile lifecycle.py:_atexit():L33 Restarting Qtile with os.execv(...)
2023-11-10 02:42:35,375 WARNING libqtile manager.py:grab_key():L477 Key spec duplicated, overriding previous: <Key (['mod4'], r)>
2023-11-10 02:42:35,541 WARNING libqtile sleep.py:start():L86 dbus-next is not installed. Cannot run inhibitor process.
2023-11-10 02:43:10,837 WARNING libqtile lifecycle.py:_atexit():L33 Restarting Qtile with os.execv(...)
2023-11-10 02:43:11,491 WARNING libqtile manager.py:grab_key():L477 Key spec duplicated, overriding previous: <Key (['mod4'], r)>
2023-11-10 02:43:11,637 WARNING libqtile sleep.py:start():L86 dbus-next is not installed. Cannot run inhibitor process.
2023-11-10 02:43:27,165 WARNING libqtile lifecycle.py:_atexit():L33 Restarting Qtile with os.execv(...)
2023-11-10 02:43:27,844 WARNING libqtile manager.py:grab_key():L477 Key spec duplicated, overriding previous: <Key (['mod4'], r)>
2023-11-10 02:43:27,975 WARNING libqtile sleep.py:start():L86 dbus-next is not installed. Cannot run inhibitor process.
2023-11-10 02:43:40,378 WARNING libqtile lifecycle.py:_atexit():L33 Restarting Qtile with os.execv(...)
2023-11-10 02:43:41,037 WARNING libqtile manager.py:grab_key():L477 Key spec duplicated, overriding previous: <Key (['mod4'], r)>
2023-11-10 02:43:41,155 WARNING libqtile sleep.py:start():L86 dbus-next is not installed. Cannot run inhibitor process.
2023-11-10 02:43:41,169 ERROR libqtile loop.py:_handle_exception():L62 Exception in event loop:
Traceback (most recent call last):
  File "/usr/lib/python3.11/asyncio/events.py", line 80, in _run
    self._context.run(self._callback, *self._args)
  File "/usr/lib/python3.11/site-packages/libqtile/core/manager.py", line 937, in f
    func(*args)
  File "/usr/lib/python3.11/site-packages/libqtile/bar.py", line 673, in _actual_draw
    i.draw()
  File "/usr/lib/python3.11/site-packages/libqtile/widget/sep.py", line 57, in draw
    self.drawer.draw(offsetx=self.offset, offsety=self.offsety, width=self.length)
  File "/usr/lib/python3.11/site-packages/libqtile/backend/base/drawer.py", line 216, in draw
    self._draw(
  File "/usr/lib/python3.11/site-packages/libqtile/backend/x11/drawer.py", line 194, in _draw
    self.qtile.core.conn.conn.core.CopyArea(
  File "/usr/lib/python3.11/site-packages/xcffib/xproto.py", line 3151, in CopyArea
    buf.write(struct.pack("=xx2xIIIhhhhHH", src_drawable, dst_drawable, gc, src_x, src_y, dst_x, dst_y, width, height))
              ^^^^^^^^^^^^^^^^^^^^^^^^^^^^^^^^^^^^^^^^^^^^^^^^^^^^^^^^^^^^^^^^^^^^^^^^^^^^^^^^^^^^^^^^^^^^^^^^^^^^^^^^
struct.error: ushort format requires 0 <= number <= 65535
2023-11-10 02:43:41,178 ERROR libqtile loop.py:_handle_exception():L62 Exception in event loop:
Traceback (most recent call last):
  File "/usr/lib/python3.11/asyncio/events.py", line 80, in _run
    self._context.run(self._callback, *self._args)
  File "/usr/lib/python3.11/site-packages/libqtile/core/manager.py", line 937, in f
    func(*args)
  File "/usr/lib/python3.11/site-packages/libqtile/bar.py", line 673, in _actual_draw
    i.draw()
  File "/usr/lib/python3.11/site-packages/libqtile/widget/sep.py", line 57, in draw
    self.drawer.draw(offsetx=self.offset, offsety=self.offsety, width=self.length)
  File "/usr/lib/python3.11/site-packages/libqtile/backend/base/drawer.py", line 216, in draw
    self._draw(
  File "/usr/lib/python3.11/site-packages/libqtile/backend/x11/drawer.py", line 194, in _draw
    self.qtile.core.conn.conn.core.CopyArea(
  File "/usr/lib/python3.11/site-packages/xcffib/xproto.py", line 3151, in CopyArea
    buf.write(struct.pack("=xx2xIIIhhhhHH", src_drawable, dst_drawable, gc, src_x, src_y, dst_x, dst_y, width, height))
              ^^^^^^^^^^^^^^^^^^^^^^^^^^^^^^^^^^^^^^^^^^^^^^^^^^^^^^^^^^^^^^^^^^^^^^^^^^^^^^^^^^^^^^^^^^^^^^^^^^^^^^^^
struct.error: ushort format requires 0 <= number <= 65535
2023-11-10 02:43:42,067 ERROR libqtile loop.py:_handle_exception():L62 Exception in event loop:
Traceback (most recent call last):
  File "/usr/lib/python3.11/asyncio/events.py", line 80, in _run
    self._context.run(self._callback, *self._args)
  File "/usr/lib/python3.11/site-packages/libqtile/core/manager.py", line 937, in f
    func(*args)
  File "/usr/lib/python3.11/site-packages/libqtile/bar.py", line 673, in _actual_draw
    i.draw()
  File "/usr/lib/python3.11/site-packages/libqtile/widget/sep.py", line 57, in draw
    self.drawer.draw(offsetx=self.offset, offsety=self.offsety, width=self.length)
  File "/usr/lib/python3.11/site-packages/libqtile/backend/base/drawer.py", line 216, in draw
    self._draw(
  File "/usr/lib/python3.11/site-packages/libqtile/backend/x11/drawer.py", line 194, in _draw
    self.qtile.core.conn.conn.core.CopyArea(
  File "/usr/lib/python3.11/site-packages/xcffib/xproto.py", line 3151, in CopyArea
    buf.write(struct.pack("=xx2xIIIhhhhHH", src_drawable, dst_drawable, gc, src_x, src_y, dst_x, dst_y, width, height))
              ^^^^^^^^^^^^^^^^^^^^^^^^^^^^^^^^^^^^^^^^^^^^^^^^^^^^^^^^^^^^^^^^^^^^^^^^^^^^^^^^^^^^^^^^^^^^^^^^^^^^^^^^
struct.error: ushort format requires 0 <= number <= 65535
2023-11-10 02:43:43,015 ERROR libqtile loop.py:_handle_exception():L62 Exception in event loop:
Traceback (most recent call last):
  File "/usr/lib/python3.11/asyncio/events.py", line 80, in _run
    self._context.run(self._callback, *self._args)
  File "/usr/lib/python3.11/site-packages/libqtile/core/manager.py", line 937, in f
    func(*args)
  File "/usr/lib/python3.11/site-packages/libqtile/bar.py", line 673, in _actual_draw
    i.draw()
  File "/usr/lib/python3.11/site-packages/libqtile/widget/sep.py", line 57, in draw
    self.drawer.draw(offsetx=self.offset, offsety=self.offsety, width=self.length)
  File "/usr/lib/python3.11/site-packages/libqtile/backend/base/drawer.py", line 216, in draw
    self._draw(
  File "/usr/lib/python3.11/site-packages/libqtile/backend/x11/drawer.py", line 194, in _draw
    self.qtile.core.conn.conn.core.CopyArea(
  File "/usr/lib/python3.11/site-packages/xcffib/xproto.py", line 3151, in CopyArea
    buf.write(struct.pack("=xx2xIIIhhhhHH", src_drawable, dst_drawable, gc, src_x, src_y, dst_x, dst_y, width, height))
              ^^^^^^^^^^^^^^^^^^^^^^^^^^^^^^^^^^^^^^^^^^^^^^^^^^^^^^^^^^^^^^^^^^^^^^^^^^^^^^^^^^^^^^^^^^^^^^^^^^^^^^^^
struct.error: ushort format requires 0 <= number <= 65535
2023-11-10 02:43:53,063 WARNING libqtile lifecycle.py:_atexit():L33 Restarting Qtile with os.execv(...)
2023-11-10 02:43:53,695 WARNING libqtile manager.py:grab_key():L477 Key spec duplicated, overriding previous: <Key (['mod4'], r)>
2023-11-10 02:43:53,825 WARNING libqtile sleep.py:start():L86 dbus-next is not installed. Cannot run inhibitor process.
2023-11-10 02:43:53,839 ERROR libqtile loop.py:_handle_exception():L62 Exception in event loop:
Traceback (most recent call last):
  File "/usr/lib/python3.11/asyncio/events.py", line 80, in _run
    self._context.run(self._callback, *self._args)
  File "/usr/lib/python3.11/site-packages/libqtile/core/manager.py", line 937, in f
    func(*args)
  File "/usr/lib/python3.11/site-packages/libqtile/bar.py", line 673, in _actual_draw
    i.draw()
  File "/usr/lib/python3.11/site-packages/libqtile/widget/sep.py", line 57, in draw
    self.drawer.draw(offsetx=self.offset, offsety=self.offsety, width=self.length)
  File "/usr/lib/python3.11/site-packages/libqtile/backend/base/drawer.py", line 216, in draw
    self._draw(
  File "/usr/lib/python3.11/site-packages/libqtile/backend/x11/drawer.py", line 194, in _draw
    self.qtile.core.conn.conn.core.CopyArea(
  File "/usr/lib/python3.11/site-packages/xcffib/xproto.py", line 3151, in CopyArea
    buf.write(struct.pack("=xx2xIIIhhhhHH", src_drawable, dst_drawable, gc, src_x, src_y, dst_x, dst_y, width, height))
              ^^^^^^^^^^^^^^^^^^^^^^^^^^^^^^^^^^^^^^^^^^^^^^^^^^^^^^^^^^^^^^^^^^^^^^^^^^^^^^^^^^^^^^^^^^^^^^^^^^^^^^^^
struct.error: ushort format requires 0 <= number <= 65535
2023-11-10 02:43:53,848 ERROR libqtile loop.py:_handle_exception():L62 Exception in event loop:
Traceback (most recent call last):
  File "/usr/lib/python3.11/asyncio/events.py", line 80, in _run
    self._context.run(self._callback, *self._args)
  File "/usr/lib/python3.11/site-packages/libqtile/core/manager.py", line 937, in f
    func(*args)
  File "/usr/lib/python3.11/site-packages/libqtile/bar.py", line 673, in _actual_draw
    i.draw()
  File "/usr/lib/python3.11/site-packages/libqtile/widget/sep.py", line 57, in draw
    self.drawer.draw(offsetx=self.offset, offsety=self.offsety, width=self.length)
  File "/usr/lib/python3.11/site-packages/libqtile/backend/base/drawer.py", line 216, in draw
    self._draw(
  File "/usr/lib/python3.11/site-packages/libqtile/backend/x11/drawer.py", line 194, in _draw
    self.qtile.core.conn.conn.core.CopyArea(
  File "/usr/lib/python3.11/site-packages/xcffib/xproto.py", line 3151, in CopyArea
    buf.write(struct.pack("=xx2xIIIhhhhHH", src_drawable, dst_drawable, gc, src_x, src_y, dst_x, dst_y, width, height))
              ^^^^^^^^^^^^^^^^^^^^^^^^^^^^^^^^^^^^^^^^^^^^^^^^^^^^^^^^^^^^^^^^^^^^^^^^^^^^^^^^^^^^^^^^^^^^^^^^^^^^^^^^
struct.error: ushort format requires 0 <= number <= 65535
2023-11-10 02:43:54,565 ERROR libqtile loop.py:_handle_exception():L62 Exception in event loop:
Traceback (most recent call last):
  File "/usr/lib/python3.11/asyncio/events.py", line 80, in _run
    self._context.run(self._callback, *self._args)
  File "/usr/lib/python3.11/site-packages/libqtile/core/manager.py", line 937, in f
    func(*args)
  File "/usr/lib/python3.11/site-packages/libqtile/bar.py", line 673, in _actual_draw
    i.draw()
  File "/usr/lib/python3.11/site-packages/libqtile/widget/sep.py", line 57, in draw
    self.drawer.draw(offsetx=self.offset, offsety=self.offsety, width=self.length)
  File "/usr/lib/python3.11/site-packages/libqtile/backend/base/drawer.py", line 216, in draw
    self._draw(
  File "/usr/lib/python3.11/site-packages/libqtile/backend/x11/drawer.py", line 194, in _draw
    self.qtile.core.conn.conn.core.CopyArea(
  File "/usr/lib/python3.11/site-packages/xcffib/xproto.py", line 3151, in CopyArea
    buf.write(struct.pack("=xx2xIIIhhhhHH", src_drawable, dst_drawable, gc, src_x, src_y, dst_x, dst_y, width, height))
              ^^^^^^^^^^^^^^^^^^^^^^^^^^^^^^^^^^^^^^^^^^^^^^^^^^^^^^^^^^^^^^^^^^^^^^^^^^^^^^^^^^^^^^^^^^^^^^^^^^^^^^^^
struct.error: ushort format requires 0 <= number <= 65535
2023-11-10 02:43:55,011 ERROR libqtile loop.py:_handle_exception():L62 Exception in event loop:
Traceback (most recent call last):
  File "/usr/lib/python3.11/asyncio/events.py", line 80, in _run
    self._context.run(self._callback, *self._args)
  File "/usr/lib/python3.11/site-packages/libqtile/core/manager.py", line 937, in f
    func(*args)
  File "/usr/lib/python3.11/site-packages/libqtile/bar.py", line 673, in _actual_draw
    i.draw()
  File "/usr/lib/python3.11/site-packages/libqtile/widget/sep.py", line 57, in draw
    self.drawer.draw(offsetx=self.offset, offsety=self.offsety, width=self.length)
  File "/usr/lib/python3.11/site-packages/libqtile/backend/base/drawer.py", line 216, in draw
    self._draw(
  File "/usr/lib/python3.11/site-packages/libqtile/backend/x11/drawer.py", line 194, in _draw
    self.qtile.core.conn.conn.core.CopyArea(
  File "/usr/lib/python3.11/site-packages/xcffib/xproto.py", line 3151, in CopyArea
    buf.write(struct.pack("=xx2xIIIhhhhHH", src_drawable, dst_drawable, gc, src_x, src_y, dst_x, dst_y, width, height))
              ^^^^^^^^^^^^^^^^^^^^^^^^^^^^^^^^^^^^^^^^^^^^^^^^^^^^^^^^^^^^^^^^^^^^^^^^^^^^^^^^^^^^^^^^^^^^^^^^^^^^^^^^
struct.error: ushort format requires 0 <= number <= 65535
2023-11-10 02:44:02,955 WARNING libqtile lifecycle.py:_atexit():L33 Restarting Qtile with os.execv(...)
2023-11-10 02:44:03,581 WARNING libqtile manager.py:grab_key():L477 Key spec duplicated, overriding previous: <Key (['mod4'], r)>
2023-11-10 02:44:03,706 WARNING libqtile sleep.py:start():L86 dbus-next is not installed. Cannot run inhibitor process.
2023-11-10 02:44:20,434 WARNING libqtile lifecycle.py:_atexit():L33 Restarting Qtile with os.execv(...)
2023-11-10 02:44:21,127 WARNING libqtile manager.py:grab_key():L477 Key spec duplicated, overriding previous: <Key (['mod4'], r)>
2023-11-10 02:44:21,240 WARNING libqtile sleep.py:start():L86 dbus-next is not installed. Cannot run inhibitor process.
2023-11-10 02:47:02,810 WARNING libqtile lifecycle.py:_atexit():L33 Restarting Qtile with os.execv(...)
2023-11-10 02:47:07,482 WARNING libqtile manager.py:grab_key():L477 Key spec duplicated, overriding previous: <Key (['mod4'], r)>
2023-11-10 02:47:07,961 WARNING libqtile sleep.py:start():L86 dbus-next is not installed. Cannot run inhibitor process.
2023-11-10 02:49:26,426 WARNING libqtile lifecycle.py:_atexit():L33 Restarting Qtile with os.execv(...)
2023-11-10 02:49:29,957 WARNING libqtile manager.py:grab_key():L477 Key spec duplicated, overriding previous: <Key (['mod4'], r)>
2023-11-10 02:49:30,261 WARNING libqtile sleep.py:start():L86 dbus-next is not installed. Cannot run inhibitor process.
2023-11-10 02:49:58,002 WARNING libqtile lifecycle.py:_atexit():L33 Restarting Qtile with os.execv(...)
2023-11-10 02:49:58,738 WARNING libqtile manager.py:grab_key():L477 Key spec duplicated, overriding previous: <Key (['mod4'], r)>
2023-11-10 02:49:59,061 WARNING libqtile sleep.py:start():L86 dbus-next is not installed. Cannot run inhibitor process.
2023-11-10 02:50:45,718 WARNING libqtile lifecycle.py:_atexit():L33 Restarting Qtile with os.execv(...)
2023-11-10 02:50:46,443 WARNING libqtile manager.py:grab_key():L477 Key spec duplicated, overriding previous: <Key (['mod4'], r)>
2023-11-10 02:50:46,765 WARNING libqtile sleep.py:start():L86 dbus-next is not installed. Cannot run inhibitor process.
2023-11-10 02:50:55,164 WARNING libqtile lifecycle.py:_atexit():L33 Restarting Qtile with os.execv(...)
2023-11-10 02:50:55,886 WARNING libqtile manager.py:grab_key():L477 Key spec duplicated, overriding previous: <Key (['mod4'], r)>
2023-11-10 02:50:56,211 WARNING libqtile sleep.py:start():L86 dbus-next is not installed. Cannot run inhibitor process.
2023-11-10 02:51:08,538 WARNING libqtile lifecycle.py:_atexit():L33 Restarting Qtile with os.execv(...)
2023-11-10 02:51:09,282 WARNING libqtile manager.py:grab_key():L477 Key spec duplicated, overriding previous: <Key (['mod4'], r)>
2023-11-10 02:51:09,613 WARNING libqtile sleep.py:start():L86 dbus-next is not installed. Cannot run inhibitor process.
2023-11-10 02:51:09,629 ERROR libqtile loop.py:_handle_exception():L62 Exception in event loop:
Traceback (most recent call last):
  File "/usr/lib/python3.11/asyncio/events.py", line 80, in _run
    self._context.run(self._callback, *self._args)
  File "/usr/lib/python3.11/site-packages/libqtile/core/manager.py", line 937, in f
    func(*args)
  File "/usr/lib/python3.11/site-packages/libqtile/bar.py", line 673, in _actual_draw
    i.draw()
  File "/usr/lib/python3.11/site-packages/libqtile/widget/base.py", line 663, in draw
    self.drawer.draw(
  File "/usr/lib/python3.11/site-packages/libqtile/backend/base/drawer.py", line 216, in draw
    self._draw(
  File "/usr/lib/python3.11/site-packages/libqtile/backend/x11/drawer.py", line 194, in _draw
    self.qtile.core.conn.conn.core.CopyArea(
  File "/usr/lib/python3.11/site-packages/xcffib/xproto.py", line 3151, in CopyArea
    buf.write(struct.pack("=xx2xIIIhhhhHH", src_drawable, dst_drawable, gc, src_x, src_y, dst_x, dst_y, width, height))
              ^^^^^^^^^^^^^^^^^^^^^^^^^^^^^^^^^^^^^^^^^^^^^^^^^^^^^^^^^^^^^^^^^^^^^^^^^^^^^^^^^^^^^^^^^^^^^^^^^^^^^^^^
struct.error: required argument is not an integer
2023-11-10 02:51:09,642 ERROR libqtile loop.py:_handle_exception():L62 Exception in event loop:
Traceback (most recent call last):
  File "/usr/lib/python3.11/asyncio/events.py", line 80, in _run
    self._context.run(self._callback, *self._args)
  File "/usr/lib/python3.11/site-packages/libqtile/core/manager.py", line 937, in f
    func(*args)
  File "/usr/lib/python3.11/site-packages/libqtile/bar.py", line 673, in _actual_draw
    i.draw()
  File "/usr/lib/python3.11/site-packages/libqtile/widget/base.py", line 663, in draw
    self.drawer.draw(
  File "/usr/lib/python3.11/site-packages/libqtile/backend/base/drawer.py", line 216, in draw
    self._draw(
  File "/usr/lib/python3.11/site-packages/libqtile/backend/x11/drawer.py", line 194, in _draw
    self.qtile.core.conn.conn.core.CopyArea(
  File "/usr/lib/python3.11/site-packages/xcffib/xproto.py", line 3151, in CopyArea
    buf.write(struct.pack("=xx2xIIIhhhhHH", src_drawable, dst_drawable, gc, src_x, src_y, dst_x, dst_y, width, height))
              ^^^^^^^^^^^^^^^^^^^^^^^^^^^^^^^^^^^^^^^^^^^^^^^^^^^^^^^^^^^^^^^^^^^^^^^^^^^^^^^^^^^^^^^^^^^^^^^^^^^^^^^^
struct.error: required argument is not an integer
2023-11-10 02:51:09,655 ERROR libqtile loop.py:_handle_exception():L62 Exception in event loop:
Traceback (most recent call last):
  File "/usr/lib/python3.11/asyncio/events.py", line 80, in _run
    self._context.run(self._callback, *self._args)
  File "/usr/lib/python3.11/site-packages/libqtile/core/manager.py", line 937, in f
    func(*args)
  File "/usr/lib/python3.11/site-packages/libqtile/bar.py", line 673, in _actual_draw
    i.draw()
  File "/usr/lib/python3.11/site-packages/libqtile/widget/base.py", line 663, in draw
    self.drawer.draw(
  File "/usr/lib/python3.11/site-packages/libqtile/backend/base/drawer.py", line 216, in draw
    self._draw(
  File "/usr/lib/python3.11/site-packages/libqtile/backend/x11/drawer.py", line 194, in _draw
    self.qtile.core.conn.conn.core.CopyArea(
  File "/usr/lib/python3.11/site-packages/xcffib/xproto.py", line 3151, in CopyArea
    buf.write(struct.pack("=xx2xIIIhhhhHH", src_drawable, dst_drawable, gc, src_x, src_y, dst_x, dst_y, width, height))
              ^^^^^^^^^^^^^^^^^^^^^^^^^^^^^^^^^^^^^^^^^^^^^^^^^^^^^^^^^^^^^^^^^^^^^^^^^^^^^^^^^^^^^^^^^^^^^^^^^^^^^^^^
struct.error: required argument is not an integer
2023-11-10 02:51:10,268 ERROR libqtile loop.py:_handle_exception():L62 Exception in event loop:
Traceback (most recent call last):
  File "/usr/lib/python3.11/asyncio/events.py", line 80, in _run
    self._context.run(self._callback, *self._args)
  File "/usr/lib/python3.11/site-packages/libqtile/core/manager.py", line 937, in f
    func(*args)
  File "/usr/lib/python3.11/site-packages/libqtile/bar.py", line 673, in _actual_draw
    i.draw()
  File "/usr/lib/python3.11/site-packages/libqtile/widget/base.py", line 663, in draw
    self.drawer.draw(
  File "/usr/lib/python3.11/site-packages/libqtile/backend/base/drawer.py", line 216, in draw
    self._draw(
  File "/usr/lib/python3.11/site-packages/libqtile/backend/x11/drawer.py", line 194, in _draw
    self.qtile.core.conn.conn.core.CopyArea(
  File "/usr/lib/python3.11/site-packages/xcffib/xproto.py", line 3151, in CopyArea
    buf.write(struct.pack("=xx2xIIIhhhhHH", src_drawable, dst_drawable, gc, src_x, src_y, dst_x, dst_y, width, height))
              ^^^^^^^^^^^^^^^^^^^^^^^^^^^^^^^^^^^^^^^^^^^^^^^^^^^^^^^^^^^^^^^^^^^^^^^^^^^^^^^^^^^^^^^^^^^^^^^^^^^^^^^^
struct.error: required argument is not an integer
2023-11-10 02:51:10,644 ERROR libqtile base.py:on_done():L857 Failed to reschedule timer for net.
Traceback (most recent call last):
  File "/usr/lib/python3.11/site-packages/libqtile/widget/base.py", line 851, in on_done
    self.update(result)
  File "/usr/lib/python3.11/site-packages/libqtile/widget/base.py", line 761, in update
    self.draw()
  File "/usr/lib/python3.11/site-packages/libqtile/widget/base.py", line 663, in draw
    self.drawer.draw(
  File "/usr/lib/python3.11/site-packages/libqtile/backend/base/drawer.py", line 216, in draw
    self._draw(
  File "/usr/lib/python3.11/site-packages/libqtile/backend/x11/drawer.py", line 194, in _draw
    self.qtile.core.conn.conn.core.CopyArea(
  File "/usr/lib/python3.11/site-packages/xcffib/xproto.py", line 3151, in CopyArea
    buf.write(struct.pack("=xx2xIIIhhhhHH", src_drawable, dst_drawable, gc, src_x, src_y, dst_x, dst_y, width, height))
              ^^^^^^^^^^^^^^^^^^^^^^^^^^^^^^^^^^^^^^^^^^^^^^^^^^^^^^^^^^^^^^^^^^^^^^^^^^^^^^^^^^^^^^^^^^^^^^^^^^^^^^^^
struct.error: required argument is not an integer
2023-11-10 02:51:15,055 ERROR libqtile loop.py:_handle_exception():L62 Exception in event loop:
Traceback (most recent call last):
  File "/usr/lib/python3.11/asyncio/events.py", line 80, in _run
    self._context.run(self._callback, *self._args)
  File "/usr/lib/python3.11/site-packages/libqtile/core/manager.py", line 937, in f
    func(*args)
  File "/usr/lib/python3.11/site-packages/libqtile/bar.py", line 673, in _actual_draw
    i.draw()
  File "/usr/lib/python3.11/site-packages/libqtile/widget/base.py", line 663, in draw
    self.drawer.draw(
  File "/usr/lib/python3.11/site-packages/libqtile/backend/base/drawer.py", line 216, in draw
    self._draw(
  File "/usr/lib/python3.11/site-packages/libqtile/backend/x11/drawer.py", line 194, in _draw
    self.qtile.core.conn.conn.core.CopyArea(
  File "/usr/lib/python3.11/site-packages/xcffib/xproto.py", line 3151, in CopyArea
    buf.write(struct.pack("=xx2xIIIhhhhHH", src_drawable, dst_drawable, gc, src_x, src_y, dst_x, dst_y, width, height))
              ^^^^^^^^^^^^^^^^^^^^^^^^^^^^^^^^^^^^^^^^^^^^^^^^^^^^^^^^^^^^^^^^^^^^^^^^^^^^^^^^^^^^^^^^^^^^^^^^^^^^^^^^
struct.error: required argument is not an integer
2023-11-10 02:51:16,371 ERROR libqtile loop.py:_handle_exception():L62 Exception in event loop:
Traceback (most recent call last):
  File "/usr/lib/python3.11/asyncio/events.py", line 80, in _run
    self._context.run(self._callback, *self._args)
  File "/usr/lib/python3.11/site-packages/libqtile/core/manager.py", line 937, in f
    func(*args)
  File "/usr/lib/python3.11/site-packages/libqtile/bar.py", line 673, in _actual_draw
    i.draw()
  File "/usr/lib/python3.11/site-packages/libqtile/widget/base.py", line 663, in draw
    self.drawer.draw(
  File "/usr/lib/python3.11/site-packages/libqtile/backend/base/drawer.py", line 216, in draw
    self._draw(
  File "/usr/lib/python3.11/site-packages/libqtile/backend/x11/drawer.py", line 194, in _draw
    self.qtile.core.conn.conn.core.CopyArea(
  File "/usr/lib/python3.11/site-packages/xcffib/xproto.py", line 3151, in CopyArea
    buf.write(struct.pack("=xx2xIIIhhhhHH", src_drawable, dst_drawable, gc, src_x, src_y, dst_x, dst_y, width, height))
              ^^^^^^^^^^^^^^^^^^^^^^^^^^^^^^^^^^^^^^^^^^^^^^^^^^^^^^^^^^^^^^^^^^^^^^^^^^^^^^^^^^^^^^^^^^^^^^^^^^^^^^^^
struct.error: required argument is not an integer
2023-11-10 02:51:17,292 WARNING libqtile lifecycle.py:_atexit():L33 Restarting Qtile with os.execv(...)
2023-11-10 02:51:18,032 WARNING libqtile manager.py:grab_key():L477 Key spec duplicated, overriding previous: <Key (['mod4'], r)>
2023-11-10 02:51:18,389 WARNING libqtile sleep.py:start():L86 dbus-next is not installed. Cannot run inhibitor process.
2023-11-10 02:51:26,230 WARNING libqtile lifecycle.py:_atexit():L33 Restarting Qtile with os.execv(...)
2023-11-10 02:51:27,002 WARNING libqtile manager.py:grab_key():L477 Key spec duplicated, overriding previous: <Key (['mod4'], r)>
2023-11-10 02:51:27,338 WARNING libqtile sleep.py:start():L86 dbus-next is not installed. Cannot run inhibitor process.
2023-11-10 02:52:06,744 WARNING libqtile lifecycle.py:_atexit():L33 Restarting Qtile with os.execv(...)
2023-11-10 02:52:07,494 WARNING libqtile manager.py:grab_key():L477 Key spec duplicated, overriding previous: <Key (['mod4'], r)>
2023-11-10 02:52:07,846 WARNING libqtile sleep.py:start():L86 dbus-next is not installed. Cannot run inhibitor process.
2023-11-10 02:52:07,860 ERROR libqtile loop.py:_handle_exception():L62 Exception in event loop:
Traceback (most recent call last):
  File "/usr/lib/python3.11/asyncio/events.py", line 80, in _run
    self._context.run(self._callback, *self._args)
  File "/usr/lib/python3.11/site-packages/libqtile/core/manager.py", line 937, in f
    func(*args)
  File "/usr/lib/python3.11/site-packages/libqtile/bar.py", line 673, in _actual_draw
    i.draw()
  File "/usr/lib/python3.11/site-packages/libqtile/widget/sep.py", line 57, in draw
    self.drawer.draw(offsetx=self.offset, offsety=self.offsety, width=self.length)
  File "/usr/lib/python3.11/site-packages/libqtile/backend/base/drawer.py", line 216, in draw
    self._draw(
  File "/usr/lib/python3.11/site-packages/libqtile/backend/x11/drawer.py", line 194, in _draw
    self.qtile.core.conn.conn.core.CopyArea(
  File "/usr/lib/python3.11/site-packages/xcffib/xproto.py", line 3151, in CopyArea
    buf.write(struct.pack("=xx2xIIIhhhhHH", src_drawable, dst_drawable, gc, src_x, src_y, dst_x, dst_y, width, height))
              ^^^^^^^^^^^^^^^^^^^^^^^^^^^^^^^^^^^^^^^^^^^^^^^^^^^^^^^^^^^^^^^^^^^^^^^^^^^^^^^^^^^^^^^^^^^^^^^^^^^^^^^^
struct.error: ushort format requires 0 <= number <= 65535
2023-11-10 02:52:07,869 ERROR libqtile loop.py:_handle_exception():L62 Exception in event loop:
Traceback (most recent call last):
  File "/usr/lib/python3.11/asyncio/events.py", line 80, in _run
    self._context.run(self._callback, *self._args)
  File "/usr/lib/python3.11/site-packages/libqtile/core/manager.py", line 937, in f
    func(*args)
  File "/usr/lib/python3.11/site-packages/libqtile/bar.py", line 673, in _actual_draw
    i.draw()
  File "/usr/lib/python3.11/site-packages/libqtile/widget/sep.py", line 57, in draw
    self.drawer.draw(offsetx=self.offset, offsety=self.offsety, width=self.length)
  File "/usr/lib/python3.11/site-packages/libqtile/backend/base/drawer.py", line 216, in draw
    self._draw(
  File "/usr/lib/python3.11/site-packages/libqtile/backend/x11/drawer.py", line 194, in _draw
    self.qtile.core.conn.conn.core.CopyArea(
  File "/usr/lib/python3.11/site-packages/xcffib/xproto.py", line 3151, in CopyArea
    buf.write(struct.pack("=xx2xIIIhhhhHH", src_drawable, dst_drawable, gc, src_x, src_y, dst_x, dst_y, width, height))
              ^^^^^^^^^^^^^^^^^^^^^^^^^^^^^^^^^^^^^^^^^^^^^^^^^^^^^^^^^^^^^^^^^^^^^^^^^^^^^^^^^^^^^^^^^^^^^^^^^^^^^^^^
struct.error: ushort format requires 0 <= number <= 65535
2023-11-10 02:52:08,781 ERROR libqtile loop.py:_handle_exception():L62 Exception in event loop:
Traceback (most recent call last):
  File "/usr/lib/python3.11/asyncio/events.py", line 80, in _run
    self._context.run(self._callback, *self._args)
  File "/usr/lib/python3.11/site-packages/libqtile/core/manager.py", line 937, in f
    func(*args)
  File "/usr/lib/python3.11/site-packages/libqtile/bar.py", line 673, in _actual_draw
    i.draw()
  File "/usr/lib/python3.11/site-packages/libqtile/widget/sep.py", line 57, in draw
    self.drawer.draw(offsetx=self.offset, offsety=self.offsety, width=self.length)
  File "/usr/lib/python3.11/site-packages/libqtile/backend/base/drawer.py", line 216, in draw
    self._draw(
  File "/usr/lib/python3.11/site-packages/libqtile/backend/x11/drawer.py", line 194, in _draw
    self.qtile.core.conn.conn.core.CopyArea(
  File "/usr/lib/python3.11/site-packages/xcffib/xproto.py", line 3151, in CopyArea
    buf.write(struct.pack("=xx2xIIIhhhhHH", src_drawable, dst_drawable, gc, src_x, src_y, dst_x, dst_y, width, height))
              ^^^^^^^^^^^^^^^^^^^^^^^^^^^^^^^^^^^^^^^^^^^^^^^^^^^^^^^^^^^^^^^^^^^^^^^^^^^^^^^^^^^^^^^^^^^^^^^^^^^^^^^^
struct.error: ushort format requires 0 <= number <= 65535
2023-11-10 02:52:09,043 ERROR libqtile loop.py:_handle_exception():L62 Exception in event loop:
Traceback (most recent call last):
  File "/usr/lib/python3.11/asyncio/events.py", line 80, in _run
    self._context.run(self._callback, *self._args)
  File "/usr/lib/python3.11/site-packages/libqtile/core/manager.py", line 937, in f
    func(*args)
  File "/usr/lib/python3.11/site-packages/libqtile/bar.py", line 673, in _actual_draw
    i.draw()
  File "/usr/lib/python3.11/site-packages/libqtile/widget/sep.py", line 57, in draw
    self.drawer.draw(offsetx=self.offset, offsety=self.offsety, width=self.length)
  File "/usr/lib/python3.11/site-packages/libqtile/backend/base/drawer.py", line 216, in draw
    self._draw(
  File "/usr/lib/python3.11/site-packages/libqtile/backend/x11/drawer.py", line 194, in _draw
    self.qtile.core.conn.conn.core.CopyArea(
  File "/usr/lib/python3.11/site-packages/xcffib/xproto.py", line 3151, in CopyArea
    buf.write(struct.pack("=xx2xIIIhhhhHH", src_drawable, dst_drawable, gc, src_x, src_y, dst_x, dst_y, width, height))
              ^^^^^^^^^^^^^^^^^^^^^^^^^^^^^^^^^^^^^^^^^^^^^^^^^^^^^^^^^^^^^^^^^^^^^^^^^^^^^^^^^^^^^^^^^^^^^^^^^^^^^^^^
struct.error: ushort format requires 0 <= number <= 65535
2023-11-10 02:52:10,944 ERROR libqtile loop.py:_handle_exception():L62 Exception in event loop:
Traceback (most recent call last):
  File "/usr/lib/python3.11/asyncio/events.py", line 80, in _run
    self._context.run(self._callback, *self._args)
  File "/usr/lib/python3.11/site-packages/libqtile/core/manager.py", line 937, in f
    func(*args)
  File "/usr/lib/python3.11/site-packages/libqtile/bar.py", line 673, in _actual_draw
    i.draw()
  File "/usr/lib/python3.11/site-packages/libqtile/widget/sep.py", line 57, in draw
    self.drawer.draw(offsetx=self.offset, offsety=self.offsety, width=self.length)
  File "/usr/lib/python3.11/site-packages/libqtile/backend/base/drawer.py", line 216, in draw
    self._draw(
  File "/usr/lib/python3.11/site-packages/libqtile/backend/x11/drawer.py", line 194, in _draw
    self.qtile.core.conn.conn.core.CopyArea(
  File "/usr/lib/python3.11/site-packages/xcffib/xproto.py", line 3151, in CopyArea
    buf.write(struct.pack("=xx2xIIIhhhhHH", src_drawable, dst_drawable, gc, src_x, src_y, dst_x, dst_y, width, height))
              ^^^^^^^^^^^^^^^^^^^^^^^^^^^^^^^^^^^^^^^^^^^^^^^^^^^^^^^^^^^^^^^^^^^^^^^^^^^^^^^^^^^^^^^^^^^^^^^^^^^^^^^^
struct.error: ushort format requires 0 <= number <= 65535
2023-11-10 02:52:12,774 ERROR libqtile loop.py:_handle_exception():L62 Exception in event loop:
Traceback (most recent call last):
  File "/usr/lib/python3.11/asyncio/events.py", line 80, in _run
    self._context.run(self._callback, *self._args)
  File "/usr/lib/python3.11/site-packages/libqtile/core/manager.py", line 937, in f
    func(*args)
  File "/usr/lib/python3.11/site-packages/libqtile/bar.py", line 673, in _actual_draw
    i.draw()
  File "/usr/lib/python3.11/site-packages/libqtile/widget/sep.py", line 57, in draw
    self.drawer.draw(offsetx=self.offset, offsety=self.offsety, width=self.length)
  File "/usr/lib/python3.11/site-packages/libqtile/backend/base/drawer.py", line 216, in draw
    self._draw(
  File "/usr/lib/python3.11/site-packages/libqtile/backend/x11/drawer.py", line 194, in _draw
    self.qtile.core.conn.conn.core.CopyArea(
  File "/usr/lib/python3.11/site-packages/xcffib/xproto.py", line 3151, in CopyArea
    buf.write(struct.pack("=xx2xIIIhhhhHH", src_drawable, dst_drawable, gc, src_x, src_y, dst_x, dst_y, width, height))
              ^^^^^^^^^^^^^^^^^^^^^^^^^^^^^^^^^^^^^^^^^^^^^^^^^^^^^^^^^^^^^^^^^^^^^^^^^^^^^^^^^^^^^^^^^^^^^^^^^^^^^^^^
struct.error: ushort format requires 0 <= number <= 65535
2023-11-10 02:52:14,074 WARNING libqtile lifecycle.py:_atexit():L33 Restarting Qtile with os.execv(...)
2023-11-10 02:52:14,843 WARNING libqtile manager.py:grab_key():L477 Key spec duplicated, overriding previous: <Key (['mod4'], r)>
2023-11-10 02:52:15,160 WARNING libqtile sleep.py:start():L86 dbus-next is not installed. Cannot run inhibitor process.
2023-11-10 02:52:15,178 ERROR libqtile loop.py:_handle_exception():L62 Exception in event loop:
Traceback (most recent call last):
  File "/usr/lib/python3.11/asyncio/events.py", line 80, in _run
    self._context.run(self._callback, *self._args)
  File "/usr/lib/python3.11/site-packages/libqtile/core/manager.py", line 937, in f
    func(*args)
  File "/usr/lib/python3.11/site-packages/libqtile/bar.py", line 673, in _actual_draw
    i.draw()
  File "/usr/lib/python3.11/site-packages/libqtile/widget/sep.py", line 57, in draw
    self.drawer.draw(offsetx=self.offset, offsety=self.offsety, width=self.length)
  File "/usr/lib/python3.11/site-packages/libqtile/backend/base/drawer.py", line 216, in draw
    self._draw(
  File "/usr/lib/python3.11/site-packages/libqtile/backend/x11/drawer.py", line 194, in _draw
    self.qtile.core.conn.conn.core.CopyArea(
  File "/usr/lib/python3.11/site-packages/xcffib/xproto.py", line 3151, in CopyArea
    buf.write(struct.pack("=xx2xIIIhhhhHH", src_drawable, dst_drawable, gc, src_x, src_y, dst_x, dst_y, width, height))
              ^^^^^^^^^^^^^^^^^^^^^^^^^^^^^^^^^^^^^^^^^^^^^^^^^^^^^^^^^^^^^^^^^^^^^^^^^^^^^^^^^^^^^^^^^^^^^^^^^^^^^^^^
struct.error: ushort format requires 0 <= number <= 65535
2023-11-10 02:52:15,188 ERROR libqtile loop.py:_handle_exception():L62 Exception in event loop:
Traceback (most recent call last):
  File "/usr/lib/python3.11/asyncio/events.py", line 80, in _run
    self._context.run(self._callback, *self._args)
  File "/usr/lib/python3.11/site-packages/libqtile/core/manager.py", line 937, in f
    func(*args)
  File "/usr/lib/python3.11/site-packages/libqtile/bar.py", line 673, in _actual_draw
    i.draw()
  File "/usr/lib/python3.11/site-packages/libqtile/widget/sep.py", line 57, in draw
    self.drawer.draw(offsetx=self.offset, offsety=self.offsety, width=self.length)
  File "/usr/lib/python3.11/site-packages/libqtile/backend/base/drawer.py", line 216, in draw
    self._draw(
  File "/usr/lib/python3.11/site-packages/libqtile/backend/x11/drawer.py", line 194, in _draw
    self.qtile.core.conn.conn.core.CopyArea(
  File "/usr/lib/python3.11/site-packages/xcffib/xproto.py", line 3151, in CopyArea
    buf.write(struct.pack("=xx2xIIIhhhhHH", src_drawable, dst_drawable, gc, src_x, src_y, dst_x, dst_y, width, height))
              ^^^^^^^^^^^^^^^^^^^^^^^^^^^^^^^^^^^^^^^^^^^^^^^^^^^^^^^^^^^^^^^^^^^^^^^^^^^^^^^^^^^^^^^^^^^^^^^^^^^^^^^^
struct.error: ushort format requires 0 <= number <= 65535
2023-11-10 02:52:16,193 ERROR libqtile loop.py:_handle_exception():L62 Exception in event loop:
Traceback (most recent call last):
  File "/usr/lib/python3.11/asyncio/events.py", line 80, in _run
    self._context.run(self._callback, *self._args)
  File "/usr/lib/python3.11/site-packages/libqtile/core/manager.py", line 937, in f
    func(*args)
  File "/usr/lib/python3.11/site-packages/libqtile/bar.py", line 673, in _actual_draw
    i.draw()
  File "/usr/lib/python3.11/site-packages/libqtile/widget/sep.py", line 57, in draw
    self.drawer.draw(offsetx=self.offset, offsety=self.offsety, width=self.length)
  File "/usr/lib/python3.11/site-packages/libqtile/backend/base/drawer.py", line 216, in draw
    self._draw(
  File "/usr/lib/python3.11/site-packages/libqtile/backend/x11/drawer.py", line 194, in _draw
    self.qtile.core.conn.conn.core.CopyArea(
  File "/usr/lib/python3.11/site-packages/xcffib/xproto.py", line 3151, in CopyArea
    buf.write(struct.pack("=xx2xIIIhhhhHH", src_drawable, dst_drawable, gc, src_x, src_y, dst_x, dst_y, width, height))
              ^^^^^^^^^^^^^^^^^^^^^^^^^^^^^^^^^^^^^^^^^^^^^^^^^^^^^^^^^^^^^^^^^^^^^^^^^^^^^^^^^^^^^^^^^^^^^^^^^^^^^^^^
struct.error: ushort format requires 0 <= number <= 65535
2023-11-10 02:52:17,033 ERROR libqtile loop.py:_handle_exception():L62 Exception in event loop:
Traceback (most recent call last):
  File "/usr/lib/python3.11/asyncio/events.py", line 80, in _run
    self._context.run(self._callback, *self._args)
  File "/usr/lib/python3.11/site-packages/libqtile/core/manager.py", line 937, in f
    func(*args)
  File "/usr/lib/python3.11/site-packages/libqtile/bar.py", line 673, in _actual_draw
    i.draw()
  File "/usr/lib/python3.11/site-packages/libqtile/widget/sep.py", line 57, in draw
    self.drawer.draw(offsetx=self.offset, offsety=self.offsety, width=self.length)
  File "/usr/lib/python3.11/site-packages/libqtile/backend/base/drawer.py", line 216, in draw
    self._draw(
  File "/usr/lib/python3.11/site-packages/libqtile/backend/x11/drawer.py", line 194, in _draw
    self.qtile.core.conn.conn.core.CopyArea(
  File "/usr/lib/python3.11/site-packages/xcffib/xproto.py", line 3151, in CopyArea
    buf.write(struct.pack("=xx2xIIIhhhhHH", src_drawable, dst_drawable, gc, src_x, src_y, dst_x, dst_y, width, height))
              ^^^^^^^^^^^^^^^^^^^^^^^^^^^^^^^^^^^^^^^^^^^^^^^^^^^^^^^^^^^^^^^^^^^^^^^^^^^^^^^^^^^^^^^^^^^^^^^^^^^^^^^^
struct.error: ushort format requires 0 <= number <= 65535
2023-11-10 02:52:18,751 ERROR libqtile loop.py:_handle_exception():L62 Exception in event loop:
Traceback (most recent call last):
  File "/usr/lib/python3.11/asyncio/events.py", line 80, in _run
    self._context.run(self._callback, *self._args)
  File "/usr/lib/python3.11/site-packages/libqtile/core/manager.py", line 937, in f
    func(*args)
  File "/usr/lib/python3.11/site-packages/libqtile/bar.py", line 673, in _actual_draw
    i.draw()
  File "/usr/lib/python3.11/site-packages/libqtile/widget/sep.py", line 57, in draw
    self.drawer.draw(offsetx=self.offset, offsety=self.offsety, width=self.length)
  File "/usr/lib/python3.11/site-packages/libqtile/backend/base/drawer.py", line 216, in draw
    self._draw(
  File "/usr/lib/python3.11/site-packages/libqtile/backend/x11/drawer.py", line 194, in _draw
    self.qtile.core.conn.conn.core.CopyArea(
  File "/usr/lib/python3.11/site-packages/xcffib/xproto.py", line 3151, in CopyArea
    buf.write(struct.pack("=xx2xIIIhhhhHH", src_drawable, dst_drawable, gc, src_x, src_y, dst_x, dst_y, width, height))
              ^^^^^^^^^^^^^^^^^^^^^^^^^^^^^^^^^^^^^^^^^^^^^^^^^^^^^^^^^^^^^^^^^^^^^^^^^^^^^^^^^^^^^^^^^^^^^^^^^^^^^^^^
struct.error: ushort format requires 0 <= number <= 65535
2023-11-10 02:52:20,162 ERROR libqtile loop.py:_handle_exception():L62 Exception in event loop:
Traceback (most recent call last):
  File "/usr/lib/python3.11/asyncio/events.py", line 80, in _run
    self._context.run(self._callback, *self._args)
  File "/usr/lib/python3.11/site-packages/libqtile/core/manager.py", line 937, in f
    func(*args)
  File "/usr/lib/python3.11/site-packages/libqtile/bar.py", line 673, in _actual_draw
    i.draw()
  File "/usr/lib/python3.11/site-packages/libqtile/widget/sep.py", line 57, in draw
    self.drawer.draw(offsetx=self.offset, offsety=self.offsety, width=self.length)
  File "/usr/lib/python3.11/site-packages/libqtile/backend/base/drawer.py", line 216, in draw
    self._draw(
  File "/usr/lib/python3.11/site-packages/libqtile/backend/x11/drawer.py", line 194, in _draw
    self.qtile.core.conn.conn.core.CopyArea(
  File "/usr/lib/python3.11/site-packages/xcffib/xproto.py", line 3151, in CopyArea
    buf.write(struct.pack("=xx2xIIIhhhhHH", src_drawable, dst_drawable, gc, src_x, src_y, dst_x, dst_y, width, height))
              ^^^^^^^^^^^^^^^^^^^^^^^^^^^^^^^^^^^^^^^^^^^^^^^^^^^^^^^^^^^^^^^^^^^^^^^^^^^^^^^^^^^^^^^^^^^^^^^^^^^^^^^^
struct.error: ushort format requires 0 <= number <= 65535
2023-11-10 02:52:21,416 WARNING libqtile lifecycle.py:_atexit():L33 Restarting Qtile with os.execv(...)
2023-11-10 02:52:22,198 WARNING libqtile manager.py:grab_key():L477 Key spec duplicated, overriding previous: <Key (['mod4'], r)>
2023-11-10 02:52:22,528 WARNING libqtile sleep.py:start():L86 dbus-next is not installed. Cannot run inhibitor process.
2023-11-10 02:52:22,547 ERROR libqtile loop.py:_handle_exception():L62 Exception in event loop:
Traceback (most recent call last):
  File "/usr/lib/python3.11/asyncio/events.py", line 80, in _run
    self._context.run(self._callback, *self._args)
  File "/usr/lib/python3.11/site-packages/libqtile/core/manager.py", line 937, in f
    func(*args)
  File "/usr/lib/python3.11/site-packages/libqtile/bar.py", line 673, in _actual_draw
    i.draw()
  File "/usr/lib/python3.11/site-packages/libqtile/widget/sep.py", line 57, in draw
    self.drawer.draw(offsetx=self.offset, offsety=self.offsety, width=self.length)
  File "/usr/lib/python3.11/site-packages/libqtile/backend/base/drawer.py", line 216, in draw
    self._draw(
  File "/usr/lib/python3.11/site-packages/libqtile/backend/x11/drawer.py", line 194, in _draw
    self.qtile.core.conn.conn.core.CopyArea(
  File "/usr/lib/python3.11/site-packages/xcffib/xproto.py", line 3151, in CopyArea
    buf.write(struct.pack("=xx2xIIIhhhhHH", src_drawable, dst_drawable, gc, src_x, src_y, dst_x, dst_y, width, height))
              ^^^^^^^^^^^^^^^^^^^^^^^^^^^^^^^^^^^^^^^^^^^^^^^^^^^^^^^^^^^^^^^^^^^^^^^^^^^^^^^^^^^^^^^^^^^^^^^^^^^^^^^^
struct.error: ushort format requires 0 <= number <= 65535
2023-11-10 02:52:22,558 ERROR libqtile loop.py:_handle_exception():L62 Exception in event loop:
Traceback (most recent call last):
  File "/usr/lib/python3.11/asyncio/events.py", line 80, in _run
    self._context.run(self._callback, *self._args)
  File "/usr/lib/python3.11/site-packages/libqtile/core/manager.py", line 937, in f
    func(*args)
  File "/usr/lib/python3.11/site-packages/libqtile/bar.py", line 673, in _actual_draw
    i.draw()
  File "/usr/lib/python3.11/site-packages/libqtile/widget/sep.py", line 57, in draw
    self.drawer.draw(offsetx=self.offset, offsety=self.offsety, width=self.length)
  File "/usr/lib/python3.11/site-packages/libqtile/backend/base/drawer.py", line 216, in draw
    self._draw(
  File "/usr/lib/python3.11/site-packages/libqtile/backend/x11/drawer.py", line 194, in _draw
    self.qtile.core.conn.conn.core.CopyArea(
  File "/usr/lib/python3.11/site-packages/xcffib/xproto.py", line 3151, in CopyArea
    buf.write(struct.pack("=xx2xIIIhhhhHH", src_drawable, dst_drawable, gc, src_x, src_y, dst_x, dst_y, width, height))
              ^^^^^^^^^^^^^^^^^^^^^^^^^^^^^^^^^^^^^^^^^^^^^^^^^^^^^^^^^^^^^^^^^^^^^^^^^^^^^^^^^^^^^^^^^^^^^^^^^^^^^^^^
struct.error: ushort format requires 0 <= number <= 65535
2023-11-10 02:52:23,471 ERROR libqtile loop.py:_handle_exception():L62 Exception in event loop:
Traceback (most recent call last):
  File "/usr/lib/python3.11/asyncio/events.py", line 80, in _run
    self._context.run(self._callback, *self._args)
  File "/usr/lib/python3.11/site-packages/libqtile/core/manager.py", line 937, in f
    func(*args)
  File "/usr/lib/python3.11/site-packages/libqtile/bar.py", line 673, in _actual_draw
    i.draw()
  File "/usr/lib/python3.11/site-packages/libqtile/widget/sep.py", line 57, in draw
    self.drawer.draw(offsetx=self.offset, offsety=self.offsety, width=self.length)
  File "/usr/lib/python3.11/site-packages/libqtile/backend/base/drawer.py", line 216, in draw
    self._draw(
  File "/usr/lib/python3.11/site-packages/libqtile/backend/x11/drawer.py", line 194, in _draw
    self.qtile.core.conn.conn.core.CopyArea(
  File "/usr/lib/python3.11/site-packages/xcffib/xproto.py", line 3151, in CopyArea
    buf.write(struct.pack("=xx2xIIIhhhhHH", src_drawable, dst_drawable, gc, src_x, src_y, dst_x, dst_y, width, height))
              ^^^^^^^^^^^^^^^^^^^^^^^^^^^^^^^^^^^^^^^^^^^^^^^^^^^^^^^^^^^^^^^^^^^^^^^^^^^^^^^^^^^^^^^^^^^^^^^^^^^^^^^^
struct.error: ushort format requires 0 <= number <= 65535
2023-11-10 02:52:24,038 ERROR libqtile loop.py:_handle_exception():L62 Exception in event loop:
Traceback (most recent call last):
  File "/usr/lib/python3.11/asyncio/events.py", line 80, in _run
    self._context.run(self._callback, *self._args)
  File "/usr/lib/python3.11/site-packages/libqtile/core/manager.py", line 937, in f
    func(*args)
  File "/usr/lib/python3.11/site-packages/libqtile/bar.py", line 673, in _actual_draw
    i.draw()
  File "/usr/lib/python3.11/site-packages/libqtile/widget/sep.py", line 57, in draw
    self.drawer.draw(offsetx=self.offset, offsety=self.offsety, width=self.length)
  File "/usr/lib/python3.11/site-packages/libqtile/backend/base/drawer.py", line 216, in draw
    self._draw(
  File "/usr/lib/python3.11/site-packages/libqtile/backend/x11/drawer.py", line 194, in _draw
    self.qtile.core.conn.conn.core.CopyArea(
  File "/usr/lib/python3.11/site-packages/xcffib/xproto.py", line 3151, in CopyArea
    buf.write(struct.pack("=xx2xIIIhhhhHH", src_drawable, dst_drawable, gc, src_x, src_y, dst_x, dst_y, width, height))
              ^^^^^^^^^^^^^^^^^^^^^^^^^^^^^^^^^^^^^^^^^^^^^^^^^^^^^^^^^^^^^^^^^^^^^^^^^^^^^^^^^^^^^^^^^^^^^^^^^^^^^^^^
struct.error: ushort format requires 0 <= number <= 65535
2023-11-10 02:52:25,021 ERROR libqtile loop.py:_handle_exception():L62 Exception in event loop:
Traceback (most recent call last):
  File "/usr/lib/python3.11/asyncio/events.py", line 80, in _run
    self._context.run(self._callback, *self._args)
  File "/usr/lib/python3.11/site-packages/libqtile/core/manager.py", line 937, in f
    func(*args)
  File "/usr/lib/python3.11/site-packages/libqtile/bar.py", line 673, in _actual_draw
    i.draw()
  File "/usr/lib/python3.11/site-packages/libqtile/widget/sep.py", line 57, in draw
    self.drawer.draw(offsetx=self.offset, offsety=self.offsety, width=self.length)
  File "/usr/lib/python3.11/site-packages/libqtile/backend/base/drawer.py", line 216, in draw
    self._draw(
  File "/usr/lib/python3.11/site-packages/libqtile/backend/x11/drawer.py", line 194, in _draw
    self.qtile.core.conn.conn.core.CopyArea(
  File "/usr/lib/python3.11/site-packages/xcffib/xproto.py", line 3151, in CopyArea
    buf.write(struct.pack("=xx2xIIIhhhhHH", src_drawable, dst_drawable, gc, src_x, src_y, dst_x, dst_y, width, height))
              ^^^^^^^^^^^^^^^^^^^^^^^^^^^^^^^^^^^^^^^^^^^^^^^^^^^^^^^^^^^^^^^^^^^^^^^^^^^^^^^^^^^^^^^^^^^^^^^^^^^^^^^^
struct.error: ushort format requires 0 <= number <= 65535
2023-11-10 02:52:28,911 ERROR libqtile loop.py:_handle_exception():L62 Exception in event loop:
Traceback (most recent call last):
  File "/usr/lib/python3.11/asyncio/events.py", line 80, in _run
    self._context.run(self._callback, *self._args)
  File "/usr/lib/python3.11/site-packages/libqtile/core/manager.py", line 937, in f
    func(*args)
  File "/usr/lib/python3.11/site-packages/libqtile/bar.py", line 673, in _actual_draw
    i.draw()
  File "/usr/lib/python3.11/site-packages/libqtile/widget/sep.py", line 57, in draw
    self.drawer.draw(offsetx=self.offset, offsety=self.offsety, width=self.length)
  File "/usr/lib/python3.11/site-packages/libqtile/backend/base/drawer.py", line 216, in draw
    self._draw(
  File "/usr/lib/python3.11/site-packages/libqtile/backend/x11/drawer.py", line 194, in _draw
    self.qtile.core.conn.conn.core.CopyArea(
  File "/usr/lib/python3.11/site-packages/xcffib/xproto.py", line 3151, in CopyArea
    buf.write(struct.pack("=xx2xIIIhhhhHH", src_drawable, dst_drawable, gc, src_x, src_y, dst_x, dst_y, width, height))
              ^^^^^^^^^^^^^^^^^^^^^^^^^^^^^^^^^^^^^^^^^^^^^^^^^^^^^^^^^^^^^^^^^^^^^^^^^^^^^^^^^^^^^^^^^^^^^^^^^^^^^^^^
struct.error: ushort format requires 0 <= number <= 65535
2023-11-10 02:52:29,976 WARNING libqtile lifecycle.py:_atexit():L33 Restarting Qtile with os.execv(...)
2023-11-10 02:52:30,792 WARNING libqtile manager.py:grab_key():L477 Key spec duplicated, overriding previous: <Key (['mod4'], r)>
2023-11-10 02:52:31,125 WARNING libqtile sleep.py:start():L86 dbus-next is not installed. Cannot run inhibitor process.
2023-11-10 02:52:37,518 WARNING libqtile lifecycle.py:_atexit():L33 Restarting Qtile with os.execv(...)
2023-11-10 02:52:38,255 WARNING libqtile manager.py:grab_key():L477 Key spec duplicated, overriding previous: <Key (['mod4'], r)>
2023-11-10 02:52:38,598 WARNING libqtile sleep.py:start():L86 dbus-next is not installed. Cannot run inhibitor process.
2023-11-10 02:52:50,297 WARNING libqtile lifecycle.py:_atexit():L33 Restarting Qtile with os.execv(...)
2023-11-10 02:52:51,064 WARNING libqtile manager.py:grab_key():L477 Key spec duplicated, overriding previous: <Key (['mod4'], r)>
2023-11-10 02:52:51,394 WARNING libqtile sleep.py:start():L86 dbus-next is not installed. Cannot run inhibitor process.
2023-11-10 02:52:57,041 WARNING libqtile lifecycle.py:_atexit():L33 Restarting Qtile with os.execv(...)
2023-11-10 02:52:57,807 WARNING libqtile manager.py:grab_key():L477 Key spec duplicated, overriding previous: <Key (['mod4'], r)>
2023-11-10 02:52:58,140 WARNING libqtile sleep.py:start():L86 dbus-next is not installed. Cannot run inhibitor process.
2023-11-10 02:53:07,670 WARNING libqtile lifecycle.py:_atexit():L33 Restarting Qtile with os.execv(...)
2023-11-10 02:53:08,451 WARNING libqtile manager.py:grab_key():L477 Key spec duplicated, overriding previous: <Key (['mod4'], r)>
2023-11-10 02:53:08,752 WARNING libqtile sleep.py:start():L86 dbus-next is not installed. Cannot run inhibitor process.
2023-11-10 02:53:27,491 WARNING libqtile lifecycle.py:_atexit():L33 Restarting Qtile with os.execv(...)
2023-11-10 02:53:28,211 WARNING libqtile manager.py:grab_key():L477 Key spec duplicated, overriding previous: <Key (['mod4'], r)>
2023-11-10 02:53:28,541 WARNING libqtile sleep.py:start():L86 dbus-next is not installed. Cannot run inhibitor process.
2023-11-10 02:53:56,849 WARNING libqtile lifecycle.py:_atexit():L33 Restarting Qtile with os.execv(...)
2023-11-10 02:53:57,619 WARNING libqtile manager.py:grab_key():L477 Key spec duplicated, overriding previous: <Key (['mod4'], r)>
2023-11-10 02:53:57,963 WARNING libqtile sleep.py:start():L86 dbus-next is not installed. Cannot run inhibitor process.
2023-11-10 03:10:34,757 WARNING libqtile lifecycle.py:_atexit():L33 Restarting Qtile with os.execv(...)
2023-11-10 03:10:38,448 WARNING libqtile manager.py:grab_key():L477 Key spec duplicated, overriding previous: <Key (['mod4'], r)>
2023-11-10 03:10:38,799 WARNING libqtile sleep.py:start():L86 dbus-next is not installed. Cannot run inhibitor process.
2023-11-10 03:10:52,873 ERROR libqtile manager.py:restart():L251 Preventing restart because of a configuration error:
Traceback (most recent call last):
  File "/usr/lib/python3.11/site-packages/libqtile/core/manager.py", line 249, in restart
    self.config.load()
  File "/usr/lib/python3.11/site-packages/libqtile/confreader.py", line 131, in load
    self._reload_config_submodules(path)
  File "/usr/lib/python3.11/site-packages/libqtile/confreader.py", line 120, in _reload_config_submodules
    importlib.reload(module)
  File "/usr/lib/python3.11/importlib/__init__.py", line 169, in reload
    _bootstrap._exec(spec, module)
  File "<frozen importlib._bootstrap>", line 621, in _exec
  File "<frozen importlib._bootstrap_external>", line 936, in exec_module
  File "<frozen importlib._bootstrap_external>", line 1074, in get_code
  File "<frozen importlib._bootstrap_external>", line 1004, in source_to_code
  File "<frozen importlib._bootstrap>", line 241, in _call_with_frames_removed
  File "/home/lalik/.config/qtile/settings/widgets.py", line 106
    ]
    ^
SyntaxError: closing parenthesis ']' does not match opening parenthesis '(' on line 99
2023-11-10 03:10:52,877 WARNING libqtile utils.py:send_notification():L280 dbus-next is not installed. Unable to send notifications.
2023-11-10 03:12:26,093 ERROR libqtile manager.py:restart():L251 Preventing restart because of a configuration error:
Traceback (most recent call last):
  File "/usr/lib/python3.11/site-packages/libqtile/core/manager.py", line 249, in restart
    self.config.load()
  File "/usr/lib/python3.11/site-packages/libqtile/confreader.py", line 131, in load
    self._reload_config_submodules(path)
  File "/usr/lib/python3.11/site-packages/libqtile/confreader.py", line 120, in _reload_config_submodules
    importlib.reload(module)
  File "/usr/lib/python3.11/importlib/__init__.py", line 169, in reload
    _bootstrap._exec(spec, module)
  File "<frozen importlib._bootstrap>", line 621, in _exec
  File "<frozen importlib._bootstrap_external>", line 936, in exec_module
  File "<frozen importlib._bootstrap_external>", line 1074, in get_code
  File "<frozen importlib._bootstrap_external>", line 1004, in source_to_code
  File "<frozen importlib._bootstrap>", line 241, in _call_with_frames_removed
  File "/home/lalik/.config/qtile/settings/widgets.py", line 99
    icon(bg="color1", fontsize=17, text=' ',) # Icon: nf-mdi-calendar_clock
    ^^^^^^^^^^^^^^^^^^^^^^^^^^^^^^^^^^^^^^^^^^^^^^^^^^^^^^^^^^^^^
SyntaxError: invalid syntax. Perhaps you forgot a comma?
2023-11-10 03:12:26,097 WARNING libqtile utils.py:send_notification():L280 dbus-next is not installed. Unable to send notifications.
2023-11-10 03:14:22,916 WARNING libqtile lifecycle.py:_atexit():L33 Restarting Qtile with os.execv(...)
2023-11-10 03:14:23,883 WARNING libqtile manager.py:grab_key():L477 Key spec duplicated, overriding previous: <Key (['mod4'], r)>
2023-11-10 03:14:24,211 WARNING libqtile sleep.py:start():L86 dbus-next is not installed. Cannot run inhibitor process.
2023-11-10 03:14:34,489 ERROR libqtile manager.py:restart():L251 Preventing restart because of a configuration error:
Traceback (most recent call last):
  File "/usr/lib/python3.11/site-packages/libqtile/core/manager.py", line 249, in restart
    self.config.load()
  File "/usr/lib/python3.11/site-packages/libqtile/confreader.py", line 131, in load
    self._reload_config_submodules(path)
  File "/usr/lib/python3.11/site-packages/libqtile/confreader.py", line 120, in _reload_config_submodules
    importlib.reload(module)
  File "/usr/lib/python3.11/importlib/__init__.py", line 169, in reload
    _bootstrap._exec(spec, module)
  File "<frozen importlib._bootstrap>", line 621, in _exec
  File "<frozen importlib._bootstrap_external>", line 936, in exec_module
  File "<frozen importlib._bootstrap_external>", line 1074, in get_code
  File "<frozen importlib._bootstrap_external>", line 1004, in source_to_code
  File "<frozen importlib._bootstrap>", line 241, in _call_with_frames_removed
  File "/home/lalik/.config/qtile/settings/widgets.py", line 106
    ]
    ^
SyntaxError: closing parenthesis ']' does not match opening parenthesis '(' on line 99
2023-11-10 03:14:34,493 WARNING libqtile utils.py:send_notification():L280 dbus-next is not installed. Unable to send notifications.
2023-11-10 03:14:53,822 ERROR libqtile manager.py:restart():L251 Preventing restart because of a configuration error:
Traceback (most recent call last):
  File "/usr/lib/python3.11/site-packages/libqtile/core/manager.py", line 249, in restart
    self.config.load()
  File "/usr/lib/python3.11/site-packages/libqtile/confreader.py", line 131, in load
    self._reload_config_submodules(path)
  File "/usr/lib/python3.11/site-packages/libqtile/confreader.py", line 120, in _reload_config_submodules
    importlib.reload(module)
  File "/usr/lib/python3.11/importlib/__init__.py", line 169, in reload
    _bootstrap._exec(spec, module)
  File "<frozen importlib._bootstrap>", line 621, in _exec
  File "<frozen importlib._bootstrap_external>", line 936, in exec_module
  File "<frozen importlib._bootstrap_external>", line 1074, in get_code
  File "<frozen importlib._bootstrap_external>", line 1004, in source_to_code
  File "<frozen importlib._bootstrap>", line 241, in _call_with_frames_removed
  File "/home/lalik/.config/qtile/settings/widgets.py", line 106
    ]
    ^
SyntaxError: closing parenthesis ']' does not match opening parenthesis '(' on line 99
2023-11-10 03:14:53,825 WARNING libqtile utils.py:send_notification():L280 dbus-next is not installed. Unable to send notifications.
2023-11-10 03:15:42,330 WARNING libqtile lifecycle.py:_atexit():L33 Restarting Qtile with os.execv(...)
2023-11-10 03:15:43,057 WARNING libqtile manager.py:grab_key():L477 Key spec duplicated, overriding previous: <Key (['mod4'], r)>
2023-11-10 03:15:43,186 WARNING libqtile sleep.py:start():L86 dbus-next is not installed. Cannot run inhibitor process.
2023-11-10 03:17:38,990 WARNING libqtile lifecycle.py:_atexit():L33 Restarting Qtile with os.execv(...)
2023-11-10 03:17:39,729 WARNING libqtile manager.py:grab_key():L477 Key spec duplicated, overriding previous: <Key (['mod4'], r)>
2023-11-10 03:17:39,887 WARNING libqtile sleep.py:start():L86 dbus-next is not installed. Cannot run inhibitor process.
2023-11-10 03:18:21,917 WARNING libqtile lifecycle.py:_atexit():L33 Restarting Qtile with os.execv(...)
2023-11-10 03:18:22,675 WARNING libqtile manager.py:grab_key():L477 Key spec duplicated, overriding previous: <Key (['mod4'], r)>
2023-11-10 03:18:22,820 WARNING libqtile sleep.py:start():L86 dbus-next is not installed. Cannot run inhibitor process.
2023-11-10 03:18:46,412 WARNING libqtile lifecycle.py:_atexit():L33 Restarting Qtile with os.execv(...)
2023-11-10 03:18:47,127 WARNING libqtile manager.py:grab_key():L477 Key spec duplicated, overriding previous: <Key (['mod4'], r)>
2023-11-10 03:18:47,266 WARNING libqtile sleep.py:start():L86 dbus-next is not installed. Cannot run inhibitor process.
2023-11-10 03:19:20,608 WARNING libqtile lifecycle.py:_atexit():L33 Restarting Qtile with os.execv(...)
2023-11-10 03:19:21,387 WARNING libqtile manager.py:grab_key():L477 Key spec duplicated, overriding previous: <Key (['mod4'], r)>
2023-11-10 03:19:21,540 WARNING libqtile sleep.py:start():L86 dbus-next is not installed. Cannot run inhibitor process.
2023-11-10 03:19:38,437 WARNING libqtile lifecycle.py:_atexit():L33 Restarting Qtile with os.execv(...)
2023-11-10 03:19:39,106 WARNING libqtile manager.py:grab_key():L477 Key spec duplicated, overriding previous: <Key (['mod4'], r)>
2023-11-10 03:19:39,262 WARNING libqtile sleep.py:start():L86 dbus-next is not installed. Cannot run inhibitor process.
2023-11-10 03:20:13,346 WARNING libqtile lifecycle.py:_atexit():L33 Restarting Qtile with os.execv(...)
2023-11-10 03:20:14,119 WARNING libqtile manager.py:grab_key():L477 Key spec duplicated, overriding previous: <Key (['mod4'], r)>
2023-11-10 03:20:14,265 WARNING libqtile sleep.py:start():L86 dbus-next is not installed. Cannot run inhibitor process.
2023-11-10 03:20:29,811 WARNING libqtile lifecycle.py:_atexit():L33 Restarting Qtile with os.execv(...)
2023-11-10 03:20:30,503 WARNING libqtile manager.py:grab_key():L477 Key spec duplicated, overriding previous: <Key (['mod4'], r)>
2023-11-10 03:20:30,640 WARNING libqtile sleep.py:start():L86 dbus-next is not installed. Cannot run inhibitor process.
2023-11-10 03:21:11,586 WARNING libqtile lifecycle.py:_atexit():L33 Restarting Qtile with os.execv(...)
2023-11-10 03:21:12,354 WARNING libqtile manager.py:grab_key():L477 Key spec duplicated, overriding previous: <Key (['mod4'], r)>
2023-11-10 03:21:12,502 WARNING libqtile sleep.py:start():L86 dbus-next is not installed. Cannot run inhibitor process.
2023-11-10 03:21:26,533 WARNING libqtile lifecycle.py:_atexit():L33 Restarting Qtile with os.execv(...)
2023-11-10 03:21:27,201 WARNING libqtile manager.py:grab_key():L477 Key spec duplicated, overriding previous: <Key (['mod4'], r)>
2023-11-10 03:21:27,331 WARNING libqtile sleep.py:start():L86 dbus-next is not installed. Cannot run inhibitor process.
2023-11-10 03:22:19,871 WARNING libqtile lifecycle.py:_atexit():L33 Restarting Qtile with os.execv(...)
2023-11-10 03:22:20,601 WARNING libqtile manager.py:grab_key():L477 Key spec duplicated, overriding previous: <Key (['mod4'], r)>
2023-11-10 03:22:20,740 WARNING libqtile sleep.py:start():L86 dbus-next is not installed. Cannot run inhibitor process.
2023-11-10 03:22:34,070 WARNING libqtile lifecycle.py:_atexit():L33 Restarting Qtile with os.execv(...)
2023-11-10 03:22:34,740 WARNING libqtile manager.py:grab_key():L477 Key spec duplicated, overriding previous: <Key (['mod4'], r)>
2023-11-10 03:22:34,872 WARNING libqtile sleep.py:start():L86 dbus-next is not installed. Cannot run inhibitor process.
2023-11-10 03:22:44,750 WARNING libqtile lifecycle.py:_atexit():L33 Restarting Qtile with os.execv(...)
2023-11-10 03:22:45,455 WARNING libqtile manager.py:grab_key():L477 Key spec duplicated, overriding previous: <Key (['mod4'], r)>
2023-11-10 03:22:45,602 WARNING libqtile sleep.py:start():L86 dbus-next is not installed. Cannot run inhibitor process.
2023-11-10 03:23:04,097 WARNING libqtile lifecycle.py:_atexit():L33 Restarting Qtile with os.execv(...)
2023-11-10 03:23:04,800 WARNING libqtile manager.py:grab_key():L477 Key spec duplicated, overriding previous: <Key (['mod4'], r)>
2023-11-10 03:23:04,951 WARNING libqtile sleep.py:start():L86 dbus-next is not installed. Cannot run inhibitor process.
2023-11-10 03:23:47,523 WARNING libqtile lifecycle.py:_atexit():L33 Restarting Qtile with os.execv(...)
2023-11-10 03:23:48,202 WARNING libqtile manager.py:grab_key():L477 Key spec duplicated, overriding previous: <Key (['mod4'], r)>
2023-11-10 03:23:48,338 WARNING libqtile sleep.py:start():L86 dbus-next is not installed. Cannot run inhibitor process.
2023-11-10 03:23:56,889 WARNING libqtile lifecycle.py:_atexit():L33 Restarting Qtile with os.execv(...)
2023-11-10 03:23:57,574 WARNING libqtile manager.py:grab_key():L477 Key spec duplicated, overriding previous: <Key (['mod4'], r)>
2023-11-10 03:23:57,721 WARNING libqtile sleep.py:start():L86 dbus-next is not installed. Cannot run inhibitor process.
2023-11-10 03:24:06,038 WARNING libqtile lifecycle.py:_atexit():L33 Restarting Qtile with os.execv(...)
2023-11-10 03:24:06,731 WARNING libqtile manager.py:grab_key():L477 Key spec duplicated, overriding previous: <Key (['mod4'], r)>
2023-11-10 03:24:06,875 WARNING libqtile sleep.py:start():L86 dbus-next is not installed. Cannot run inhibitor process.
2023-11-10 03:24:20,370 WARNING libqtile lifecycle.py:_atexit():L33 Restarting Qtile with os.execv(...)
2023-11-10 03:24:21,056 WARNING libqtile manager.py:grab_key():L477 Key spec duplicated, overriding previous: <Key (['mod4'], r)>
2023-11-10 03:24:21,186 WARNING libqtile sleep.py:start():L86 dbus-next is not installed. Cannot run inhibitor process.
2023-11-10 03:24:33,635 WARNING libqtile lifecycle.py:_atexit():L33 Restarting Qtile with os.execv(...)
2023-11-10 03:24:34,334 WARNING libqtile manager.py:grab_key():L477 Key spec duplicated, overriding previous: <Key (['mod4'], r)>
2023-11-10 03:24:34,466 WARNING libqtile sleep.py:start():L86 dbus-next is not installed. Cannot run inhibitor process.
2023-11-10 03:24:43,330 WARNING libqtile lifecycle.py:_atexit():L33 Restarting Qtile with os.execv(...)
2023-11-10 03:24:44,031 WARNING libqtile manager.py:grab_key():L477 Key spec duplicated, overriding previous: <Key (['mod4'], r)>
2023-11-10 03:24:44,165 WARNING libqtile sleep.py:start():L86 dbus-next is not installed. Cannot run inhibitor process.
2023-11-10 03:25:13,307 WARNING libqtile lifecycle.py:_atexit():L33 Restarting Qtile with os.execv(...)
2023-11-10 03:25:13,991 WARNING libqtile manager.py:grab_key():L477 Key spec duplicated, overriding previous: <Key (['mod4'], r)>
2023-11-10 03:25:14,135 WARNING libqtile sleep.py:start():L86 dbus-next is not installed. Cannot run inhibitor process.
2023-11-10 03:25:30,004 WARNING libqtile lifecycle.py:_atexit():L33 Restarting Qtile with os.execv(...)
2023-11-10 03:25:30,673 WARNING libqtile manager.py:grab_key():L477 Key spec duplicated, overriding previous: <Key (['mod4'], r)>
2023-11-10 03:25:30,831 WARNING libqtile sleep.py:start():L86 dbus-next is not installed. Cannot run inhibitor process.
2023-11-10 03:29:13,997 WARNING libqtile lifecycle.py:_atexit():L33 Restarting Qtile with os.execv(...)
2023-11-10 03:29:14,667 WARNING libqtile manager.py:grab_key():L477 Key spec duplicated, overriding previous: <Key (['mod4'], r)>
2023-11-10 03:29:14,813 WARNING libqtile sleep.py:start():L86 dbus-next is not installed. Cannot run inhibitor process.
2023-11-10 03:30:13,682 WARNING libqtile lifecycle.py:_atexit():L33 Restarting Qtile with os.execv(...)
2023-11-10 03:30:14,357 WARNING libqtile manager.py:grab_key():L477 Key spec duplicated, overriding previous: <Key (['mod4'], r)>
2023-11-10 03:30:14,507 WARNING libqtile sleep.py:start():L86 dbus-next is not installed. Cannot run inhibitor process.
2023-11-10 03:30:36,881 WARNING libqtile lifecycle.py:_atexit():L33 Restarting Qtile with os.execv(...)
2023-11-10 03:30:37,567 WARNING libqtile manager.py:grab_key():L477 Key spec duplicated, overriding previous: <Key (['mod4'], r)>
2023-11-10 03:30:37,695 WARNING libqtile sleep.py:start():L86 dbus-next is not installed. Cannot run inhibitor process.
2023-11-10 03:30:55,825 WARNING libqtile lifecycle.py:_atexit():L33 Restarting Qtile with os.execv(...)
2023-11-10 03:30:56,507 WARNING libqtile manager.py:grab_key():L477 Key spec duplicated, overriding previous: <Key (['mod4'], r)>
2023-11-10 03:30:56,657 WARNING libqtile sleep.py:start():L86 dbus-next is not installed. Cannot run inhibitor process.
2023-11-10 03:31:19,103 WARNING libqtile lifecycle.py:_atexit():L33 Restarting Qtile with os.execv(...)
2023-11-10 03:31:19,792 WARNING libqtile manager.py:grab_key():L477 Key spec duplicated, overriding previous: <Key (['mod4'], r)>
2023-11-10 03:31:19,933 WARNING libqtile sleep.py:start():L86 dbus-next is not installed. Cannot run inhibitor process.
2023-11-10 03:31:30,783 WARNING libqtile lifecycle.py:_atexit():L33 Restarting Qtile with os.execv(...)
2023-11-10 03:31:31,442 WARNING libqtile manager.py:grab_key():L477 Key spec duplicated, overriding previous: <Key (['mod4'], r)>
2023-11-10 03:31:31,587 WARNING libqtile sleep.py:start():L86 dbus-next is not installed. Cannot run inhibitor process.
2023-11-10 03:31:44,133 WARNING libqtile lifecycle.py:_atexit():L33 Restarting Qtile with os.execv(...)
2023-11-10 03:31:44,820 WARNING libqtile manager.py:grab_key():L477 Key spec duplicated, overriding previous: <Key (['mod4'], r)>
2023-11-10 03:31:44,968 WARNING libqtile sleep.py:start():L86 dbus-next is not installed. Cannot run inhibitor process.
2023-11-10 03:31:54,847 WARNING libqtile lifecycle.py:_atexit():L33 Restarting Qtile with os.execv(...)
2023-11-10 03:31:55,542 WARNING libqtile manager.py:grab_key():L477 Key spec duplicated, overriding previous: <Key (['mod4'], r)>
2023-11-10 03:31:55,675 WARNING libqtile sleep.py:start():L86 dbus-next is not installed. Cannot run inhibitor process.
2023-11-10 03:32:20,060 WARNING libqtile lifecycle.py:_atexit():L33 Restarting Qtile with os.execv(...)
2023-11-10 03:32:20,735 WARNING libqtile manager.py:grab_key():L477 Key spec duplicated, overriding previous: <Key (['mod4'], r)>
2023-11-10 03:32:20,892 WARNING libqtile sleep.py:start():L86 dbus-next is not installed. Cannot run inhibitor process.
2023-11-10 03:32:28,222 WARNING libqtile lifecycle.py:_atexit():L33 Restarting Qtile with os.execv(...)
2023-11-10 03:32:28,895 WARNING libqtile manager.py:grab_key():L477 Key spec duplicated, overriding previous: <Key (['mod4'], r)>
2023-11-10 03:32:29,037 WARNING libqtile sleep.py:start():L86 dbus-next is not installed. Cannot run inhibitor process.
2023-11-10 03:33:13,064 WARNING libqtile lifecycle.py:_atexit():L33 Restarting Qtile with os.execv(...)
2023-11-10 03:33:13,742 WARNING libqtile manager.py:grab_key():L477 Key spec duplicated, overriding previous: <Key (['mod4'], r)>
2023-11-10 03:33:13,882 WARNING libqtile sleep.py:start():L86 dbus-next is not installed. Cannot run inhibitor process.
2023-11-10 03:33:28,695 WARNING libqtile lifecycle.py:_atexit():L33 Restarting Qtile with os.execv(...)
2023-11-10 03:33:29,393 WARNING libqtile manager.py:grab_key():L477 Key spec duplicated, overriding previous: <Key (['mod4'], r)>
2023-11-10 03:33:29,546 WARNING libqtile sleep.py:start():L86 dbus-next is not installed. Cannot run inhibitor process.
2023-11-10 04:47:43,903 WARNING libqtile lifecycle.py:_atexit():L37 Qtile will now terminate
2023-11-10 04:48:51,150 WARNING libqtile manager.py:grab_key():L477 Key spec duplicated, overriding previous: <Key (['mod4'], r)>
2023-11-10 04:48:51,203 WARNING libqtile sleep.py:start():L86 dbus-next is not installed. Cannot run inhibitor process.
2023-11-10 07:43:12,775 WARNING libqtile core.py:graceful_shutdown():L908 Server disconnected, couldn't close windows gracefully.
2023-11-10 07:43:12,829 WARNING libqtile lifecycle.py:_atexit():L37 Qtile will now terminate
2023-11-10 18:12:04,762 WARNING libqtile manager.py:grab_key():L477 Key spec duplicated, overriding previous: <Key (['mod4'], r)>
2023-11-10 18:12:04,880 WARNING libqtile sleep.py:start():L86 dbus-next is not installed. Cannot run inhibitor process.
2023-11-10 18:15:43,694 WARNING libqtile lifecycle.py:_atexit():L33 Restarting Qtile with os.execv(...)
2023-11-10 18:15:44,328 WARNING libqtile manager.py:grab_key():L477 Key spec duplicated, overriding previous: <Key (['mod4'], r)>
2023-11-10 18:15:44,345 WARNING libqtile sleep.py:start():L86 dbus-next is not installed. Cannot run inhibitor process.
2023-11-10 18:17:05,203 ERROR libqtile base.py:on_done():L857 Failed to reschedule timer for checkupdates.
Traceback (most recent call last):
  File "/usr/lib/python3.11/site-packages/libqtile/widget/base.py", line 851, in on_done
    self.update(result)
  File "/usr/lib/python3.11/site-packages/libqtile/widget/base.py", line 755, in update
    old_width = self.layout.width
                ^^^^^^^^^^^^^^^^^
  File "/usr/lib/python3.11/site-packages/libqtile/backend/base/drawer.py", line 421, in width
    return self.layout.get_pixel_size()[0]
           ^^^^^^^^^^^^^^^^^^^^^^^^^^^^
  File "/usr/lib/python3.11/site-packages/libqtile/pangocffi.py", line 137, in get_pixel_size
    pango.pango_layout_get_pixel_size(self._pointer, width, height)
TypeError: initializer for ctype 'PangoLayout *' must be a cdata pointer, not NoneType
2023-11-10 18:17:05,211 WARNING libqtile lifecycle.py:_atexit():L37 Qtile will now terminate
2023-11-10 18:18:05,010 WARNING libqtile manager.py:grab_key():L477 Key spec duplicated, overriding previous: <Key (['mod4'], r)>
2023-11-10 18:18:05,131 WARNING libqtile sleep.py:start():L86 dbus-next is not installed. Cannot run inhibitor process.
2023-11-10 20:55:21,401 WARNING libqtile lifecycle.py:_atexit():L37 Qtile will now terminate
2023-11-14 18:32:22,732 WARNING libqtile manager.py:grab_key():L477 Key spec duplicated, overriding previous: <Key (['mod4'], r)>
2023-11-14 18:32:22,845 WARNING libqtile sleep.py:start():L86 dbus-next is not installed. Cannot run inhibitor process.
2023-11-14 20:45:53,786 WARNING libqtile lifecycle.py:_atexit():L37 Qtile will now terminate
2023-11-15 09:53:21,335 WARNING libqtile manager.py:grab_key():L477 Key spec duplicated, overriding previous: <Key (['mod4'], r)>
2023-11-15 09:53:21,446 WARNING libqtile sleep.py:start():L86 dbus-next is not installed. Cannot run inhibitor process.
2023-11-15 10:32:54,264 WARNING libqtile lifecycle.py:_atexit():L37 Qtile will now terminate
2023-11-16 11:30:49,042 WARNING libqtile manager.py:grab_key():L477 Key spec duplicated, overriding previous: <Key (['mod4'], r)>
2023-11-16 11:30:49,120 WARNING libqtile sleep.py:start():L86 dbus-next is not installed. Cannot run inhibitor process.
2023-11-16 17:56:37,450 ERROR libqtile manager.py:process_key_event():L453 KB command error kill: No object window in path 'window'
2023-11-16 17:56:41,511 WARNING libqtile lifecycle.py:_atexit():L37 Qtile will now terminate
2023-11-22 21:14:44,703 WARNING libqtile manager.py:grab_key():L477 Key spec duplicated, overriding previous: <Key (['mod4'], r)>
2023-11-22 21:14:44,803 WARNING libqtile sleep.py:start():L86 dbus-next is not installed. Cannot run inhibitor process.
2023-11-22 23:35:02,521 WARNING libqtile lifecycle.py:_atexit():L37 Qtile will now terminate
2023-11-23 00:57:19,906 WARNING libqtile manager.py:grab_key():L477 Key spec duplicated, overriding previous: <Key (['mod4'], r)>
2023-11-23 00:57:20,013 WARNING libqtile sleep.py:start():L86 dbus-next is not installed. Cannot run inhibitor process.
2023-11-23 02:33:42,974 WARNING libqtile core.py:graceful_shutdown():L908 Server disconnected, couldn't close windows gracefully.
2023-11-23 02:33:42,995 WARNING libqtile lifecycle.py:_atexit():L37 Qtile will now terminate
2023-11-23 11:12:05,894 WARNING libqtile manager.py:grab_key():L477 Key spec duplicated, overriding previous: <Key (['mod4'], r)>
2023-11-23 11:12:06,008 WARNING libqtile sleep.py:start():L86 dbus-next is not installed. Cannot run inhibitor process.
2023-11-23 11:44:21,943 WARNING libqtile lifecycle.py:_atexit():L37 Qtile will now terminate
2023-11-24 16:16:13,268 WARNING libqtile manager.py:grab_key():L477 Key spec duplicated, overriding previous: <Key (['mod4'], r)>
2023-11-24 16:16:13,366 WARNING libqtile sleep.py:start():L86 dbus-next is not installed. Cannot run inhibitor process.
2023-11-24 16:18:49,891 WARNING libqtile lifecycle.py:_atexit():L37 Qtile will now terminate
2023-11-27 03:08:45,766 WARNING libqtile manager.py:grab_key():L477 Key spec duplicated, overriding previous: <Key (['mod4'], r)>
2023-11-27 03:08:45,880 WARNING libqtile sleep.py:start():L86 dbus-next is not installed. Cannot run inhibitor process.
2023-11-28 12:20:52,221 WARNING libqtile lifecycle.py:_atexit():L37 Qtile will now terminate
2023-12-07 14:51:32,173 WARNING libqtile manager.py:grab_key():L477 Key spec duplicated, overriding previous: <Key (['mod4'], r)>
2023-12-07 14:51:32,282 WARNING libqtile sleep.py:start():L86 dbus-next is not installed. Cannot run inhibitor process.
2023-12-07 15:30:24,808 WARNING libqtile lifecycle.py:_atexit():L37 Qtile will now terminate
2023-12-07 15:31:39,747 WARNING libqtile manager.py:grab_key():L477 Key spec duplicated, overriding previous: <Key (['mod4'], r)>
2023-12-07 15:31:39,851 WARNING libqtile sleep.py:start():L86 dbus-next is not installed. Cannot run inhibitor process.
2023-12-07 15:40:14,921 ERROR libqtile manager.py:process_key_event():L453 KB command error togroup: No object window in path 'window'
2023-12-07 17:18:08,473 WARNING libqtile core.py:graceful_shutdown():L908 Server disconnected, couldn't close windows gracefully.
2023-12-07 17:18:08,582 WARNING libqtile lifecycle.py:_atexit():L37 Qtile will now terminate
2023-12-08 00:11:47,990 WARNING libqtile manager.py:grab_key():L477 Key spec duplicated, overriding previous: <Key (['mod4'], r)>
2023-12-08 00:11:48,110 WARNING libqtile sleep.py:start():L86 dbus-next is not installed. Cannot run inhibitor process.
2023-12-08 12:49:22,625 ERROR libqtile manager.py:process_key_event():L453 KB command error togroup: No object window in path 'window'
2023-12-08 13:35:06,974 ERROR libqtile manager.py:process_key_event():L453 KB command error kill: No object window in path 'window'
2023-12-08 14:10:28,631 ERROR libqtile manager.py:process_key_event():L453 KB command error kill: No object window in path 'window'
2023-12-08 14:10:40,689 WARNING libqtile core.py:graceful_shutdown():L908 Server disconnected, couldn't close windows gracefully.
2023-12-08 14:10:41,184 WARNING libqtile lifecycle.py:_atexit():L37 Qtile will now terminate
2023-12-08 14:11:46,970 WARNING libqtile manager.py:grab_key():L477 Key spec duplicated, overriding previous: <Key (['mod4'], r)>
2023-12-08 14:11:47,057 WARNING libqtile sleep.py:start():L86 dbus-next is not installed. Cannot run inhibitor process.
2023-12-08 17:11:00,738 WARNING libqtile core.py:graceful_shutdown():L908 Server disconnected, couldn't close windows gracefully.
2023-12-08 17:11:01,447 WARNING libqtile lifecycle.py:_atexit():L37 Qtile will now terminate
2023-12-09 00:02:09,851 WARNING libqtile manager.py:grab_key():L477 Key spec duplicated, overriding previous: <Key (['mod4'], r)>
2023-12-09 00:02:09,977 WARNING libqtile sleep.py:start():L86 dbus-next is not installed. Cannot run inhibitor process.
2023-12-09 00:04:32,458 WARNING libqtile lifecycle.py:_atexit():L33 Restarting Qtile with os.execv(...)
2023-12-09 00:04:33,211 WARNING libqtile manager.py:grab_key():L477 Key spec duplicated, overriding previous: <Key (['mod4'], r)>
2023-12-09 00:04:33,437 WARNING libqtile sleep.py:start():L86 dbus-next is not installed. Cannot run inhibitor process.
2023-12-09 00:05:16,775 WARNING libqtile lifecycle.py:_atexit():L33 Restarting Qtile with os.execv(...)
2023-12-09 00:05:17,454 WARNING libqtile manager.py:grab_key():L477 Key spec duplicated, overriding previous: <Key (['mod4'], r)>
2023-12-09 00:05:17,660 WARNING libqtile sleep.py:start():L86 dbus-next is not installed. Cannot run inhibitor process.
2023-12-09 00:06:29,062 WARNING libqtile lifecycle.py:_atexit():L33 Restarting Qtile with os.execv(...)
2023-12-09 00:06:29,910 WARNING libqtile manager.py:grab_key():L477 Key spec duplicated, overriding previous: <Key (['mod4'], r)>
2023-12-09 00:06:30,210 WARNING libqtile sleep.py:start():L86 dbus-next is not installed. Cannot run inhibitor process.
2023-12-09 00:07:08,537 WARNING libqtile lifecycle.py:_atexit():L33 Restarting Qtile with os.execv(...)
2023-12-09 00:07:09,190 WARNING libqtile manager.py:grab_key():L477 Key spec duplicated, overriding previous: <Key (['mod4'], r)>
2023-12-09 00:07:09,304 WARNING libqtile sleep.py:start():L86 dbus-next is not installed. Cannot run inhibitor process.
2023-12-09 00:07:18,652 WARNING libqtile lifecycle.py:_atexit():L33 Restarting Qtile with os.execv(...)
2023-12-09 00:07:19,291 WARNING libqtile manager.py:grab_key():L477 Key spec duplicated, overriding previous: <Key (['mod4'], r)>
2023-12-09 00:07:19,407 WARNING libqtile sleep.py:start():L86 dbus-next is not installed. Cannot run inhibitor process.
2023-12-09 00:07:31,618 WARNING libqtile lifecycle.py:_atexit():L33 Restarting Qtile with os.execv(...)
2023-12-09 00:07:32,254 WARNING libqtile manager.py:grab_key():L477 Key spec duplicated, overriding previous: <Key (['mod4'], r)>
2023-12-09 00:07:32,368 WARNING libqtile sleep.py:start():L86 dbus-next is not installed. Cannot run inhibitor process.
2023-12-09 00:07:43,950 WARNING libqtile lifecycle.py:_atexit():L33 Restarting Qtile with os.execv(...)
2023-12-09 00:07:44,602 WARNING libqtile manager.py:grab_key():L477 Key spec duplicated, overriding previous: <Key (['mod4'], r)>
2023-12-09 00:07:44,719 WARNING libqtile sleep.py:start():L86 dbus-next is not installed. Cannot run inhibitor process.
2023-12-09 00:07:51,528 WARNING libqtile lifecycle.py:_atexit():L33 Restarting Qtile with os.execv(...)
2023-12-09 00:07:52,204 WARNING libqtile manager.py:grab_key():L477 Key spec duplicated, overriding previous: <Key (['mod4'], r)>
2023-12-09 00:07:52,339 WARNING libqtile sleep.py:start():L86 dbus-next is not installed. Cannot run inhibitor process.
2023-12-09 00:08:07,208 WARNING libqtile lifecycle.py:_atexit():L33 Restarting Qtile with os.execv(...)
2023-12-09 00:08:07,851 WARNING libqtile manager.py:grab_key():L477 Key spec duplicated, overriding previous: <Key (['mod4'], r)>
2023-12-09 00:08:07,967 WARNING libqtile sleep.py:start():L86 dbus-next is not installed. Cannot run inhibitor process.
2023-12-09 00:08:26,106 WARNING libqtile lifecycle.py:_atexit():L33 Restarting Qtile with os.execv(...)
2023-12-09 00:08:26,768 WARNING libqtile manager.py:grab_key():L477 Key spec duplicated, overriding previous: <Key (['mod4'], r)>
2023-12-09 00:08:26,889 WARNING libqtile sleep.py:start():L86 dbus-next is not installed. Cannot run inhibitor process.
2023-12-09 00:08:42,602 WARNING libqtile lifecycle.py:_atexit():L33 Restarting Qtile with os.execv(...)
2023-12-09 00:08:43,241 WARNING libqtile manager.py:grab_key():L477 Key spec duplicated, overriding previous: <Key (['mod4'], r)>
2023-12-09 00:08:43,367 WARNING libqtile sleep.py:start():L86 dbus-next is not installed. Cannot run inhibitor process.
2023-12-09 00:08:52,769 WARNING libqtile lifecycle.py:_atexit():L33 Restarting Qtile with os.execv(...)
2023-12-09 00:08:53,406 WARNING libqtile manager.py:grab_key():L477 Key spec duplicated, overriding previous: <Key (['mod4'], r)>
2023-12-09 00:08:53,533 WARNING libqtile sleep.py:start():L86 dbus-next is not installed. Cannot run inhibitor process.
2023-12-09 00:09:03,496 WARNING libqtile lifecycle.py:_atexit():L33 Restarting Qtile with os.execv(...)
2023-12-09 00:09:04,152 WARNING libqtile manager.py:grab_key():L477 Key spec duplicated, overriding previous: <Key (['mod4'], r)>
2023-12-09 00:09:04,271 WARNING libqtile sleep.py:start():L86 dbus-next is not installed. Cannot run inhibitor process.
2023-12-09 00:09:12,434 WARNING libqtile lifecycle.py:_atexit():L33 Restarting Qtile with os.execv(...)
2023-12-09 00:09:13,084 WARNING libqtile manager.py:grab_key():L477 Key spec duplicated, overriding previous: <Key (['mod4'], r)>
2023-12-09 00:09:13,213 WARNING libqtile sleep.py:start():L86 dbus-next is not installed. Cannot run inhibitor process.
2023-12-09 00:09:24,329 WARNING libqtile lifecycle.py:_atexit():L33 Restarting Qtile with os.execv(...)
2023-12-09 00:09:24,985 WARNING libqtile manager.py:grab_key():L477 Key spec duplicated, overriding previous: <Key (['mod4'], r)>
2023-12-09 00:09:25,114 WARNING libqtile sleep.py:start():L86 dbus-next is not installed. Cannot run inhibitor process.
2023-12-09 00:09:32,961 WARNING libqtile lifecycle.py:_atexit():L33 Restarting Qtile with os.execv(...)
2023-12-09 00:09:33,614 WARNING libqtile manager.py:grab_key():L477 Key spec duplicated, overriding previous: <Key (['mod4'], r)>
2023-12-09 00:09:33,740 WARNING libqtile sleep.py:start():L86 dbus-next is not installed. Cannot run inhibitor process.
2023-12-09 00:09:48,109 WARNING libqtile lifecycle.py:_atexit():L33 Restarting Qtile with os.execv(...)
2023-12-09 00:09:48,760 WARNING libqtile manager.py:grab_key():L477 Key spec duplicated, overriding previous: <Key (['mod4'], r)>
2023-12-09 00:09:48,878 WARNING libqtile sleep.py:start():L86 dbus-next is not installed. Cannot run inhibitor process.
2023-12-09 00:10:04,869 WARNING libqtile lifecycle.py:_atexit():L33 Restarting Qtile with os.execv(...)
2023-12-09 00:10:05,521 WARNING libqtile manager.py:grab_key():L477 Key spec duplicated, overriding previous: <Key (['mod4'], r)>
2023-12-09 00:10:05,646 WARNING libqtile sleep.py:start():L86 dbus-next is not installed. Cannot run inhibitor process.
2023-12-09 00:10:14,352 WARNING libqtile lifecycle.py:_atexit():L33 Restarting Qtile with os.execv(...)
2023-12-09 00:10:14,988 WARNING libqtile manager.py:grab_key():L477 Key spec duplicated, overriding previous: <Key (['mod4'], r)>
2023-12-09 00:10:15,113 WARNING libqtile sleep.py:start():L86 dbus-next is not installed. Cannot run inhibitor process.
2023-12-09 00:10:15,131 ERROR libqtile loop.py:_handle_exception():L62 Exception in event loop:
Traceback (most recent call last):
  File "/usr/lib/python3.11/asyncio/events.py", line 80, in _run
    self._context.run(self._callback, *self._args)
  File "/usr/lib/python3.11/site-packages/libqtile/core/manager.py", line 937, in f
    func(*args)
  File "/usr/lib/python3.11/site-packages/libqtile/bar.py", line 673, in _actual_draw
    i.draw()
  File "/usr/lib/python3.11/site-packages/libqtile/widget/base.py", line 663, in draw
    self.drawer.draw(
  File "/usr/lib/python3.11/site-packages/libqtile/backend/base/drawer.py", line 216, in draw
    self._draw(
  File "/usr/lib/python3.11/site-packages/libqtile/backend/x11/drawer.py", line 194, in _draw
    self.qtile.core.conn.conn.core.CopyArea(
  File "/usr/lib/python3.11/site-packages/xcffib/xproto.py", line 3151, in CopyArea
    buf.write(struct.pack("=xx2xIIIhhhhHH", src_drawable, dst_drawable, gc, src_x, src_y, dst_x, dst_y, width, height))
              ^^^^^^^^^^^^^^^^^^^^^^^^^^^^^^^^^^^^^^^^^^^^^^^^^^^^^^^^^^^^^^^^^^^^^^^^^^^^^^^^^^^^^^^^^^^^^^^^^^^^^^^^
struct.error: ushort format requires 0 <= number <= 65535
2023-12-09 00:10:15,154 ERROR libqtile loop.py:_handle_exception():L62 Exception in event loop:
Traceback (most recent call last):
  File "/usr/lib/python3.11/asyncio/events.py", line 80, in _run
    self._context.run(self._callback, *self._args)
  File "/usr/lib/python3.11/site-packages/libqtile/core/manager.py", line 937, in f
    func(*args)
  File "/usr/lib/python3.11/site-packages/libqtile/bar.py", line 673, in _actual_draw
    i.draw()
  File "/usr/lib/python3.11/site-packages/libqtile/widget/base.py", line 663, in draw
    self.drawer.draw(
  File "/usr/lib/python3.11/site-packages/libqtile/backend/base/drawer.py", line 216, in draw
    self._draw(
  File "/usr/lib/python3.11/site-packages/libqtile/backend/x11/drawer.py", line 194, in _draw
    self.qtile.core.conn.conn.core.CopyArea(
  File "/usr/lib/python3.11/site-packages/xcffib/xproto.py", line 3151, in CopyArea
    buf.write(struct.pack("=xx2xIIIhhhhHH", src_drawable, dst_drawable, gc, src_x, src_y, dst_x, dst_y, width, height))
              ^^^^^^^^^^^^^^^^^^^^^^^^^^^^^^^^^^^^^^^^^^^^^^^^^^^^^^^^^^^^^^^^^^^^^^^^^^^^^^^^^^^^^^^^^^^^^^^^^^^^^^^^
struct.error: ushort format requires 0 <= number <= 65535
2023-12-09 00:10:15,948 ERROR libqtile loop.py:_handle_exception():L62 Exception in event loop:
Traceback (most recent call last):
  File "/usr/lib/python3.11/asyncio/events.py", line 80, in _run
    self._context.run(self._callback, *self._args)
  File "/usr/lib/python3.11/site-packages/libqtile/core/manager.py", line 937, in f
    func(*args)
  File "/usr/lib/python3.11/site-packages/libqtile/bar.py", line 673, in _actual_draw
    i.draw()
  File "/usr/lib/python3.11/site-packages/libqtile/widget/base.py", line 663, in draw
    self.drawer.draw(
  File "/usr/lib/python3.11/site-packages/libqtile/backend/base/drawer.py", line 216, in draw
    self._draw(
  File "/usr/lib/python3.11/site-packages/libqtile/backend/x11/drawer.py", line 194, in _draw
    self.qtile.core.conn.conn.core.CopyArea(
  File "/usr/lib/python3.11/site-packages/xcffib/xproto.py", line 3151, in CopyArea
    buf.write(struct.pack("=xx2xIIIhhhhHH", src_drawable, dst_drawable, gc, src_x, src_y, dst_x, dst_y, width, height))
              ^^^^^^^^^^^^^^^^^^^^^^^^^^^^^^^^^^^^^^^^^^^^^^^^^^^^^^^^^^^^^^^^^^^^^^^^^^^^^^^^^^^^^^^^^^^^^^^^^^^^^^^^
struct.error: ushort format requires 0 <= number <= 65535
2023-12-09 00:10:24,532 WARNING libqtile lifecycle.py:_atexit():L33 Restarting Qtile with os.execv(...)
2023-12-09 00:10:25,197 WARNING libqtile manager.py:grab_key():L477 Key spec duplicated, overriding previous: <Key (['mod4'], r)>
2023-12-09 00:10:25,326 WARNING libqtile sleep.py:start():L86 dbus-next is not installed. Cannot run inhibitor process.
2023-12-09 00:10:34,697 WARNING libqtile lifecycle.py:_atexit():L33 Restarting Qtile with os.execv(...)
2023-12-09 00:10:35,375 WARNING libqtile manager.py:grab_key():L477 Key spec duplicated, overriding previous: <Key (['mod4'], r)>
2023-12-09 00:10:35,513 WARNING libqtile sleep.py:start():L86 dbus-next is not installed. Cannot run inhibitor process.
2023-12-09 00:10:40,999 WARNING libqtile lifecycle.py:_atexit():L33 Restarting Qtile with os.execv(...)
2023-12-09 00:10:41,650 WARNING libqtile manager.py:grab_key():L477 Key spec duplicated, overriding previous: <Key (['mod4'], r)>
2023-12-09 00:10:41,773 WARNING libqtile sleep.py:start():L86 dbus-next is not installed. Cannot run inhibitor process.
2023-12-09 00:11:50,654 WARNING libqtile lifecycle.py:_atexit():L33 Restarting Qtile with os.execv(...)
2023-12-09 00:11:51,340 WARNING libqtile manager.py:grab_key():L477 Key spec duplicated, overriding previous: <Key (['mod4'], r)>
2023-12-09 00:11:51,482 WARNING libqtile sleep.py:start():L86 dbus-next is not installed. Cannot run inhibitor process.
2023-12-09 00:12:21,543 WARNING libqtile lifecycle.py:_atexit():L33 Restarting Qtile with os.execv(...)
2023-12-09 00:12:22,201 WARNING libqtile manager.py:grab_key():L477 Key spec duplicated, overriding previous: <Key (['mod4'], r)>
2023-12-09 00:12:22,337 WARNING libqtile sleep.py:start():L86 dbus-next is not installed. Cannot run inhibitor process.
2023-12-09 00:12:38,746 WARNING libqtile lifecycle.py:_atexit():L33 Restarting Qtile with os.execv(...)
2023-12-09 00:12:39,394 WARNING libqtile manager.py:grab_key():L477 Key spec duplicated, overriding previous: <Key (['mod4'], r)>
2023-12-09 00:12:39,530 WARNING libqtile sleep.py:start():L86 dbus-next is not installed. Cannot run inhibitor process.
2023-12-09 00:12:55,673 WARNING libqtile lifecycle.py:_atexit():L33 Restarting Qtile with os.execv(...)
2023-12-09 00:12:56,365 WARNING libqtile manager.py:grab_key():L477 Key spec duplicated, overriding previous: <Key (['mod4'], r)>
2023-12-09 00:12:56,505 WARNING libqtile sleep.py:start():L86 dbus-next is not installed. Cannot run inhibitor process.
2023-12-09 00:13:07,804 WARNING libqtile lifecycle.py:_atexit():L33 Restarting Qtile with os.execv(...)
2023-12-09 00:13:08,442 WARNING libqtile manager.py:grab_key():L477 Key spec duplicated, overriding previous: <Key (['mod4'], r)>
2023-12-09 00:13:08,588 WARNING libqtile sleep.py:start():L86 dbus-next is not installed. Cannot run inhibitor process.
2023-12-09 00:13:16,286 WARNING libqtile lifecycle.py:_atexit():L33 Restarting Qtile with os.execv(...)
2023-12-09 00:13:16,921 WARNING libqtile manager.py:grab_key():L477 Key spec duplicated, overriding previous: <Key (['mod4'], r)>
2023-12-09 00:13:17,066 WARNING libqtile sleep.py:start():L86 dbus-next is not installed. Cannot run inhibitor process.
2023-12-09 00:13:26,731 WARNING libqtile lifecycle.py:_atexit():L33 Restarting Qtile with os.execv(...)
2023-12-09 00:13:27,392 WARNING libqtile manager.py:grab_key():L477 Key spec duplicated, overriding previous: <Key (['mod4'], r)>
2023-12-09 00:13:27,538 WARNING libqtile sleep.py:start():L86 dbus-next is not installed. Cannot run inhibitor process.
2023-12-09 00:13:27,569 ERROR libqtile loop.py:_handle_exception():L62 Exception in event loop:
Traceback (most recent call last):
  File "/usr/lib/python3.11/asyncio/events.py", line 80, in _run
    self._context.run(self._callback, *self._args)
  File "/usr/lib/python3.11/site-packages/libqtile/core/manager.py", line 937, in f
    func(*args)
  File "/usr/lib/python3.11/site-packages/libqtile/bar.py", line 673, in _actual_draw
    i.draw()
  File "/usr/lib/python3.11/site-packages/libqtile/widget/currentlayout.py", line 168, in draw
    self.drawer.draw(offsetx=self.offset, offsety=self.offsety, width=self.length)
  File "/usr/lib/python3.11/site-packages/libqtile/backend/base/drawer.py", line 216, in draw
    self._draw(
  File "/usr/lib/python3.11/site-packages/libqtile/backend/x11/drawer.py", line 194, in _draw
    self.qtile.core.conn.conn.core.CopyArea(
  File "/usr/lib/python3.11/site-packages/xcffib/xproto.py", line 3151, in CopyArea
    buf.write(struct.pack("=xx2xIIIhhhhHH", src_drawable, dst_drawable, gc, src_x, src_y, dst_x, dst_y, width, height))
              ^^^^^^^^^^^^^^^^^^^^^^^^^^^^^^^^^^^^^^^^^^^^^^^^^^^^^^^^^^^^^^^^^^^^^^^^^^^^^^^^^^^^^^^^^^^^^^^^^^^^^^^^
struct.error: ushort format requires 0 <= number <= 65535
2023-12-09 00:13:27,591 ERROR libqtile loop.py:_handle_exception():L62 Exception in event loop:
Traceback (most recent call last):
  File "/usr/lib/python3.11/asyncio/events.py", line 80, in _run
    self._context.run(self._callback, *self._args)
  File "/usr/lib/python3.11/site-packages/libqtile/core/manager.py", line 937, in f
    func(*args)
  File "/usr/lib/python3.11/site-packages/libqtile/bar.py", line 673, in _actual_draw
    i.draw()
  File "/usr/lib/python3.11/site-packages/libqtile/widget/currentlayout.py", line 168, in draw
    self.drawer.draw(offsetx=self.offset, offsety=self.offsety, width=self.length)
  File "/usr/lib/python3.11/site-packages/libqtile/backend/base/drawer.py", line 216, in draw
    self._draw(
  File "/usr/lib/python3.11/site-packages/libqtile/backend/x11/drawer.py", line 194, in _draw
    self.qtile.core.conn.conn.core.CopyArea(
  File "/usr/lib/python3.11/site-packages/xcffib/xproto.py", line 3151, in CopyArea
    buf.write(struct.pack("=xx2xIIIhhhhHH", src_drawable, dst_drawable, gc, src_x, src_y, dst_x, dst_y, width, height))
              ^^^^^^^^^^^^^^^^^^^^^^^^^^^^^^^^^^^^^^^^^^^^^^^^^^^^^^^^^^^^^^^^^^^^^^^^^^^^^^^^^^^^^^^^^^^^^^^^^^^^^^^^
struct.error: ushort format requires 0 <= number <= 65535
2023-12-09 00:13:28,563 ERROR libqtile loop.py:_handle_exception():L62 Exception in event loop:
Traceback (most recent call last):
  File "/usr/lib/python3.11/asyncio/events.py", line 80, in _run
    self._context.run(self._callback, *self._args)
  File "/usr/lib/python3.11/site-packages/libqtile/core/manager.py", line 937, in f
    func(*args)
  File "/usr/lib/python3.11/site-packages/libqtile/bar.py", line 673, in _actual_draw
    i.draw()
  File "/usr/lib/python3.11/site-packages/libqtile/widget/base.py", line 663, in draw
    self.drawer.draw(
  File "/usr/lib/python3.11/site-packages/libqtile/backend/base/drawer.py", line 216, in draw
    self._draw(
  File "/usr/lib/python3.11/site-packages/libqtile/backend/x11/drawer.py", line 194, in _draw
    self.qtile.core.conn.conn.core.CopyArea(
  File "/usr/lib/python3.11/site-packages/xcffib/xproto.py", line 3151, in CopyArea
    buf.write(struct.pack("=xx2xIIIhhhhHH", src_drawable, dst_drawable, gc, src_x, src_y, dst_x, dst_y, width, height))
              ^^^^^^^^^^^^^^^^^^^^^^^^^^^^^^^^^^^^^^^^^^^^^^^^^^^^^^^^^^^^^^^^^^^^^^^^^^^^^^^^^^^^^^^^^^^^^^^^^^^^^^^^
struct.error: ushort format requires 0 <= number <= 65535
2023-12-09 00:13:36,096 WARNING libqtile lifecycle.py:_atexit():L33 Restarting Qtile with os.execv(...)
2023-12-09 00:13:36,769 WARNING libqtile manager.py:grab_key():L477 Key spec duplicated, overriding previous: <Key (['mod4'], r)>
2023-12-09 00:13:36,897 WARNING libqtile sleep.py:start():L86 dbus-next is not installed. Cannot run inhibitor process.
2023-12-09 00:13:44,447 WARNING libqtile lifecycle.py:_atexit():L33 Restarting Qtile with os.execv(...)
2023-12-09 00:13:45,122 WARNING libqtile manager.py:grab_key():L477 Key spec duplicated, overriding previous: <Key (['mod4'], r)>
2023-12-09 00:13:45,262 WARNING libqtile sleep.py:start():L86 dbus-next is not installed. Cannot run inhibitor process.
2023-12-09 00:15:09,697 WARNING libqtile lifecycle.py:_atexit():L33 Restarting Qtile with os.execv(...)
2023-12-09 00:15:10,390 WARNING libqtile manager.py:grab_key():L477 Key spec duplicated, overriding previous: <Key (['mod4'], r)>
2023-12-09 00:15:10,512 WARNING libqtile sleep.py:start():L86 dbus-next is not installed. Cannot run inhibitor process.
2023-12-09 00:15:20,861 WARNING libqtile lifecycle.py:_atexit():L33 Restarting Qtile with os.execv(...)
2023-12-09 00:15:21,523 WARNING libqtile manager.py:grab_key():L477 Key spec duplicated, overriding previous: <Key (['mod4'], r)>
2023-12-09 00:15:21,649 WARNING libqtile sleep.py:start():L86 dbus-next is not installed. Cannot run inhibitor process.
2023-12-09 00:15:32,944 WARNING libqtile lifecycle.py:_atexit():L33 Restarting Qtile with os.execv(...)
2023-12-09 00:15:33,622 WARNING libqtile manager.py:grab_key():L477 Key spec duplicated, overriding previous: <Key (['mod4'], r)>
2023-12-09 00:15:33,755 WARNING libqtile sleep.py:start():L86 dbus-next is not installed. Cannot run inhibitor process.
2023-12-09 00:15:39,224 WARNING libqtile lifecycle.py:_atexit():L33 Restarting Qtile with os.execv(...)
2023-12-09 00:15:39,897 WARNING libqtile manager.py:grab_key():L477 Key spec duplicated, overriding previous: <Key (['mod4'], r)>
2023-12-09 00:15:40,043 WARNING libqtile sleep.py:start():L86 dbus-next is not installed. Cannot run inhibitor process.
2023-12-09 00:16:03,506 WARNING libqtile lifecycle.py:_atexit():L33 Restarting Qtile with os.execv(...)
2023-12-09 00:16:04,176 WARNING libqtile manager.py:grab_key():L477 Key spec duplicated, overriding previous: <Key (['mod4'], r)>
2023-12-09 00:16:04,314 WARNING libqtile sleep.py:start():L86 dbus-next is not installed. Cannot run inhibitor process.
2023-12-09 00:16:10,950 WARNING libqtile lifecycle.py:_atexit():L33 Restarting Qtile with os.execv(...)
2023-12-09 00:16:11,607 WARNING libqtile manager.py:grab_key():L477 Key spec duplicated, overriding previous: <Key (['mod4'], r)>
2023-12-09 00:16:11,749 WARNING libqtile sleep.py:start():L86 dbus-next is not installed. Cannot run inhibitor process.
2023-12-09 00:16:20,467 WARNING libqtile lifecycle.py:_atexit():L33 Restarting Qtile with os.execv(...)
2023-12-09 00:16:21,125 WARNING libqtile manager.py:grab_key():L477 Key spec duplicated, overriding previous: <Key (['mod4'], r)>
2023-12-09 00:16:21,258 WARNING libqtile sleep.py:start():L86 dbus-next is not installed. Cannot run inhibitor process.
2023-12-09 00:16:29,298 WARNING libqtile lifecycle.py:_atexit():L33 Restarting Qtile with os.execv(...)
2023-12-09 00:16:29,973 WARNING libqtile manager.py:grab_key():L477 Key spec duplicated, overriding previous: <Key (['mod4'], r)>
2023-12-09 00:16:30,116 WARNING libqtile sleep.py:start():L86 dbus-next is not installed. Cannot run inhibitor process.
2023-12-09 00:16:38,264 WARNING libqtile lifecycle.py:_atexit():L33 Restarting Qtile with os.execv(...)
2023-12-09 00:16:38,942 WARNING libqtile manager.py:grab_key():L477 Key spec duplicated, overriding previous: <Key (['mod4'], r)>
2023-12-09 00:16:39,082 WARNING libqtile sleep.py:start():L86 dbus-next is not installed. Cannot run inhibitor process.
2023-12-09 00:16:56,258 WARNING libqtile lifecycle.py:_atexit():L33 Restarting Qtile with os.execv(...)
2023-12-09 00:16:56,932 WARNING libqtile manager.py:grab_key():L477 Key spec duplicated, overriding previous: <Key (['mod4'], r)>
2023-12-09 00:16:57,058 WARNING libqtile sleep.py:start():L86 dbus-next is not installed. Cannot run inhibitor process.
2023-12-09 00:18:38,355 WARNING libqtile lifecycle.py:_atexit():L33 Restarting Qtile with os.execv(...)
2023-12-09 00:18:39,009 WARNING libqtile manager.py:grab_key():L477 Key spec duplicated, overriding previous: <Key (['mod4'], r)>
2023-12-09 00:18:39,148 WARNING libqtile sleep.py:start():L86 dbus-next is not installed. Cannot run inhibitor process.
2023-12-09 00:19:21,531 WARNING libqtile lifecycle.py:_atexit():L33 Restarting Qtile with os.execv(...)
2023-12-09 00:19:22,210 WARNING libqtile manager.py:grab_key():L477 Key spec duplicated, overriding previous: <Key (['mod4'], r)>
2023-12-09 00:19:22,358 WARNING libqtile sleep.py:start():L86 dbus-next is not installed. Cannot run inhibitor process.
2023-12-09 00:19:30,148 WARNING libqtile lifecycle.py:_atexit():L33 Restarting Qtile with os.execv(...)
2023-12-09 00:19:30,799 WARNING libqtile manager.py:grab_key():L477 Key spec duplicated, overriding previous: <Key (['mod4'], r)>
2023-12-09 00:19:30,929 WARNING libqtile sleep.py:start():L86 dbus-next is not installed. Cannot run inhibitor process.
2023-12-09 00:19:37,896 WARNING libqtile lifecycle.py:_atexit():L33 Restarting Qtile with os.execv(...)
2023-12-09 00:19:38,542 WARNING libqtile manager.py:grab_key():L477 Key spec duplicated, overriding previous: <Key (['mod4'], r)>
2023-12-09 00:19:38,700 WARNING libqtile sleep.py:start():L86 dbus-next is not installed. Cannot run inhibitor process.
2023-12-09 00:19:48,627 WARNING libqtile lifecycle.py:_atexit():L33 Restarting Qtile with os.execv(...)
2023-12-09 00:19:49,265 WARNING libqtile manager.py:grab_key():L477 Key spec duplicated, overriding previous: <Key (['mod4'], r)>
2023-12-09 00:19:49,410 WARNING libqtile sleep.py:start():L86 dbus-next is not installed. Cannot run inhibitor process.
2023-12-09 00:22:40,943 WARNING libqtile lifecycle.py:_atexit():L33 Restarting Qtile with os.execv(...)
2023-12-09 00:22:41,638 WARNING libqtile manager.py:grab_key():L477 Key spec duplicated, overriding previous: <Key (['mod4'], r)>
2023-12-09 00:22:41,774 WARNING libqtile sleep.py:start():L86 dbus-next is not installed. Cannot run inhibitor process.
2023-12-09 00:22:51,525 WARNING libqtile lifecycle.py:_atexit():L33 Restarting Qtile with os.execv(...)
2023-12-09 00:22:52,201 WARNING libqtile manager.py:grab_key():L477 Key spec duplicated, overriding previous: <Key (['mod4'], r)>
2023-12-09 00:22:52,325 WARNING libqtile sleep.py:start():L86 dbus-next is not installed. Cannot run inhibitor process.
2023-12-09 00:24:07,243 WARNING libqtile lifecycle.py:_atexit():L33 Restarting Qtile with os.execv(...)
2023-12-09 00:24:07,944 WARNING libqtile manager.py:grab_key():L477 Key spec duplicated, overriding previous: <Key (['mod4'], r)>
2023-12-09 00:24:08,067 WARNING libqtile sleep.py:start():L86 dbus-next is not installed. Cannot run inhibitor process.
2023-12-09 00:24:28,424 WARNING libqtile lifecycle.py:_atexit():L33 Restarting Qtile with os.execv(...)
2023-12-09 00:24:29,098 WARNING libqtile manager.py:grab_key():L477 Key spec duplicated, overriding previous: <Key (['mod4'], r)>
2023-12-09 00:24:29,236 WARNING libqtile sleep.py:start():L86 dbus-next is not installed. Cannot run inhibitor process.
2023-12-09 00:25:15,583 WARNING libqtile lifecycle.py:_atexit():L33 Restarting Qtile with os.execv(...)
2023-12-09 00:25:16,282 WARNING libqtile manager.py:grab_key():L477 Key spec duplicated, overriding previous: <Key (['mod4'], r)>
2023-12-09 00:25:16,415 WARNING libqtile sleep.py:start():L86 dbus-next is not installed. Cannot run inhibitor process.
2023-12-09 00:25:53,741 WARNING libqtile lifecycle.py:_atexit():L33 Restarting Qtile with os.execv(...)
2023-12-09 00:25:54,419 WARNING libqtile manager.py:grab_key():L477 Key spec duplicated, overriding previous: <Key (['mod4'], r)>
2023-12-09 00:25:54,540 WARNING libqtile sleep.py:start():L86 dbus-next is not installed. Cannot run inhibitor process.
2023-12-09 00:26:12,340 WARNING libqtile lifecycle.py:_atexit():L33 Restarting Qtile with os.execv(...)
2023-12-09 00:26:12,999 WARNING libqtile manager.py:grab_key():L477 Key spec duplicated, overriding previous: <Key (['mod4'], r)>
2023-12-09 00:26:13,131 WARNING libqtile sleep.py:start():L86 dbus-next is not installed. Cannot run inhibitor process.
2023-12-09 00:26:22,306 WARNING libqtile lifecycle.py:_atexit():L33 Restarting Qtile with os.execv(...)
2023-12-09 00:26:23,002 WARNING libqtile manager.py:grab_key():L477 Key spec duplicated, overriding previous: <Key (['mod4'], r)>
2023-12-09 00:26:23,135 WARNING libqtile sleep.py:start():L86 dbus-next is not installed. Cannot run inhibitor process.
2023-12-09 00:27:00,628 WARNING libqtile lifecycle.py:_atexit():L33 Restarting Qtile with os.execv(...)
2023-12-09 00:27:01,291 WARNING libqtile manager.py:grab_key():L477 Key spec duplicated, overriding previous: <Key (['mod4'], r)>
2023-12-09 00:27:01,428 WARNING libqtile sleep.py:start():L86 dbus-next is not installed. Cannot run inhibitor process.
2023-12-09 00:27:09,348 WARNING libqtile lifecycle.py:_atexit():L33 Restarting Qtile with os.execv(...)
2023-12-09 00:27:10,009 WARNING libqtile manager.py:grab_key():L477 Key spec duplicated, overriding previous: <Key (['mod4'], r)>
2023-12-09 00:27:10,155 WARNING libqtile sleep.py:start():L86 dbus-next is not installed. Cannot run inhibitor process.
2023-12-09 00:27:20,958 WARNING libqtile lifecycle.py:_atexit():L33 Restarting Qtile with os.execv(...)
2023-12-09 00:27:21,663 WARNING libqtile manager.py:grab_key():L477 Key spec duplicated, overriding previous: <Key (['mod4'], r)>
2023-12-09 00:27:21,787 WARNING libqtile sleep.py:start():L86 dbus-next is not installed. Cannot run inhibitor process.
2023-12-09 00:27:29,439 WARNING libqtile lifecycle.py:_atexit():L33 Restarting Qtile with os.execv(...)
2023-12-09 00:27:30,120 WARNING libqtile manager.py:grab_key():L477 Key spec duplicated, overriding previous: <Key (['mod4'], r)>
2023-12-09 00:27:30,252 WARNING libqtile sleep.py:start():L86 dbus-next is not installed. Cannot run inhibitor process.
2023-12-09 00:27:44,271 WARNING libqtile lifecycle.py:_atexit():L33 Restarting Qtile with os.execv(...)
2023-12-09 00:27:44,962 WARNING libqtile manager.py:grab_key():L477 Key spec duplicated, overriding previous: <Key (['mod4'], r)>
2023-12-09 00:27:45,092 WARNING libqtile sleep.py:start():L86 dbus-next is not installed. Cannot run inhibitor process.
2023-12-09 00:27:51,354 WARNING libqtile lifecycle.py:_atexit():L33 Restarting Qtile with os.execv(...)
2023-12-09 00:27:52,046 WARNING libqtile manager.py:grab_key():L477 Key spec duplicated, overriding previous: <Key (['mod4'], r)>
2023-12-09 00:27:52,176 WARNING libqtile sleep.py:start():L86 dbus-next is not installed. Cannot run inhibitor process.
2023-12-09 00:28:03,250 WARNING libqtile lifecycle.py:_atexit():L33 Restarting Qtile with os.execv(...)
2023-12-09 00:28:03,951 WARNING libqtile manager.py:grab_key():L477 Key spec duplicated, overriding previous: <Key (['mod4'], r)>
2023-12-09 00:28:04,093 WARNING libqtile sleep.py:start():L86 dbus-next is not installed. Cannot run inhibitor process.
2023-12-09 00:28:12,683 WARNING libqtile lifecycle.py:_atexit():L33 Restarting Qtile with os.execv(...)
2023-12-09 00:28:13,372 WARNING libqtile manager.py:grab_key():L477 Key spec duplicated, overriding previous: <Key (['mod4'], r)>
2023-12-09 00:28:13,515 WARNING libqtile sleep.py:start():L86 dbus-next is not installed. Cannot run inhibitor process.
2023-12-09 00:28:23,064 WARNING libqtile lifecycle.py:_atexit():L33 Restarting Qtile with os.execv(...)
2023-12-09 00:28:23,741 WARNING libqtile manager.py:grab_key():L477 Key spec duplicated, overriding previous: <Key (['mod4'], r)>
2023-12-09 00:28:23,887 WARNING libqtile sleep.py:start():L86 dbus-next is not installed. Cannot run inhibitor process.
2023-12-09 00:28:34,678 WARNING libqtile lifecycle.py:_atexit():L33 Restarting Qtile with os.execv(...)
2023-12-09 00:28:35,354 WARNING libqtile manager.py:grab_key():L477 Key spec duplicated, overriding previous: <Key (['mod4'], r)>
2023-12-09 00:28:35,490 WARNING libqtile sleep.py:start():L86 dbus-next is not installed. Cannot run inhibitor process.
2023-12-09 00:28:43,030 WARNING libqtile lifecycle.py:_atexit():L33 Restarting Qtile with os.execv(...)
2023-12-09 00:28:43,688 WARNING libqtile manager.py:grab_key():L477 Key spec duplicated, overriding previous: <Key (['mod4'], r)>
2023-12-09 00:28:43,822 WARNING libqtile sleep.py:start():L86 dbus-next is not installed. Cannot run inhibitor process.
2023-12-09 00:29:07,321 WARNING libqtile lifecycle.py:_atexit():L33 Restarting Qtile with os.execv(...)
2023-12-09 00:29:08,006 WARNING libqtile manager.py:grab_key():L477 Key spec duplicated, overriding previous: <Key (['mod4'], r)>
2023-12-09 00:29:08,126 WARNING libqtile sleep.py:start():L86 dbus-next is not installed. Cannot run inhibitor process.
2023-12-09 00:29:13,758 WARNING libqtile lifecycle.py:_atexit():L33 Restarting Qtile with os.execv(...)
2023-12-09 00:29:14,433 WARNING libqtile manager.py:grab_key():L477 Key spec duplicated, overriding previous: <Key (['mod4'], r)>
2023-12-09 00:29:14,562 WARNING libqtile sleep.py:start():L86 dbus-next is not installed. Cannot run inhibitor process.
2023-12-09 00:29:21,754 WARNING libqtile lifecycle.py:_atexit():L33 Restarting Qtile with os.execv(...)
2023-12-09 00:29:22,472 WARNING libqtile manager.py:grab_key():L477 Key spec duplicated, overriding previous: <Key (['mod4'], r)>
2023-12-09 00:29:22,607 WARNING libqtile sleep.py:start():L86 dbus-next is not installed. Cannot run inhibitor process.
2023-12-09 00:29:27,051 WARNING libqtile lifecycle.py:_atexit():L33 Restarting Qtile with os.execv(...)
2023-12-09 00:29:27,730 WARNING libqtile manager.py:grab_key():L477 Key spec duplicated, overriding previous: <Key (['mod4'], r)>
2023-12-09 00:29:27,861 WARNING libqtile sleep.py:start():L86 dbus-next is not installed. Cannot run inhibitor process.
2023-12-09 00:29:33,183 WARNING libqtile lifecycle.py:_atexit():L33 Restarting Qtile with os.execv(...)
2023-12-09 00:29:33,881 WARNING libqtile manager.py:grab_key():L477 Key spec duplicated, overriding previous: <Key (['mod4'], r)>
2023-12-09 00:29:34,009 WARNING libqtile sleep.py:start():L86 dbus-next is not installed. Cannot run inhibitor process.
2023-12-09 00:29:42,129 WARNING libqtile lifecycle.py:_atexit():L33 Restarting Qtile with os.execv(...)
2023-12-09 00:29:42,826 WARNING libqtile manager.py:grab_key():L477 Key spec duplicated, overriding previous: <Key (['mod4'], r)>
2023-12-09 00:29:42,956 WARNING libqtile sleep.py:start():L86 dbus-next is not installed. Cannot run inhibitor process.
2023-12-09 00:31:14,101 WARNING libqtile lifecycle.py:_atexit():L33 Restarting Qtile with os.execv(...)
2023-12-09 00:31:14,791 WARNING libqtile manager.py:grab_key():L477 Key spec duplicated, overriding previous: <Key (['mod4'], r)>
2023-12-09 00:31:14,943 WARNING libqtile sleep.py:start():L86 dbus-next is not installed. Cannot run inhibitor process.
2023-12-09 00:31:36,060 WARNING libqtile lifecycle.py:_atexit():L33 Restarting Qtile with os.execv(...)
2023-12-09 00:31:36,743 WARNING libqtile manager.py:grab_key():L477 Key spec duplicated, overriding previous: <Key (['mod4'], r)>
2023-12-09 00:31:36,875 WARNING libqtile sleep.py:start():L86 dbus-next is not installed. Cannot run inhibitor process.
2023-12-09 00:31:45,740 WARNING libqtile lifecycle.py:_atexit():L33 Restarting Qtile with os.execv(...)
2023-12-09 00:31:46,457 WARNING libqtile manager.py:grab_key():L477 Key spec duplicated, overriding previous: <Key (['mod4'], r)>
2023-12-09 00:31:46,586 WARNING libqtile sleep.py:start():L86 dbus-next is not installed. Cannot run inhibitor process.
2023-12-09 00:32:10,653 WARNING libqtile lifecycle.py:_atexit():L33 Restarting Qtile with os.execv(...)
2023-12-09 00:32:11,315 WARNING libqtile manager.py:grab_key():L477 Key spec duplicated, overriding previous: <Key (['mod4'], r)>
2023-12-09 00:32:11,446 WARNING libqtile sleep.py:start():L86 dbus-next is not installed. Cannot run inhibitor process.
2023-12-09 00:32:24,433 WARNING libqtile lifecycle.py:_atexit():L33 Restarting Qtile with os.execv(...)
2023-12-09 00:32:25,106 WARNING libqtile manager.py:grab_key():L477 Key spec duplicated, overriding previous: <Key (['mod4'], r)>
2023-12-09 00:32:25,243 WARNING libqtile sleep.py:start():L86 dbus-next is not installed. Cannot run inhibitor process.
2023-12-09 00:33:01,175 WARNING libqtile lifecycle.py:_atexit():L33 Restarting Qtile with os.execv(...)
2023-12-09 00:33:01,982 WARNING libqtile manager.py:grab_key():L477 Key spec duplicated, overriding previous: <Key (['mod4'], r)>
2023-12-09 00:33:02,135 WARNING libqtile sleep.py:start():L86 dbus-next is not installed. Cannot run inhibitor process.
2023-12-09 00:33:40,523 WARNING libqtile lifecycle.py:_atexit():L33 Restarting Qtile with os.execv(...)
2023-12-09 00:33:41,216 WARNING libqtile manager.py:grab_key():L477 Key spec duplicated, overriding previous: <Key (['mod4'], r)>
2023-12-09 00:33:41,355 WARNING libqtile sleep.py:start():L86 dbus-next is not installed. Cannot run inhibitor process.
2023-12-09 00:33:46,636 WARNING libqtile lifecycle.py:_atexit():L33 Restarting Qtile with os.execv(...)
2023-12-09 00:33:47,373 WARNING libqtile manager.py:grab_key():L477 Key spec duplicated, overriding previous: <Key (['mod4'], r)>
2023-12-09 00:33:47,513 WARNING libqtile sleep.py:start():L86 dbus-next is not installed. Cannot run inhibitor process.
2023-12-09 00:33:55,534 WARNING libqtile lifecycle.py:_atexit():L33 Restarting Qtile with os.execv(...)
2023-12-09 00:33:56,236 WARNING libqtile manager.py:grab_key():L477 Key spec duplicated, overriding previous: <Key (['mod4'], r)>
2023-12-09 00:33:56,367 WARNING libqtile sleep.py:start():L86 dbus-next is not installed. Cannot run inhibitor process.
2023-12-09 00:34:05,598 WARNING libqtile lifecycle.py:_atexit():L33 Restarting Qtile with os.execv(...)
2023-12-09 00:34:06,295 WARNING libqtile manager.py:grab_key():L477 Key spec duplicated, overriding previous: <Key (['mod4'], r)>
2023-12-09 00:34:06,426 WARNING libqtile sleep.py:start():L86 dbus-next is not installed. Cannot run inhibitor process.
2023-12-09 00:34:38,627 WARNING libqtile lifecycle.py:_atexit():L33 Restarting Qtile with os.execv(...)
2023-12-09 00:34:39,338 WARNING libqtile manager.py:grab_key():L477 Key spec duplicated, overriding previous: <Key (['mod4'], r)>
2023-12-09 00:34:39,475 WARNING libqtile sleep.py:start():L86 dbus-next is not installed. Cannot run inhibitor process.
2023-12-09 00:35:33,646 WARNING libqtile lifecycle.py:_atexit():L33 Restarting Qtile with os.execv(...)
2023-12-09 00:35:34,365 WARNING libqtile manager.py:grab_key():L477 Key spec duplicated, overriding previous: <Key (['mod4'], r)>
2023-12-09 00:35:34,510 WARNING libqtile sleep.py:start():L86 dbus-next is not installed. Cannot run inhibitor process.
2023-12-09 00:35:47,764 WARNING libqtile lifecycle.py:_atexit():L33 Restarting Qtile with os.execv(...)
2023-12-09 00:35:48,435 WARNING libqtile manager.py:grab_key():L477 Key spec duplicated, overriding previous: <Key (['mod4'], r)>
2023-12-09 00:35:48,577 WARNING libqtile sleep.py:start():L86 dbus-next is not installed. Cannot run inhibitor process.
2023-12-09 00:35:55,794 WARNING libqtile lifecycle.py:_atexit():L33 Restarting Qtile with os.execv(...)
2023-12-09 00:35:56,497 WARNING libqtile manager.py:grab_key():L477 Key spec duplicated, overriding previous: <Key (['mod4'], r)>
2023-12-09 00:35:56,629 WARNING libqtile sleep.py:start():L86 dbus-next is not installed. Cannot run inhibitor process.
2023-12-09 00:38:47,362 WARNING libqtile lifecycle.py:_atexit():L33 Restarting Qtile with os.execv(...)
2023-12-09 00:38:48,042 WARNING libqtile manager.py:grab_key():L477 Key spec duplicated, overriding previous: <Key (['mod4'], r)>
2023-12-09 00:38:48,177 WARNING libqtile sleep.py:start():L86 dbus-next is not installed. Cannot run inhibitor process.
2023-12-09 00:39:05,663 WARNING libqtile lifecycle.py:_atexit():L33 Restarting Qtile with os.execv(...)
2023-12-09 00:39:06,329 WARNING libqtile manager.py:grab_key():L477 Key spec duplicated, overriding previous: <Key (['mod4'], r)>
2023-12-09 00:39:06,455 WARNING libqtile sleep.py:start():L86 dbus-next is not installed. Cannot run inhibitor process.
2023-12-09 00:39:28,538 WARNING libqtile lifecycle.py:_atexit():L33 Restarting Qtile with os.execv(...)
2023-12-09 00:39:29,191 WARNING libqtile manager.py:grab_key():L477 Key spec duplicated, overriding previous: <Key (['mod4'], r)>
2023-12-09 00:39:29,333 WARNING libqtile sleep.py:start():L86 dbus-next is not installed. Cannot run inhibitor process.
2023-12-09 00:39:45,236 WARNING libqtile lifecycle.py:_atexit():L33 Restarting Qtile with os.execv(...)
2023-12-09 00:39:45,941 WARNING libqtile manager.py:grab_key():L477 Key spec duplicated, overriding previous: <Key (['mod4'], r)>
2023-12-09 00:39:46,077 WARNING libqtile sleep.py:start():L86 dbus-next is not installed. Cannot run inhibitor process.
2023-12-09 00:39:58,114 WARNING libqtile lifecycle.py:_atexit():L33 Restarting Qtile with os.execv(...)
2023-12-09 00:39:58,771 WARNING libqtile manager.py:grab_key():L477 Key spec duplicated, overriding previous: <Key (['mod4'], r)>
2023-12-09 00:39:58,899 WARNING libqtile sleep.py:start():L86 dbus-next is not installed. Cannot run inhibitor process.
2023-12-09 00:40:31,771 ERROR libqtile manager.py:spawn():L1252 couldn't find `scrot`
2023-12-09 00:42:26,190 WARNING libqtile lifecycle.py:_atexit():L33 Restarting Qtile with os.execv(...)
2023-12-09 00:42:26,896 WARNING libqtile manager.py:grab_key():L477 Key spec duplicated, overriding previous: <Key (['mod4'], r)>
2023-12-09 00:42:27,038 WARNING libqtile sleep.py:start():L86 dbus-next is not installed. Cannot run inhibitor process.
2023-12-09 00:43:56,119 WARNING libqtile lifecycle.py:_atexit():L33 Restarting Qtile with os.execv(...)
2023-12-09 00:43:56,811 WARNING libqtile manager.py:grab_key():L477 Key spec duplicated, overriding previous: <Key (['mod4'], r)>
2023-12-09 00:43:56,960 WARNING libqtile sleep.py:start():L86 dbus-next is not installed. Cannot run inhibitor process.
2023-12-09 00:44:25,371 WARNING libqtile lifecycle.py:_atexit():L37 Qtile will now terminate
2023-12-09 00:44:33,088 WARNING libqtile manager.py:grab_key():L477 Key spec duplicated, overriding previous: <Key (['mod4'], r)>
2023-12-09 00:44:33,099 WARNING libqtile sleep.py:start():L86 dbus-next is not installed. Cannot run inhibitor process.
2023-12-09 01:42:58,000 WARNING libqtile lifecycle.py:_atexit():L37 Qtile will now terminate
2023-12-09 10:44:09,385 WARNING libqtile manager.py:grab_key():L477 Key spec duplicated, overriding previous: <Key (['mod4'], r)>
2023-12-09 10:44:09,485 WARNING libqtile sleep.py:start():L86 dbus-next is not installed. Cannot run inhibitor process.
2023-12-09 10:46:11,550 WARNING libqtile lifecycle.py:_atexit():L37 Qtile will now terminate
2023-12-09 10:47:32,280 WARNING libqtile manager.py:grab_key():L477 Key spec duplicated, overriding previous: <Key (['mod4'], r)>
2023-12-09 10:47:32,392 WARNING libqtile sleep.py:start():L86 dbus-next is not installed. Cannot run inhibitor process.
2023-12-09 10:58:23,996 WARNING libqtile lifecycle.py:_atexit():L37 Qtile will now terminate
2023-12-09 10:58:45,536 WARNING libqtile manager.py:grab_key():L477 Key spec duplicated, overriding previous: <Key (['mod4'], r)>
2023-12-09 10:58:45,547 WARNING libqtile sleep.py:start():L86 dbus-next is not installed. Cannot run inhibitor process.
2023-12-09 11:03:32,898 WARNING libqtile lifecycle.py:_atexit():L33 Restarting Qtile with os.execv(...)
2023-12-09 11:03:33,575 WARNING libqtile manager.py:grab_key():L477 Key spec duplicated, overriding previous: <Key (['mod4'], r)>
2023-12-09 11:03:33,590 WARNING libqtile sleep.py:start():L86 dbus-next is not installed. Cannot run inhibitor process.
2023-12-09 11:03:39,409 WARNING libqtile lifecycle.py:_atexit():L37 Qtile will now terminate
2023-12-09 11:04:38,905 WARNING libqtile manager.py:grab_key():L477 Key spec duplicated, overriding previous: <Key (['mod4'], r)>
2023-12-09 11:04:38,916 WARNING libqtile sleep.py:start():L86 dbus-next is not installed. Cannot run inhibitor process.
2023-12-09 11:06:36,711 WARNING libqtile lifecycle.py:_atexit():L37 Qtile will now terminate
2023-12-09 11:06:46,579 WARNING libqtile manager.py:grab_key():L477 Key spec duplicated, overriding previous: <Key (['mod4'], r)>
2023-12-09 11:06:46,590 WARNING libqtile sleep.py:start():L86 dbus-next is not installed. Cannot run inhibitor process.
2023-12-09 11:10:24,915 WARNING libqtile lifecycle.py:_atexit():L37 Qtile will now terminate
2023-12-09 11:10:44,934 WARNING libqtile manager.py:grab_key():L477 Key spec duplicated, overriding previous: <Key (['mod4'], r)>
2023-12-09 11:10:44,945 WARNING libqtile sleep.py:start():L86 dbus-next is not installed. Cannot run inhibitor process.
2023-12-09 11:40:12,790 WARNING libqtile lifecycle.py:_atexit():L33 Restarting Qtile with os.execv(...)
2023-12-09 11:40:16,481 WARNING libqtile manager.py:grab_key():L477 Key spec duplicated, overriding previous: <Key (['mod4'], r)>
2023-12-09 11:40:16,499 WARNING libqtile sleep.py:start():L86 dbus-next is not installed. Cannot run inhibitor process.
2023-12-09 11:40:32,512 WARNING libqtile lifecycle.py:_atexit():L33 Restarting Qtile with os.execv(...)
2023-12-09 11:40:33,178 WARNING libqtile manager.py:grab_key():L477 Key spec duplicated, overriding previous: <Key (['mod4'], r)>
2023-12-09 11:40:33,195 WARNING libqtile sleep.py:start():L86 dbus-next is not installed. Cannot run inhibitor process.
2023-12-09 11:46:54,124 WARNING libqtile lifecycle.py:_atexit():L37 Qtile will now terminate
2023-12-09 11:48:56,001 WARNING libqtile manager.py:grab_key():L477 Key spec duplicated, overriding previous: <Key (['mod4'], r)>
2023-12-09 11:48:56,038 WARNING libqtile sleep.py:start():L86 dbus-next is not installed. Cannot run inhibitor process.
2023-12-09 11:52:30,010 WARNING libqtile lifecycle.py:_atexit():L37 Qtile will now terminate
2023-12-09 11:52:42,008 WARNING libqtile manager.py:grab_key():L477 Key spec duplicated, overriding previous: <Key (['mod4'], r)>
2023-12-09 11:52:42,018 WARNING libqtile sleep.py:start():L86 dbus-next is not installed. Cannot run inhibitor process.
2023-12-09 11:57:19,763 WARNING libqtile lifecycle.py:_atexit():L33 Restarting Qtile with os.execv(...)
2023-12-09 11:57:20,486 WARNING libqtile manager.py:grab_key():L477 Key spec duplicated, overriding previous: <Key (['mod4'], r)>
2023-12-09 11:57:20,505 WARNING libqtile sleep.py:start():L86 dbus-next is not installed. Cannot run inhibitor process.
2023-12-09 11:58:45,129 ERROR libqtile core.py:_xpoll():L370 Got an exception in poll loop
Traceback (most recent call last):
  File "/usr/lib/python3.11/site-packages/libqtile/backend/x11/core.py", line 322, in _xpoll
    event = self.conn.conn.poll_for_event()
            ^^^^^^^^^^^^^^^^^^^^^^^^^^^^^^^
  File "/usr/lib/python3.11/site-packages/xcffib/__init__.py", line 579, in wrapper
    return f(*args)
           ^^^^^^^^
  File "/usr/lib/python3.11/site-packages/xcffib/__init__.py", line 620, in poll_for_event
    return self.hoist_event(e)
           ^^^^^^^^^^^^^^^^^^^
  File "/usr/lib/python3.11/site-packages/xcffib/__init__.py", line 694, in hoist_event
    return self._process_error(ffi.cast("xcb_generic_error_t *", e))
           ^^^^^^^^^^^^^^^^^^^^^^^^^^^^^^^^^^^^^^^^^^^^^^^^^^^^^^^^^
  File "/usr/lib/python3.11/site-packages/xcffib/__init__.py", line 657, in _process_error
    raise error(buf)
xcffib.xproto.ValueError
2023-12-09 11:58:45,234 ERROR libqtile core.py:_xpoll():L370 Got an exception in poll loop
Traceback (most recent call last):
  File "/usr/lib/python3.11/site-packages/libqtile/backend/x11/core.py", line 322, in _xpoll
    event = self.conn.conn.poll_for_event()
            ^^^^^^^^^^^^^^^^^^^^^^^^^^^^^^^
  File "/usr/lib/python3.11/site-packages/xcffib/__init__.py", line 579, in wrapper
    return f(*args)
           ^^^^^^^^
  File "/usr/lib/python3.11/site-packages/xcffib/__init__.py", line 620, in poll_for_event
    return self.hoist_event(e)
           ^^^^^^^^^^^^^^^^^^^
  File "/usr/lib/python3.11/site-packages/xcffib/__init__.py", line 694, in hoist_event
    return self._process_error(ffi.cast("xcb_generic_error_t *", e))
           ^^^^^^^^^^^^^^^^^^^^^^^^^^^^^^^^^^^^^^^^^^^^^^^^^^^^^^^^^
  File "/usr/lib/python3.11/site-packages/xcffib/__init__.py", line 657, in _process_error
    raise error(buf)
xcffib.xproto.ValueError
2023-12-09 11:58:45,432 ERROR libqtile core.py:_xpoll():L370 Got an exception in poll loop
Traceback (most recent call last):
  File "/usr/lib/python3.11/site-packages/libqtile/backend/x11/core.py", line 322, in _xpoll
    event = self.conn.conn.poll_for_event()
            ^^^^^^^^^^^^^^^^^^^^^^^^^^^^^^^
  File "/usr/lib/python3.11/site-packages/xcffib/__init__.py", line 579, in wrapper
    return f(*args)
           ^^^^^^^^
  File "/usr/lib/python3.11/site-packages/xcffib/__init__.py", line 620, in poll_for_event
    return self.hoist_event(e)
           ^^^^^^^^^^^^^^^^^^^
  File "/usr/lib/python3.11/site-packages/xcffib/__init__.py", line 694, in hoist_event
    return self._process_error(ffi.cast("xcb_generic_error_t *", e))
           ^^^^^^^^^^^^^^^^^^^^^^^^^^^^^^^^^^^^^^^^^^^^^^^^^^^^^^^^^
  File "/usr/lib/python3.11/site-packages/xcffib/__init__.py", line 657, in _process_error
    raise error(buf)
xcffib.xproto.ValueError
2023-12-09 11:59:36,944 WARNING libqtile lifecycle.py:_atexit():L33 Restarting Qtile with os.execv(...)
2023-12-09 11:59:37,623 WARNING libqtile manager.py:grab_key():L477 Key spec duplicated, overriding previous: <Key (['mod4'], r)>
2023-12-09 11:59:37,658 WARNING libqtile sleep.py:start():L86 dbus-next is not installed. Cannot run inhibitor process.
2023-12-09 11:59:50,369 ERROR libqtile core.py:_xpoll():L370 Got an exception in poll loop
Traceback (most recent call last):
  File "/usr/lib/python3.11/site-packages/libqtile/backend/x11/core.py", line 322, in _xpoll
    event = self.conn.conn.poll_for_event()
            ^^^^^^^^^^^^^^^^^^^^^^^^^^^^^^^
  File "/usr/lib/python3.11/site-packages/xcffib/__init__.py", line 579, in wrapper
    return f(*args)
           ^^^^^^^^
  File "/usr/lib/python3.11/site-packages/xcffib/__init__.py", line 620, in poll_for_event
    return self.hoist_event(e)
           ^^^^^^^^^^^^^^^^^^^
  File "/usr/lib/python3.11/site-packages/xcffib/__init__.py", line 694, in hoist_event
    return self._process_error(ffi.cast("xcb_generic_error_t *", e))
           ^^^^^^^^^^^^^^^^^^^^^^^^^^^^^^^^^^^^^^^^^^^^^^^^^^^^^^^^^
  File "/usr/lib/python3.11/site-packages/xcffib/__init__.py", line 657, in _process_error
    raise error(buf)
xcffib.xproto.ValueError
2023-12-09 12:02:54,450 WARNING libqtile lifecycle.py:_atexit():L33 Restarting Qtile with os.execv(...)
2023-12-09 12:02:55,090 WARNING libqtile manager.py:grab_key():L477 Key spec duplicated, overriding previous: <Key (['mod4'], r)>
2023-12-09 12:02:55,091 ERROR libqtile group.py:layout():L129 No such layout: zoomy
2023-12-09 12:02:55,104 WARNING libqtile sleep.py:start():L86 dbus-next is not installed. Cannot run inhibitor process.
2023-12-09 12:04:53,522 WARNING libqtile lifecycle.py:_atexit():L37 Qtile will now terminate
2023-12-09 17:52:57,529 WARNING libqtile manager.py:grab_key():L477 Key spec duplicated, overriding previous: <Key (['mod4'], r)>
2023-12-09 17:52:57,554 WARNING libqtile sleep.py:start():L86 dbus-next is not installed. Cannot run inhibitor process.
2023-12-09 18:02:58,341 ERROR libqtile manager.py:process_key_event():L453 KB command error kill: No object window in path 'window'
2023-12-09 18:03:02,261 WARNING libqtile lifecycle.py:_atexit():L37 Qtile will now terminate
2023-12-09 18:07:51,154 WARNING libqtile manager.py:grab_key():L477 Key spec duplicated, overriding previous: <Key (['mod4'], r)>
2023-12-09 18:07:51,227 WARNING libqtile sleep.py:start():L86 dbus-next is not installed. Cannot run inhibitor process.
2023-12-09 18:11:54,004 WARNING libqtile lifecycle.py:_atexit():L37 Qtile will now terminate
2023-12-27 16:38:36,932 WARNING libqtile manager.py:grab_key():L477 Key spec duplicated, overriding previous: <Key (['mod4'], r)>
2023-12-27 16:38:37,010 WARNING libqtile sleep.py:start():L86 dbus-next is not installed. Cannot run inhibitor process.
2023-12-27 17:56:16,847 ERROR libqtile manager.py:process_key_event():L453 KB command error kill: No object window in path 'window'
2023-12-27 18:24:19,810 WARNING libqtile lifecycle.py:_atexit():L37 Qtile will now terminate
2023-12-28 12:29:04,683 WARNING libqtile manager.py:grab_key():L477 Key spec duplicated, overriding previous: <Key (['mod4'], r)>
2023-12-28 12:29:04,771 WARNING libqtile sleep.py:start():L86 dbus-next is not installed. Cannot run inhibitor process.
